{"meta": {"format": 2, "version": "7.4.4", "timestamp": "2024-04-08T04:44:26.067395", "branch_coverage": true, "show_contexts": false}, "files": {"gef.py": {"executed_lines": [52, 53, 54, 55, 56, 57, 58, 59, 60, 61, 62, 63, 64, 65, 66, 67, 68, 69, 70, 71, 72, 73, 74, 75, 76, 77, 78, 79, 80, 81, 82, 83, 84, 85, 86, 89, 92, 93, 95, 98, 99, 100, 101, 102, 105, 110, 111, 119, 120, 121, 122, 124, 125, 127, 130, 131, 133, 134, 136, 137, 138, 139, 140, 141, 142, 143, 144, 145, 146, 148, 149, 150, 151, 153, 156, 160, 161, 162, 163, 165, 166, 169, 172, 173, 178, 179, 181, 183, 186, 199, 200, 202, 207, 209, 210, 211, 212, 213, 214, 215, 216, 218, 221, 223, 224, 228, 229, 232, 235, 236, 239, 240, 242, 243, 244, 246, 247, 261, 262, 264, 270, 271, 272, 273, 275, 282, 284, 286, 292, 298, 304, 310, 312, 313, 316, 318, 319, 322, 324, 325, 328, 330, 331, 334, 336, 337, 342, 344, 345, 350, 352, 353, 354, 362, 365, 366, 367, 368, 370, 372, 375, 378, 379, 380, 381, 385, 388, 390, 391, 392, 393, 394, 395, 396, 397, 399, 400, 401, 402, 403, 405, 406, 407, 408, 409, 412, 415, 416, 417, 418, 420, 423, 425, 426, 427, 428, 430, 431, 434, 435, 436, 437, 438, 441, 445, 448, 452, 454, 455, 456, 457, 458, 459, 460, 461, 463, 464, 465, 472, 473, 474, 476, 478, 480, 481, 484, 485, 486, 487, 488, 489, 490, 491, 492, 493, 495, 496, 497, 498, 499, 502, 503, 504, 523, 524, 525, 526, 527, 528, 529, 530, 531, 532, 533, 534, 535, 536, 537, 538, 539, 540, 541, 542, 543, 544, 545, 546, 548, 549, 551, 553, 554, 555, 556, 557, 558, 559, 560, 563, 564, 565, 566, 567, 568, 569, 571, 572, 573, 574, 575, 576, 577, 578, 579, 580, 581, 582, 584, 587, 588, 591, 592, 594, 595, 597, 598, 599, 600, 602, 603, 604, 607, 608, 609, 610, 611, 612, 613, 615, 616, 617, 618, 619, 620, 622, 623, 624, 625, 626, 627, 628, 629, 631, 632, 633, 634, 635, 636, 637, 639, 640, 641, 644, 645, 646, 648, 649, 650, 651, 652, 653, 654, 657, 658, 660, 661, 662, 663, 664, 665, 666, 667, 669, 672, 673, 675, 676, 678, 679, 680, 682, 684, 685, 689, 693, 696, 697, 703, 706, 710, 713, 714, 715, 717, 718, 720, 723, 727, 728, 731, 732, 733, 734, 735, 736, 738, 741, 743, 744, 745, 746, 748, 749, 751, 752, 755, 759, 760, 766, 767, 768, 770, 772, 773, 774, 775, 776, 777, 778, 779, 780, 781, 782, 783, 784, 786, 787, 788, 789, 790, 792, 793, 794, 795, 796, 797, 798, 799, 800, 801, 803, 804, 805, 806, 807, 808, 809, 810, 811, 812, 813, 814, 815, 816, 817, 818, 819, 820, 821, 822, 824, 825, 826, 827, 829, 831, 834, 835, 836, 837, 841, 844, 846, 848, 849, 853, 855, 858, 861, 862, 865, 868, 869, 872, 873, 877, 878, 880, 881, 882, 884, 885, 886, 887, 889, 890, 892, 893, 894, 895, 897, 898, 900, 903, 906, 907, 908, 910, 911, 912, 914, 915, 924, 925, 926, 927, 928, 929, 930, 931, 932, 933, 935, 936, 937, 938, 939, 940, 943, 944, 945, 946, 947, 949, 950, 951, 953, 954, 955, 957, 958, 959, 961, 962, 963, 965, 966, 967, 969, 970, 971, 973, 974, 975, 977, 978, 979, 981, 982, 983, 985, 986, 987, 990, 991, 992, 993, 994, 995, 996, 997, 998, 999, 1000, 1001, 1002, 1003, 1004, 1005, 1006, 1007, 1008, 1009, 1010, 1011, 1012, 1013, 1015, 1016, 1019, 1020, 1021, 1022, 1024, 1025, 1026, 1027, 1028, 1029, 1030, 1031, 1033, 1034, 1036, 1037, 1038, 1039, 1040, 1041, 1042, 1048, 1049, 1051, 1057, 1058, 1059, 1060, 1061, 1062, 1063, 1064, 1065, 1066, 1067, 1068, 1069, 1070, 1071, 1072, 1073, 1074, 1075, 1076, 1077, 1078, 1079, 1080, 1081, 1082, 1083, 1084, 1085, 1086, 1087, 1088, 1089, 1090, 1091, 1092, 1093, 1094, 1095, 1096, 1097, 1098, 1100, 1101, 1104, 1105, 1106, 1107, 1108, 1109, 1110, 1111, 1112, 1113, 1114, 1115, 1116, 1117, 1118, 1119, 1120, 1122, 1123, 1124, 1126, 1127, 1128, 1129, 1130, 1131, 1132, 1133, 1134, 1135, 1136, 1138, 1139, 1141, 1142, 1143, 1144, 1145, 1146, 1147, 1154, 1155, 1156, 1158, 1159, 1160, 1164, 1165, 1166, 1167, 1168, 1169, 1170, 1171, 1173, 1179, 1180, 1182, 1183, 1185, 1189, 1190, 1193, 1196, 1198, 1199, 1200, 1201, 1204, 1205, 1207, 1208, 1210, 1211, 1213, 1218, 1219, 1220, 1222, 1223, 1225, 1226, 1227, 1228, 1229, 1230, 1231, 1232, 1237, 1238, 1241, 1242, 1243, 1246, 1247, 1250, 1251, 1253, 1254, 1255, 1256, 1258, 1259, 1260, 1261, 1262, 1264, 1265, 1266, 1269, 1272, 1275, 1276, 1277, 1279, 1280, 1283, 1284, 1287, 1288, 1290, 1295, 1296, 1297, 1298, 1304, 1305, 1306, 1309, 1310, 1312, 1313, 1314, 1315, 1316, 1317, 1319, 1320, 1321, 1322, 1326, 1328, 1332, 1341, 1343, 1346, 1350, 1351, 1352, 1354, 1355, 1356, 1361, 1362, 1364, 1365, 1366, 1367, 1368, 1370, 1373, 1374, 1376, 1377, 1378, 1380, 1381, 1383, 1384, 1385, 1387, 1388, 1389, 1391, 1392, 1394, 1395, 1398, 1400, 1403, 1404, 1405, 1407, 1408, 1409, 1411, 1412, 1413, 1415, 1416, 1417, 1419, 1420, 1421, 1423, 1424, 1425, 1427, 1428, 1429, 1431, 1432, 1435, 1436, 1437, 1439, 1440, 1443, 1444, 1447, 1448, 1449, 1451, 1452, 1453, 1455, 1457, 1458, 1459, 1460, 1462, 1463, 1464, 1465, 1466, 1468, 1473, 1474, 1476, 1477, 1478, 1479, 1481, 1482, 1483, 1485, 1487, 1488, 1490, 1491, 1492, 1496, 1498, 1499, 1502, 1505, 1506, 1507, 1508, 1509, 1511, 1512, 1527, 1528, 1532, 1533, 1534, 1535, 1537, 1538, 1544, 1545, 1546, 1547, 1548, 1550, 1558, 1560, 1561, 1562, 1563, 1564, 1565, 1566, 1567, 1568, 1569, 1571, 1572, 1573, 1575, 1576, 1578, 1579, 1582, 1583, 1584, 1586, 1587, 1588, 1590, 1591, 1592, 1594, 1595, 1598, 1599, 1602, 1603, 1606, 1608, 1609, 1610, 1611, 1612, 1614, 1615, 1616, 1618, 1619, 1621, 1622, 1623, 1624, 1626, 1627, 1629, 1630, 1632, 1635, 1637, 1640, 1641, 1644, 1645, 1647, 1648, 1649, 1651, 1652, 1654, 1655, 1657, 1658, 1660, 1661, 1663, 1667, 1670, 1671, 1673, 1674, 1675, 1677, 1678, 1679, 1680, 1684, 1685, 1686, 1687, 1691, 1692, 1694, 1696, 1713, 1714, 1717, 1718, 1722, 1724, 1726, 1727, 1728, 1729, 1730, 1731, 1733, 1736, 1738, 1739, 1740, 1741, 1743, 1745, 1752, 1754, 1755, 1757, 1759, 1760, 1762, 1763, 1766, 1768, 1769, 1770, 1771, 1773, 1776, 1779, 1780, 1781, 1782, 1785, 1786, 1787, 1790, 1791, 1792, 1795, 1796, 1797, 1800, 1801, 1802, 1805, 1807, 1810, 1811, 1814, 1817, 1823, 1824, 1826, 1827, 1828, 1830, 1831, 1833, 1836, 1837, 1839, 1840, 1841, 1842, 1843, 1844, 1845, 1846, 1848, 1849, 1850, 1854, 1855, 1856, 1859, 1861, 1862, 1863, 1864, 1867, 1869, 1872, 1873, 1875, 1876, 1877, 1878, 1879, 1881, 1884, 1885, 1892, 1893, 1894, 1896, 1897, 1898, 1899, 1901, 1902, 1903, 1904, 1907, 1915, 1916, 1918, 1919, 1920, 1922, 1923, 1924, 1926, 1927, 1928, 1929, 1933, 1934, 1937, 1939, 1942, 1944, 1947, 1949, 1950, 1953, 1955, 1956, 1959, 1960, 1961, 1962, 1964, 1965, 1966, 1969, 1970, 1971, 1972, 1973, 1975, 1977, 1978, 1979, 1980, 1981, 1983, 1985, 1986, 1987, 1990, 2000, 2006, 2007, 2015, 2016, 2024, 2025, 2030, 2031, 2032, 2036, 2037, 2038, 2039, 2040, 2041, 2044, 2053, 2054, 2056, 2057, 2058, 2059, 2060, 2061, 2062, 2063, 2064, 2066, 2068, 2069, 2071, 2073, 2076, 2079, 2083, 2087, 2088, 2089, 2090, 2092, 2095, 2096, 2100, 2103, 2104, 2107, 2108, 2110, 2113, 2114, 2119, 2122, 2125, 2127, 2128, 2131, 2133, 2136, 2138, 2141, 2144, 2146, 2147, 2148, 2149, 2150, 2151, 2152, 2157, 2158, 2161, 2163, 2164, 2167, 2182, 2183, 2187, 2188, 2215, 2216, 2221, 2222, 2225, 2226, 2230, 2231, 2235, 2237, 2238, 2239, 2240, 2243, 2244, 2245, 2246, 2249, 2250, 2251, 2252, 2258, 2259, 2262, 2263, 2264, 2266, 2268, 2269, 2270, 2271, 2272, 2275, 2276, 2279, 2280, 2281, 2282, 2283, 2284, 2285, 2286, 2287, 2288, 2289, 2292, 2293, 2294, 2295, 2297, 2298, 2299, 2302, 2305, 2308, 2311, 2312, 2316, 2318, 2321, 2324, 2327, 2330, 2333, 2336, 2337, 2339, 2340, 2343, 2344, 2345, 2347, 2349, 2350, 2351, 2353, 2354, 2356, 2357, 2358, 2359, 2362, 2363, 2364, 2366, 2367, 2368, 2369, 2371, 2372, 2375, 2376, 2377, 2379, 2380, 2381, 2383, 2384, 2387, 2388, 2389, 2395, 2397, 2398, 2399, 2400, 2401, 2402, 2407, 2409, 2411, 2412, 2413, 2414, 2417, 2418, 2419, 2420, 2421, 2422, 2423, 2424, 2425, 2426, 2427, 2428, 2429, 2432, 2433, 2434, 2435, 2436, 2441, 2442, 2443, 2444, 2445, 2447, 2448, 2450, 2451, 2454, 2457, 2468, 2469, 2472, 2473, 2481, 2484, 2540, 2550, 2555, 2556, 2557, 2558, 2562, 2563, 2564, 2565, 2574, 2575, 2576, 2577, 2579, 2583, 2584, 2590, 2591, 2596, 2597, 2600, 2601, 2605, 2606, 2609, 2614, 2626, 2633, 2637, 2670, 2694, 2695, 2712, 2713, 2714, 2715, 2717, 2723, 2724, 2725, 2736, 2737, 2738, 2739, 2741, 2746, 2753, 2757, 2761, 2762, 2772, 2773, 2796, 2803, 2834, 2835, 2836, 2837, 2839, 2840, 2841, 2842, 2843, 2844, 2845, 2846, 2847, 2861, 2862, 2863, 2864, 2866, 2867, 2868, 2869, 2870, 2872, 2873, 2874, 2875, 2877, 2878, 2880, 2881, 2882, 2888, 2890, 2935, 2936, 2937, 2938, 2943, 2945, 2947, 2948, 2963, 2974, 2975, 2976, 2977, 2979, 2982, 2983, 2984, 2985, 2986, 2988, 2989, 2991, 2992, 3017, 3018, 3020, 3021, 3022, 3023, 3025, 3031, 3032, 3033, 3034, 3035, 3046, 3047, 3048, 3049, 3052, 3059, 3062, 3065, 3070, 3083, 3093, 3094, 3119, 3120, 3121, 3122, 3123, 3126, 3127, 3130, 3131, 3132, 3134, 3140, 3141, 3142, 3143, 3144, 3152, 3153, 3154, 3156, 3163, 3166, 3169, 3178, 3202, 3212, 3213, 3232, 3233, 3237, 3238, 3239, 3241, 3248, 3249, 3256, 3258, 3259, 3278, 3279, 3280, 3281, 3284, 3290, 3291, 3292, 3293, 3294, 3295, 3296, 3297, 3298, 3300, 3303, 3306, 3309, 3314, 3336, 3346, 3347, 3363, 3364, 3365, 3366, 3367, 3369, 3370, 3371, 3373, 3376, 3395, 3396, 3397, 3401, 3402, 3403, 3407, 3413, 3419, 3421, 3422, 3425, 3432, 3433, 3437, 3438, 3439, 3440, 3441, 3442, 3445, 3446, 3453, 3454, 3455, 3456, 3457, 3458, 3461, 3463, 3464, 3465, 3466, 3470, 3478, 3479, 3481, 3482, 3483, 3484, 3485, 3488, 3489, 3491, 3492, 3493, 3494, 3496, 3497, 3499, 3501, 3502, 3505, 3508, 3512, 3513, 3516, 3517, 3518, 3520, 3523, 3524, 3527, 3531, 3532, 3533, 3538, 3539, 3542, 3543, 3544, 3548, 3549, 3552, 3553, 3554, 3555, 3558, 3559, 3562, 3563, 3564, 3566, 3567, 3570, 3572, 3573, 3576, 3578, 3579, 3580, 3583, 3585, 3588, 3590, 3591, 3592, 3595, 3597, 3598, 3599, 3600, 3601, 3602, 3605, 3606, 3609, 3610, 3611, 3612, 3613, 3614, 3615, 3616, 3618, 3619, 3623, 3627, 3630, 3634, 3637, 3638, 3639, 3640, 3641, 3642, 3645, 3646, 3647, 3661, 3663, 3664, 3667, 3669, 3670, 3673, 3675, 3676, 3701, 3702, 3704, 3707, 3708, 3710, 3713, 3714, 3716, 3719, 3720, 3722, 3725, 3726, 3727, 3730, 3731, 3735, 3743, 3746, 3754, 3755, 3756, 3757, 3762, 3763, 3764, 3767, 3770, 3771, 3772, 3773, 3774, 3775, 3778, 3779, 3798, 3801, 3802, 3803, 3816, 3818, 3819, 3820, 3823, 3825, 3826, 3828, 3831, 3834, 3836, 3839, 3844, 3850, 3852, 3853, 3854, 3857, 3858, 3859, 3860, 3863, 3865, 3868, 3870, 3871, 3873, 3874, 3875, 3876, 3877, 3879, 3880, 3882, 3883, 3884, 3886, 3889, 3891, 3892, 3895, 3898, 3899, 3900, 3901, 3902, 3905, 3906, 3908, 3909, 3913, 3915, 3916, 3918, 3919, 3920, 3921, 3922, 3925, 3928, 3929, 3930, 3931, 3932, 3933, 3934, 3937, 3940, 3942, 3943, 3946, 3947, 3961, 3962, 3966, 3967, 3971, 3972, 3976, 3977, 3982, 3983, 3987, 3988, 3992, 3993, 3997, 3998, 4003, 4004, 4008, 4009, 4013, 4014, 4018, 4019, 4026, 4027, 4028, 4031, 4032, 4036, 4037, 4038, 4041, 4042, 4046, 4047, 4048, 4051, 4052, 4053, 4056, 4057, 4058, 4061, 4062, 4063, 4066, 4067, 4071, 4072, 4076, 4077, 4078, 4081, 4082, 4086, 4087, 4088, 4091, 4092, 4100, 4101, 4103, 4106, 4107, 4109, 4110, 4112, 4113, 4116, 4118, 4119, 4122, 4123, 4124, 4129, 4133, 4134, 4135, 4136, 4138, 4151, 4152, 4153, 4154, 4155, 4156, 4157, 4159, 4160, 4161, 4162, 4163, 4165, 4168, 4169, 4170, 4171, 4172, 4173, 4175, 4176, 4181, 4182, 4184, 4185, 4186, 4187, 4189, 4190, 4191, 4192, 4193, 4195, 4196, 4197, 4198, 4200, 4203, 4204, 4207, 4213, 4221, 4222, 4224, 4225, 4226, 4227, 4228, 4230, 4231, 4232, 4233, 4234, 4235, 4238, 4239, 4241, 4242, 4243, 4244, 4245, 4246, 4248, 4249, 4250, 4254, 4255, 4256, 4259, 4269, 4279, 4281, 4283, 4284, 4285, 4286, 4287, 4289, 4303, 4304, 4307, 4308, 4310, 4311, 4312, 4313, 4315, 4316, 4317, 4318, 4319, 4320, 4323, 4324, 4326, 4327, 4328, 4329, 4330, 4331, 4333, 4334, 4335, 4339, 4340, 4341, 4342, 4347, 4349, 4351, 4353, 4359, 4361, 4364, 4365, 4367, 4368, 4369, 4370, 4372, 4373, 4374, 4375, 4376, 4377, 4378, 4379, 4381, 4382, 4391, 4402, 4404, 4405, 4417, 4419, 4420, 4422, 4423, 4426, 4427, 4429, 4430, 4431, 4432, 4433, 4435, 4436, 4437, 4438, 4439, 4442, 4443, 4445, 4446, 4447, 4448, 4449, 4450, 4452, 4473, 4474, 4476, 4477, 4478, 4479, 4481, 4482, 4483, 4486, 4487, 4489, 4490, 4491, 4492, 4493, 4495, 4505, 4530, 4531, 4535, 4536, 4540, 4541, 4547, 4548, 4550, 4552, 4553, 4554, 4555, 4557, 4558, 4560, 4561, 4562, 4563, 4565, 4566, 4571, 4572, 4574, 4575, 4576, 4577, 4579, 4580, 4581, 4582, 4585, 4586, 4587, 4588, 4589, 4590, 4591, 4592, 4593, 4594, 4595, 4596, 4597, 4598, 4599, 4600, 4601, 4602, 4604, 4605, 4606, 4607, 4608, 4609, 4612, 4613, 4614, 4615, 4618, 4620, 4621, 4622, 4624, 4627, 4628, 4630, 4631, 4633, 4634, 4635, 4637, 4638, 4639, 4640, 4642, 4643, 4645, 4647, 4648, 4651, 4652, 4653, 4655, 4656, 4659, 4660, 4662, 4663, 4666, 4668, 4669, 4670, 4671, 4672, 4673, 4675, 4677, 4678, 4679, 4681, 4682, 4685, 4689, 4690, 4691, 4692, 4693, 4702, 4703, 4704, 4706, 4707, 4708, 4710, 4711, 4712, 4713, 4714, 4716, 4717, 4718, 4719, 4724, 4725, 4726, 4727, 4729, 4730, 4731, 4734, 4735, 4736, 4738, 4739, 4741, 4742, 4743, 4749, 4751, 4752, 4753, 4754, 4756, 4757, 4759, 4766, 4767, 4768, 4770, 4771, 4773, 4774, 4778, 4779, 4780, 4782, 4783, 4784, 4785, 4786, 4788, 4789, 4790, 4791, 4792, 4794, 4796, 4797, 4798, 4799, 4800, 4801, 4802, 4805, 4806, 4807, 4810, 4811, 4815, 4821, 4822, 4825, 4826, 4827, 4829, 4830, 4832, 4833, 4834, 4836, 4837, 4838, 4839, 4842, 4843, 4844, 4846, 4847, 4849, 4850, 4851, 4852, 4856, 4857, 4860, 4865, 4867, 4868, 4869, 4870, 4871, 4874, 4875, 4876, 4878, 4879, 4881, 4882, 4883, 4884, 4886, 4888, 4892, 4893, 4896, 4897, 4900, 4901, 4902, 4904, 4905, 4907, 4908, 4910, 4911, 4916, 4919, 4922, 4923, 4925, 4927, 4930, 4931, 4934, 4935, 4936, 4938, 4939, 4941, 4943, 4944, 4948, 4952, 4956, 4957, 4958, 4959, 4960, 4961, 4962, 4963, 4966, 4967, 4969, 4970, 4974, 4977, 4978, 4979, 4981, 4982, 4984, 5001, 5002, 5003, 5005, 5006, 5008, 5025, 5026, 5027, 5029, 5030, 5031, 5034, 5035, 5036, 5037, 5038, 5040, 5041, 5042, 5044, 5045, 5046, 5047, 5048, 5050, 5051, 5052, 5053, 5054, 5055, 5056, 5057, 5060, 5062, 5063, 5064, 5065, 5066, 5067, 5071, 5072, 5073, 5074, 5079, 5081, 5082, 5083, 5084, 5085, 5088, 5091, 5092, 5093, 5095, 5096, 5098, 5099, 5100, 5102, 5103, 5104, 5105, 5109, 5110, 5114, 5115, 5116, 5119, 5120, 5121, 5124, 5125, 5126, 5128, 5129, 5130, 5132, 5133, 5134, 5135, 5136, 5137, 5138, 5139, 5140, 5142, 5143, 5144, 5145, 5146, 5147, 5148, 5149, 5151, 5152, 5153, 5155, 5156, 5158, 5159, 5160, 5161, 5162, 5163, 5165, 5166, 5167, 5168, 5169, 5172, 5174, 5175, 5176, 5177, 5178, 5179, 5181, 5183, 5184, 5185, 5186, 5187, 5188, 5197, 5198, 5199, 5201, 5202, 5203, 5207, 5208, 5209, 5210, 5211, 5213, 5214, 5215, 5216, 5217, 5218, 5219, 5222, 5224, 5228, 5230, 5245, 5249, 5250, 5251, 5252, 5253, 5254, 5276, 5277, 5278, 5280, 5281, 5283, 5284, 5285, 5286, 5287, 5288, 5289, 5290, 5291, 5292, 5293, 5294, 5295, 5296, 5297, 5298, 5299, 5300, 5301, 5302, 5304, 5305, 5306, 5308, 5309, 5310, 5311, 5312, 5313, 5315, 5316, 5317, 5318, 5320, 5321, 5322, 5323, 5325, 5326, 5327, 5330, 5331, 5332, 5333, 5334, 5335, 5336, 5338, 5340, 5342, 5343, 5345, 5346, 5347, 5348, 5349, 5350, 5351, 5352, 5353, 5354, 5355, 5357, 5359, 5360, 5361, 5362, 5363, 5364, 5365, 5366, 5368, 5370, 5375, 5376, 5377, 5379, 5380, 5386, 5387, 5390, 5391, 5392, 5393, 5394, 5395, 5397, 5403, 5404, 5405, 5406, 5407, 5409, 5411, 5413, 5415, 5416, 5417, 5418, 5419, 5420, 5421, 5423, 5424, 5438, 5439, 5440, 5441, 5442, 5443, 5445, 5446, 5447, 5448, 5450, 5452, 5453, 5454, 5455, 5456, 5457, 5458, 5460, 5463, 5464, 5465, 5466, 5467, 5470, 5471, 5472, 5475, 5478, 5480, 5481, 5482, 5483, 5485, 5486, 5487, 5488, 5489, 5490, 5491, 5493, 5500, 5501, 5502, 5504, 5505, 5506, 5507, 5509, 5510, 5511, 5512, 5513, 5515, 5516, 5517, 5518, 5519, 5521, 5522, 5528, 5529, 5531, 5532, 5533, 5534, 5537, 5538, 5539, 5546, 5547, 5549, 5551, 5552, 5553, 5554, 5555, 5556, 5559, 5561, 5562, 5563, 5564, 5568, 5570, 5571, 5572, 5574, 5578, 5579, 5580, 5581, 5582, 5583, 5585, 5586, 5587, 5589, 5590, 5591, 5592, 5595, 5596, 5597, 5599, 5600, 5602, 5603, 5604, 5606, 5608, 5609, 5610, 5611, 5612, 5613, 5614, 5615, 5616, 5619, 5620, 5621, 5623, 5624, 5625, 5627, 5628, 5629, 5631, 5632, 5636, 5637, 5638, 5639, 5640, 5641, 5643, 5644, 5647, 5648, 5649, 5651, 5652, 5653, 5655, 5656, 5657, 5659, 5668, 5680, 5693, 5694, 5695, 5697, 5698, 5699, 5701, 5702, 5703, 5764, 5770, 5771, 5772, 5775, 5776, 5777, 5778, 5780, 5781, 5782, 5786, 5787, 5789, 5792, 5794, 5795, 5797, 5800, 5801, 5803, 5807, 5811, 5812, 5814, 5815, 5816, 5817, 5819, 5820, 5822, 5823, 5825, 5826, 5827, 5831, 5832, 5833, 5834, 5835, 5836, 5837, 5838, 5842, 5845, 5846, 5847, 5850, 5851, 5852, 5853, 5858, 5859, 5860, 5861, 5862, 5864, 5865, 5866, 5867, 5869, 5870, 5871, 5872, 5874, 5875, 5876, 5878, 5880, 5881, 5882, 5884, 5885, 5886, 5890, 5891, 5895, 5896, 5897, 5898, 5899, 5900, 5904, 5906, 5908, 5910, 5913, 5914, 5916, 5917, 5918, 5922, 5923, 5926, 5927, 5928, 5929, 5930, 5931, 5932, 5933, 5934, 5935, 5937, 5939, 5941, 5943, 5944, 5945, 5946, 5948, 5949, 5950, 5952, 5953, 5954, 5955, 5956, 5957, 5959, 5960, 5962, 5963, 5964, 5965, 5969, 5970, 5971, 5973, 5974, 5976, 5977, 5979, 5981, 5982, 5984, 5988, 5994, 6013, 6014, 6015, 6018, 6019, 6020, 6022, 6023, 6024, 6025, 6028, 6029, 6033, 6034, 6037, 6038, 6040, 6044, 6048, 6049, 6050, 6051, 6052, 6053, 6054, 6055, 6057, 6059, 6061, 6062, 6065, 6066, 6067, 6073, 6074, 6075, 6079, 6080, 6081, 6083, 6084, 6085, 6090, 6091, 6096, 6097, 6098, 6099, 6100, 6110, 6111, 6113, 6114, 6115, 6116, 6117, 6119, 6120, 6121, 6122, 6123, 6126, 6127, 6128, 6130, 6131, 6135, 6140, 6141, 6142, 6144, 6145, 6146, 6147, 6148, 6149, 6151, 6152, 6153, 6155, 6156, 6157, 6160, 6161, 6162, 6165, 6166, 6172, 6180, 6181, 6182, 6184, 6185, 6186, 6187, 6188, 6189, 6190, 6191, 6192, 6193, 6195, 6196, 6197, 6199, 6200, 6201, 6202, 6203, 6205, 6206, 6207, 6208, 6209, 6210, 6211, 6213, 6214, 6217, 6218, 6219, 6221, 6222, 6223, 6224, 6225, 6226, 6227, 6229, 6231, 6232, 6235, 6236, 6237, 6239, 6240, 6241, 6246, 6247, 6249, 6252, 6253, 6254, 6257, 6258, 6261, 6263, 6264, 6265, 6267, 6268, 6269, 6270, 6271, 6272, 6273, 6276, 6277, 6278, 6280, 6281, 6283, 6284, 6285, 6287, 6288, 6293, 6294, 6295, 6297, 6298, 6299, 6301, 6302, 6303, 6305, 6306, 6307, 6310, 6312, 6316, 6320, 6321, 6326, 6327, 6329, 6333, 6336, 6337, 6338, 6340, 6341, 6343, 6344, 6345, 6346, 6347, 6350, 6351, 6352, 6355, 6356, 6358, 6359, 6360, 6362, 6363, 6364, 6365, 6366, 6371, 6372, 6374, 6375, 6376, 6379, 6380, 6381, 6382, 6384, 6385, 6388, 6390, 6391, 6394, 6395, 6396, 6397, 6398, 6400, 6401, 6402, 6405, 6406, 6407, 6408, 6409, 6415, 6416, 6418, 6419, 6420, 6421, 6422, 6424, 6425, 6426, 6428, 6431, 6432, 6433, 6434, 6435, 6437, 6438, 6439, 6440, 6442, 6443, 6444, 6445, 6446, 6447, 6448, 6449, 6450, 6452, 6453, 6454, 6457, 6458, 6459, 6462, 6463, 6464, 6465, 6467, 6468, 6469, 6470, 6471, 6472, 6473, 6474, 6475, 6476, 6477, 6478, 6479, 6480, 6485, 6486, 6487, 6490, 6492, 6493, 6494, 6496, 6497, 6498, 6500, 6502, 6503, 6504, 6505, 6506, 6507, 6508, 6510, 6511, 6512, 6514, 6516, 6520, 6521, 6523, 6524, 6526, 6527, 6529, 6530, 6531, 6532, 6534, 6536, 6537, 6539, 6541, 6542, 6543, 6545, 6546, 6548, 6551, 6552, 6553, 6556, 6557, 6558, 6560, 6561, 6562, 6564, 6565, 6579, 6580, 6582, 6583, 6587, 6589, 6592, 6594, 6595, 6596, 6597, 6599, 6601, 6602, 6603, 6604, 6605, 6606, 6608, 6609, 6610, 6613, 6614, 6615, 6618, 6619, 6621, 6623, 6624, 6625, 6627, 6628, 6630, 6634, 6635, 6640, 6641, 6642, 6643, 6647, 6649, 6650, 6651, 6653, 6655, 6656, 6660, 6661, 6662, 6663, 6664, 6665, 6666, 6669, 6670, 6671, 6673, 6674, 6675, 6676, 6678, 6682, 6684, 6685, 6686, 6688, 6693, 6694, 6695, 6696, 6697, 6698, 6699, 6701, 6702, 6704, 6705, 6707, 6709, 6712, 6723, 6725, 6730, 6732, 6738, 6749, 6753, 6757, 6758, 6760, 6761, 6762, 6765, 6766, 6767, 6770, 6771, 6773, 6774, 6775, 6777, 6778, 6779, 6780, 6781, 6783, 6784, 6788, 6789, 6790, 6792, 6793, 6797, 6798, 6799, 6800, 6801, 6803, 6804, 6805, 6806, 6808, 6809, 6810, 6814, 6817, 6819, 6820, 6821, 6827, 6828, 6831, 6832, 6833, 6836, 6837, 6839, 6840, 6841, 6843, 6844, 6845, 6846, 6847, 6851, 6852, 6853, 6854, 6855, 6856, 6857, 6858, 6861, 6862, 6863, 6865, 6866, 6868, 6869, 6870, 6872, 6873, 6874, 6875, 6876, 6880, 6881, 6882, 6883, 6884, 6885, 6886, 6887, 6889, 6890, 6891, 6892, 6895, 6896, 6897, 6899, 6900, 6902, 6903, 6904, 6906, 6907, 6908, 6909, 6910, 6914, 6915, 6916, 6917, 6918, 6919, 6920, 6921, 6923, 6924, 6925, 6926, 6929, 6930, 6931, 6933, 6934, 6935, 6938, 6939, 6940, 6941, 6942, 6943, 6944, 6946, 6947, 6948, 6949, 6950, 6951, 6954, 6955, 6956, 6957, 6958, 6960, 6961, 6962, 6965, 6967, 6972, 6973, 6974, 6975, 6976, 6977, 6979, 6982, 6983, 6984, 6985, 6987, 6989, 6990, 6991, 6992, 6994, 6995, 6996, 6998, 6999, 7001, 7002, 7003, 7004, 7007, 7008, 7009, 7010, 7011, 7012, 7013, 7014, 7016, 7018, 7019, 7020, 7023, 7024, 7025, 7028, 7029, 7031, 7032, 7033, 7035, 7036, 7037, 7038, 7041, 7042, 7043, 7045, 7046, 7047, 7049, 7050, 7052, 7053, 7058, 7059, 7061, 7063, 7065, 7066, 7070, 7073, 7074, 7076, 7077, 7078, 7079, 7080, 7081, 7082, 7083, 7084, 7086, 7087, 7090, 7091, 7092, 7094, 7095, 7096, 7098, 7099, 7101, 7102, 7107, 7112, 7113, 7115, 7116, 7117, 7118, 7119, 7120, 7122, 7123, 7124, 7125, 7126, 7127, 7128, 7131, 7132, 7133, 7136, 7137, 7138, 7139, 7141, 7142, 7143, 7144, 7146, 7147, 7148, 7149, 7150, 7151, 7152, 7154, 7155, 7156, 7158, 7159, 7161, 7167, 7172, 7173, 7175, 7177, 7178, 7179, 7181, 7182, 7183, 7185, 7186, 7187, 7189, 7191, 7193, 7196, 7197, 7198, 7201, 7202, 7203, 7205, 7206, 7207, 7209, 7210, 7211, 7213, 7217, 7218, 7221, 7222, 7227, 7244, 7245, 7247, 7248, 7250, 7253, 7254, 7255, 7257, 7260, 7261, 7262, 7265, 7266, 7267, 7269, 7271, 7274, 7275, 7276, 7280, 7281, 7282, 7284, 7285, 7286, 7287, 7289, 7290, 7291, 7295, 7299, 7300, 7301, 7303, 7304, 7306, 7307, 7308, 7314, 7315, 7319, 7322, 7325, 7327, 7329, 7330, 7331, 7332, 7334, 7335, 7336, 7338, 7339, 7340, 7341, 7343, 7344, 7345, 7346, 7347, 7348, 7349, 7350, 7351, 7352, 7355, 7356, 7357, 7359, 7360, 7361, 7362, 7364, 7365, 7366, 7368, 7369, 7370, 7371, 7376, 7377, 7380, 7381, 7382, 7387, 7388, 7389, 7391, 7393, 7394, 7395, 7396, 7397, 7398, 7399, 7400, 7401, 7402, 7403, 7404, 7405, 7406, 7407, 7408, 7409, 7410, 7411, 7412, 7413, 7414, 7415, 7416, 7417, 7419, 7432, 7433, 7435, 7436, 7437, 7438, 7440, 7441, 7442, 7451, 7452, 7453, 7454, 7456, 7460, 7463, 7465, 7468, 7470, 7471, 7474, 7475, 7477, 7478, 7481, 7482, 7483, 7486, 7488, 7496, 7498, 7500, 7502, 7504, 7507, 7508, 7511, 7512, 7513, 7515, 7516, 7517, 7518, 7519, 7520, 7521, 7522, 7523, 7525, 7526, 7527, 7530, 7531, 7532, 7533, 7534, 7596, 7597, 7599, 7600, 7602, 7603, 7604, 7608, 7613, 7615, 7616, 7618, 7619, 7620, 7621, 7622, 7623, 7624, 7625, 7627, 7631, 7633, 7634, 7636, 7638, 7641, 7642, 7643, 7644, 7645, 7647, 7648, 7650, 7651, 7653, 7654, 7656, 7657, 7659, 7668, 7670, 7671, 7674, 7676, 7678, 7679, 7680, 7684, 7689, 7690, 7691, 7693, 7694, 7695, 7696, 7731, 7751, 7813, 7814, 7815, 7817, 7818, 7819, 7820, 7821, 7823, 7824, 7827, 7828, 7829, 7831, 7832, 7834, 7835, 7836, 7837, 7839, 7840, 7842, 7843, 7844, 7849, 7850, 7851, 7852, 7854, 7855, 7856, 7858, 7860, 7861, 7863, 7864, 7865, 7866, 7867, 7868, 7869, 7870, 7872, 7873, 7874, 7875, 7876, 7877, 7879, 7880, 7881, 7882, 7883, 7884, 7885, 7886, 7887, 7888, 7889, 7897, 7898, 7902, 7903, 7904, 7906, 7907, 7910, 7912, 7913, 7915, 7916, 7920, 7924, 7925, 7926, 7927, 7932, 7933, 7934, 7936, 7937, 7938, 7941, 7942, 7943, 7944, 7945, 7946, 7947, 7948, 7949, 7951, 7952, 7953, 7954, 7957, 7958, 7959, 7963, 7965, 7966, 7967, 7968, 7969, 7970, 7971, 7972, 7973, 7974, 7976, 7977, 7979, 7980, 7981, 7982, 7985, 7986, 7987, 7988, 7989, 7991, 7993, 7994, 7995, 8000, 8002, 8003, 8004, 8007, 8010, 8014, 8015, 8017, 8018, 8019, 8020, 8021, 8023, 8024, 8025, 8026, 8027, 8030, 8031, 8032, 8036, 8041, 8042, 8044, 8045, 8046, 8048, 8049, 8050, 8052, 8053, 8054, 8055, 8058, 8060, 8061, 8062, 8063, 8064, 8067, 8069, 8070, 8071, 8072, 8073, 8074, 8075, 8076, 8078, 8079, 8080, 8083, 8084, 8085, 8086, 8087, 8089, 8090, 8091, 8093, 8094, 8099, 8100, 8101, 8102, 8103, 8104, 8107, 8108, 8109, 8111, 8112, 8113, 8117, 8118, 8119, 8121, 8122, 8123, 8128, 8130, 8131, 8133, 8134, 8135, 8138, 8139, 8140, 8141, 8142, 8143, 8146, 8147, 8148, 8150, 8151, 8152, 8156, 8157, 8158, 8159, 8162, 8165, 8166, 8167, 8168, 8169, 8171, 8172, 8173, 8174, 8175, 8178, 8179, 8180, 8181, 8182, 8184, 8185, 8186, 8187, 8188, 8196, 8197, 8198, 8200, 8201, 8202, 8204, 8205, 8206, 8207, 8208, 8209, 8211, 8212, 8213, 8214, 8215, 8219, 8220, 8221, 8222, 8224, 8225, 8226, 8227, 8228, 8230, 8231, 8233, 8234, 8236, 8237, 8238, 8240, 8241, 8243, 8244, 8246, 8252, 8253, 8254, 8255, 8257, 8258, 8259, 8260, 8261, 8262, 8263, 8264, 8265, 8267, 8269, 8271, 8274, 8275, 8276, 8278, 8279, 8280, 8282, 8283, 8284, 8285, 8288, 8289, 8290, 8292, 8293, 8294, 8296, 8297, 8298, 8299, 8302, 8303, 8304, 8306, 8307, 8308, 8310, 8311, 8312, 8313, 8316, 8317, 8318, 8320, 8321, 8322, 8324, 8325, 8326, 8327, 8330, 8331, 8332, 8334, 8335, 8337, 8344, 8345, 8346, 8347, 8349, 8350, 8351, 8352, 8353, 8357, 8361, 8362, 8363, 8365, 8366, 8367, 8368, 8369, 8374, 8375, 8376, 8377, 8378, 8379, 8380, 8383, 8384, 8385, 8387, 8388, 8389, 8391, 8392, 8393, 8394, 8397, 8398, 8399, 8401, 8402, 8403, 8405, 8406, 8407, 8408, 8411, 8412, 8413, 8415, 8416, 8417, 8419, 8420, 8421, 8422, 8425, 8426, 8427, 8429, 8430, 8431, 8433, 8434, 8435, 8436, 8439, 8440, 8441, 8443, 8444, 8445, 8450, 8451, 8452, 8453, 8457, 8458, 8460, 8461, 8462, 8465, 8468, 8469, 8470, 8473, 8474, 8475, 8476, 8477, 8478, 8480, 8481, 8482, 8483, 8484, 8486, 8490, 8491, 8493, 8494, 8496, 8497, 8498, 8499, 8500, 8503, 8504, 8505, 8506, 8507, 8508, 8510, 8511, 8512, 8513, 8514, 8515, 8516, 8518, 8520, 8521, 8524, 8525, 8527, 8530, 8531, 8532, 8535, 8536, 8537, 8538, 8540, 8541, 8542, 8543, 8545, 8546, 8547, 8548, 8550, 8551, 8553, 8554, 8555, 8556, 8557, 8558, 8563, 8565, 8566, 8567, 8568, 8570, 8571, 8572, 8574, 8575, 8577, 8578, 8579, 8580, 8581, 8583, 8584, 8586, 8587, 8589, 8590, 8591, 8593, 8597, 8606, 8607, 8608, 8609, 8611, 8612, 8614, 8615, 8617, 8618, 8619, 8620, 8622, 8625, 8626, 8627, 8630, 8631, 8633, 8634, 8636, 8637, 8638, 8639, 8642, 8643, 8644, 8646, 8648, 8649, 8651, 8652, 8653, 8654, 8655, 8667, 8668, 8669, 8672, 8673, 8675, 8676, 8677, 8680, 8681, 8682, 8685, 8686, 8687, 8689, 8690, 8691, 8692, 8696, 8699, 8701, 8702, 8704, 8705, 8706, 8707, 8708, 8709, 8710, 8714, 8716, 8717, 8718, 8719, 8720, 8722, 8723, 8725, 8730, 8733, 8735, 8736, 8738, 8739, 8741, 8748, 8749, 8750, 8751, 8752, 8756, 8757, 8758, 8763, 8764, 8765, 8767, 8768, 8769, 8770, 8771, 8773, 8774, 8776, 8777, 8783, 8789, 8790, 8793, 8794, 8795, 8797, 8798, 8799, 8801, 8802, 8803, 8805, 8806, 8807, 8808, 8809, 8810, 8812, 8813, 8814, 8815, 8816, 8820, 8822, 8823, 8824, 8828, 8829, 8831, 8832, 8839, 8840, 8844, 8845, 8846, 8847, 8848, 8849, 8850, 8852, 8855, 8856, 8857, 8860, 8861, 8863, 8864, 8865, 8867, 8872, 8873, 8874, 8877, 8878, 8879, 8881, 8882, 8883, 8887, 8888, 8889, 8890, 8891, 8893, 8894, 8896, 8897, 8898, 8901, 8902, 8903, 8906, 8907, 8908, 8910, 8911, 8912, 8916, 8917, 8918, 8919, 8920, 8921, 8922, 8923, 8926, 8927, 8928, 8932, 8933, 8934, 8936, 8937, 8938, 8939, 8940, 8942, 8943, 8944, 8948, 8951, 8953, 8954, 8955, 8960, 8961, 8963, 8964, 8965, 8966, 8967, 8968, 8969, 8971, 8972, 8973, 8974, 8975, 8976, 8977, 8978, 8979, 8980, 8982, 8983, 8984, 8986, 8994, 8995, 8996, 8998, 8999, 9001, 9003, 9004, 9006, 9007, 9011, 9013, 9016, 9017, 9018, 9022, 9023, 9025, 9026, 9027, 9028, 9030, 9035, 9036, 9037, 9041, 9042, 9043, 9048, 9049, 9050, 9051, 9052, 9053, 9054, 9055, 9056, 9057, 9060, 9061, 9062, 9067, 9068, 9069, 9072, 9074, 9075, 9076, 9077, 9078, 9082, 9083, 9084, 9087, 9088, 9090, 9091, 9094, 9095, 9096, 9097, 9098, 9100, 9101, 9102, 9103, 9106, 9107, 9109, 9110, 9111, 9112, 9113, 9115, 9117, 9118, 9123, 9124, 9127, 9128, 9129, 9137, 9138, 9139, 9141, 9142, 9143, 9145, 9146, 9148, 9149, 9150, 9162, 9163, 9164, 9166, 9167, 9168, 9169, 9170, 9171, 9172, 9176, 9178, 9179, 9180, 9181, 9184, 9187, 9188, 9189, 9191, 9192, 9193, 9195, 9196, 9197, 9199, 9201, 9203, 9204, 9205, 9207, 9208, 9210, 9211, 9212, 9213, 9216, 9217, 9218, 9219, 9221, 9229, 9230, 9232, 9234, 9235, 9238, 9239, 9240, 9242, 9245, 9246, 9249, 9252, 9255, 9257, 9258, 9259, 9260, 9263, 9264, 9265, 9266, 9267, 9268, 9270, 9271, 9272, 9274, 9278, 9279, 9280, 9281, 9282, 9283, 9285, 9296, 9300, 9301, 9302, 9303, 9304, 9305, 9307, 9311, 9312, 9313, 9314, 9315, 9316, 9317, 9319, 9320, 9323, 9324, 9325, 9328, 9329, 9330, 9331, 9332, 9333, 9340, 9342, 9350, 9351, 9352, 9356, 9357, 9358, 9360, 9361, 9369, 9371, 9372, 9373, 9374, 9375, 9377, 9379, 9382, 9383, 9384, 9391, 9392, 9394, 9395, 9396, 9397, 9398, 9399, 9400, 9402, 9403, 9404, 9405, 9406, 9408, 9409, 9410, 9411, 9412, 9413, 9419, 9420, 9421, 9422, 9423, 9424, 9425, 9426, 9428, 9429, 9431, 9433, 9437, 9438, 9440, 9458, 9461, 9462, 9463, 9464, 9465, 9466, 9469, 9471, 9473, 9474, 9476, 9477, 9478, 9480, 9481, 9483, 9484, 9490, 9491, 9496, 9497, 9499, 9500, 9501, 9503, 9504, 9506, 9507, 9508, 9509, 9511, 9512, 9513, 9514, 9515, 9516, 9518, 9522, 9523, 9524, 9525, 9526, 9528, 9529, 9530, 9533, 9536, 9537, 9538, 9539, 9540, 9542, 9543, 9544, 9548, 9551, 9552, 9553, 9555, 9556, 9557, 9559, 9560, 9561, 9562, 9563, 9564, 9565, 9570, 9571, 9572, 9573, 9577, 9580, 9581, 9582, 9583, 9584, 9585, 9587, 9588, 9589, 9591, 9594, 9595, 9596, 9597, 9598, 9599, 9601, 9602, 9603, 9605, 9608, 9609, 9610, 9611, 9612, 9614, 9615, 9616, 9617, 9618, 9620, 9622, 9623, 9625, 9626, 9627, 9628, 9629, 9630, 9631, 9633, 9636, 9637, 9638, 9639, 9641, 9643, 9644, 9646, 9647, 9648, 9649, 9650, 9651, 9653, 9654, 9655, 9656, 9658, 9659, 9665, 9666, 9668, 9669, 9671, 9672, 9673, 9674, 9675, 9676, 9677, 9678, 9679, 9680, 9681, 9682, 9683, 9684, 9685, 9686, 9687, 9688, 9690, 9691, 9692, 9693, 9695, 9696, 9697, 9698, 9700, 9701, 9702, 9703, 9705, 9706, 9707, 9708, 9710, 9711, 9713, 9714, 9715, 9716, 9717, 9718, 9719, 9722, 9723, 9725, 9726, 9737, 9758, 9759, 9760, 9763, 9764, 9765, 9769, 9770, 9771, 9772, 9774, 9775, 9776, 9777, 9779, 9791, 9793, 9794, 9795, 9796, 9797, 9798, 9801, 9802, 9803, 9804, 9805, 9806, 9809, 9810, 9811, 9812, 9813, 9814, 9817, 9818, 9819, 9820, 9822, 9823, 9828, 9829, 9832, 9833, 9837, 9838, 9843, 9844, 9848, 9851, 9852, 9853, 9854, 9856, 9857, 9858, 9859, 9860, 9861, 9863, 9864, 9865, 9866, 9867, 9869, 9871, 9872, 9874, 9875, 9876, 9877, 9878, 9879, 9881, 9883, 9884, 9886, 9887, 9888, 9889, 9890, 9891, 9893, 9896, 9899, 9900, 9901, 9904, 9905, 9911, 9912, 9914, 9915, 9916, 9918, 9919, 9920, 9921, 9923, 9927, 9928, 9929, 9930, 9932, 9933, 9934, 9935, 9936, 9937, 9938, 9942, 9944, 9945, 9946, 9947, 9948, 9951, 9952, 9954, 9955, 9956, 9957, 9959, 9962, 9963, 9964, 9965, 9967, 9969, 9971, 9972, 9973, 9974, 9976, 9977, 9978, 9979, 9981, 9983, 9985, 9989, 9990, 9991, 9995, 9999, 10002, 10003, 10004, 10005, 10006, 10008, 10010, 10012, 10014, 10015, 10017, 10032, 10033, 10035, 10036, 10038, 10039, 10040, 10042, 10043, 10044, 10045, 10048, 10049, 10050, 10052, 10053, 10054, 10056, 10059, 10060, 10061, 10063, 10064, 10066, 10067, 10070, 10071, 10073, 10074, 10076, 10077, 10078, 10079, 10081, 10088, 10089, 10090, 10092, 10093, 10095, 10096, 10097, 10100, 10103, 10104, 10105, 10106, 10109, 10110, 10111, 10112, 10114, 10116, 10119, 10120, 10124, 10125, 10127, 10128, 10129, 10131, 10143, 10144, 10145, 10146, 10148, 10149, 10150, 10152, 10153, 10154, 10155, 10156, 10157, 10158, 10159, 10163, 10164, 10167, 10168, 10170, 10171, 10173, 10174, 10175, 10177, 10189, 10190, 10192, 10193, 10194, 10197, 10198, 10200, 10201, 10202, 10203, 10204, 10205, 10206, 10207, 10209, 10212, 10213, 10214, 10216, 10219, 10222, 10223, 10224, 10226, 10228, 10229, 10230, 10232, 10235, 10236, 10237, 10239, 10240, 10242, 10243, 10244, 10246, 10251, 10252, 10253, 10255, 10256, 10257, 10259, 10260, 10261, 10263, 10264, 10267, 10268, 10271, 10272, 10273, 10275, 10276, 10278, 10279, 10280, 10282, 10284, 10287, 10288, 10289, 10293, 10294, 10297, 10298, 10299, 10301, 10302, 10304, 10305, 10306, 10308, 10309, 10310, 10311, 10312, 10315, 10316, 10318, 10319, 10320, 10321, 10323, 10339, 10356, 10385, 10386, 10388, 10389, 10391, 10392, 10393, 10394, 10396, 10397, 10398, 10402, 10404, 10408, 10409, 10413, 10414, 10415, 10417, 10420, 10421, 10422, 10423, 10424, 10425, 10426, 10430, 10431, 10432, 10434, 10435, 10436, 10437, 10438, 10439, 10446, 10455, 10456, 10458, 10459, 10460, 10461, 10462, 10464, 10465, 10466, 10469, 10470, 10471, 10472, 10473, 10475, 10476, 10477, 10478, 10480, 10482, 10483, 10485, 10487, 10489, 10491, 10492, 10493, 10494, 10496, 10501, 10502, 10504, 10505, 10509, 10510, 10512, 10513, 10518, 10519, 10520, 10521, 10522, 10524, 10526, 10527, 10528, 10529, 10531, 10532, 10533, 10534, 10535, 10537, 10542, 10545, 10546, 10547, 10548, 10550, 10551, 10552, 10553, 10555, 10556, 10557, 10558, 10560, 10562, 10563, 10565, 10566, 10567, 10568, 10570, 10571, 10572, 10573, 10574, 10575, 10576, 10577, 10579, 10580, 10582, 10583, 10584, 10585, 10586, 10592, 10594, 10595, 10597, 10600, 10601, 10604, 10605, 10606, 10608, 10609, 10610, 10631, 10632, 10633, 10636, 10637, 10638, 10642, 10643, 10644, 10651, 10653, 10654, 10659, 10675, 10676, 10696, 10709, 10713, 10714, 10715, 10716, 10717, 10719, 10720, 10721, 10722, 10723, 10725, 10726, 10727, 10728, 10729, 10730, 10733, 10737, 10739, 10740, 10744, 10745, 10746, 10747, 10748, 10751, 10766, 10767, 10819, 10820, 10821, 10824, 10826, 10827, 10828, 10829, 10831, 10832, 10833, 10835, 10837, 10838, 10839, 10840, 10841, 10842, 10843, 10847, 10849, 10850, 10852, 10853, 10858, 10859, 10860, 10862, 10863, 10864, 10865, 10866, 10872, 10874, 10875, 10877, 10878, 10880, 10882, 10883, 10884, 10887, 10888, 10890, 10891, 10892, 10893, 10894, 10895, 10896, 10898, 10899, 10900, 10902, 10906, 10907, 10909, 10910, 10912, 10913, 10915, 10916, 10917, 10918, 10920, 10921, 10922, 10925, 10926, 10930, 10931, 10932, 10933, 10935, 10937, 10939, 10940, 10941, 10944, 10945, 10946, 10947, 10948, 10949, 10950, 10951, 10953, 10956, 10957, 10959, 10960, 10962, 10964, 10965, 10966, 10967, 10970, 10971, 10972, 10973, 10974, 10975, 10976, 10977, 10978, 10979, 10980, 10981, 10982, 10983, 10984, 10985, 10986, 10987, 10988, 10990, 10991, 10992, 10993, 10994, 10995, 10996, 10997, 10998, 10999, 11001, 11005, 11008, 11009, 11010, 11011, 11012, 11014, 11015, 11016, 11017, 11020, 11021, 11022, 11023, 11024, 11025, 11026, 11027, 11028, 11029, 11031, 11032, 11034, 11035, 11036, 11038, 11039, 11041, 11042, 11043, 11044, 11045, 11046, 11048, 11049, 11051, 11052, 11053, 11054, 11055, 11056, 11057, 11058, 11060, 11061, 11062, 11063, 11064, 11066, 11067, 11069, 11070, 11071, 11072, 11073, 11075, 11076, 11080, 11081, 11082, 11083, 11086, 11087, 11089, 11090, 11093, 11094, 11095, 11096, 11097, 11098, 11099, 11101, 11102, 11104, 11105, 11106, 11107, 11108, 11110, 11111, 11113, 11114, 11116, 11117, 11118, 11119, 11120, 11123, 11124, 11127, 11128, 11129, 11130, 11132, 11133, 11135, 11138, 11147, 11148, 11149, 11150, 11151, 11152, 11153, 11155, 11156, 11157, 11160, 11162, 11163, 11164, 11165, 11166, 11169, 11171, 11172, 11174, 11177, 11178, 11179, 11181, 11182, 11183, 11185, 11186, 11188, 11189, 11190, 11192, 11193, 11195, 11196, 11197, 11199, 11200, 11202, 11204, 11205, 11206, 11207, 11208, 11210, 11211, 11212, 11214, 11217, 11218, 11219, 11220, 11222, 11223, 11224, 11225, 11227, 11230, 11231, 11232, 11233, 11235, 11237, 11240, 11241, 11242, 11243, 11244, 11245, 11246, 11247, 11249, 11250, 11251, 11254, 11256, 11258, 11259, 11260, 11261, 11264, 11265, 11266, 11270, 11271, 11272, 11273, 11275, 11277, 11278, 11279, 11280, 11281, 11282, 11285, 11286, 11289, 11290, 11291, 11292, 11295, 11296, 11297, 11298, 11301, 11302, 11303, 11304, 11305, 11306, 11307, 11309, 11311, 11312, 11317, 11318, 11319, 11323, 11325, 11333, 11334, 11335, 11337, 11338, 11339, 11340, 11341, 11342, 11344, 11347, 11348, 11349, 11350, 11351, 11352, 11353, 11354, 11355, 11356, 11359, 11360, 11361, 11362, 11364, 11365, 11366, 11367, 11368, 11370, 11373, 11374, 11375, 11378, 11379, 11382, 11388, 11390, 11391, 11392, 11394, 11395, 11397, 11398, 11402, 11403, 11404, 11405, 11406, 11415, 11416, 11418, 11419, 11420, 11421, 11422, 11423, 11424, 11425, 11426, 11428, 11429, 11430, 11431, 11432, 11433, 11434, 11436, 11439, 11441, 11442, 11443, 11444, 11446, 11448, 11449, 11450, 11451, 11452, 11454, 11457, 11458, 11459, 11462, 11463, 11464, 11466, 11467, 11470, 11471, 11476, 11482, 11483, 11489, 11490, 11496, 11497, 11498, 11504, 11516, 11517, 11518, 11523, 11524, 11525, 11526, 11527, 11530, 11533, 11536, 11537, 11538, 11539, 11540, 11541, 11543, 11544, 11546, 11548, 11550, 11551, 11553, 11554, 11558, 11567, 11568, 11578, 11579, 11584], "summary": {"covered_lines": 5932, "num_statements": 7825, "percent_covered": 71.54066985645933, "percent_covered_display": "72", "missing_lines": 1893, "excluded_lines": 0, "num_branches": 2625, "num_partial_branches": 421, "covered_branches": 1544, "missing_branches": 1081}, "missing_lines": [107, 112, 113, 114, 115, 116, 174, 175, 176, 182, 203, 204, 205, 225, 226, 248, 250, 251, 252, 254, 255, 256, 259, 266, 267, 268, 288, 289, 294, 295, 300, 301, 306, 307, 338, 339, 346, 347, 355, 356, 383, 398, 429, 442, 467, 468, 470, 483, 585, 670, 681, 687, 690, 694, 704, 707, 721, 724, 739, 747, 753, 756, 839, 842, 851, 856, 875, 901, 904, 942, 1017, 1035, 1044, 1045, 1046, 1052, 1102, 1140, 1149, 1150, 1151, 1152, 1162, 1163, 1174, 1191, 1194, 1214, 1215, 1267, 1270, 1273, 1281, 1285, 1300, 1301, 1302, 1357, 1358, 1371, 1401, 1433, 1441, 1445, 1469, 1470, 1471, 1480, 1484, 1489, 1493, 1494, 1495, 1503, 1514, 1515, 1516, 1517, 1518, 1519, 1520, 1521, 1522, 1523, 1524, 1580, 1596, 1600, 1604, 1633, 1638, 1642, 1668, 1681, 1682, 1688, 1689, 1697, 1698, 1700, 1701, 1702, 1703, 1704, 1706, 1707, 1708, 1709, 1711, 1723, 1742, 1747, 1748, 1749, 1750, 1756, 1764, 1808, 1809, 1818, 1819, 1820, 1821, 1834, 1851, 1852, 1931, 1992, 1993, 1994, 1995, 1996, 1997, 2002, 2003, 2004, 2009, 2010, 2011, 2012, 2018, 2019, 2020, 2021, 2022, 2080, 2116, 2153, 2155, 2170, 2171, 2172, 2173, 2175, 2176, 2177, 2178, 2179, 2184, 2190, 2191, 2192, 2194, 2195, 2196, 2197, 2198, 2200, 2201, 2202, 2204, 2205, 2207, 2208, 2209, 2212, 2218, 2227, 2232, 2260, 2303, 2306, 2309, 2319, 2322, 2325, 2328, 2331, 2334, 2341, 2373, 2385, 2390, 2391, 2392, 2394, 2403, 2404, 2406, 2452, 2455, 2458, 2459, 2460, 2461, 2463, 2464, 2465, 2466, 2470, 2474, 2475, 2476, 2477, 2478, 2479, 2482, 2485, 2487, 2488, 2489, 2490, 2491, 2492, 2494, 2495, 2497, 2498, 2500, 2502, 2503, 2504, 2505, 2507, 2508, 2510, 2514, 2515, 2516, 2518, 2520, 2521, 2522, 2523, 2524, 2525, 2526, 2527, 2528, 2529, 2530, 2531, 2532, 2533, 2534, 2536, 2538, 2541, 2542, 2543, 2545, 2546, 2547, 2548, 2553, 2581, 2585, 2586, 2587, 2588, 2592, 2593, 2594, 2598, 2603, 2607, 2610, 2611, 2612, 2615, 2616, 2617, 2618, 2619, 2620, 2621, 2622, 2623, 2624, 2628, 2629, 2630, 2631, 2634, 2635, 2638, 2640, 2641, 2642, 2644, 2645, 2646, 2647, 2648, 2649, 2651, 2652, 2654, 2655, 2656, 2657, 2658, 2659, 2660, 2661, 2662, 2663, 2664, 2665, 2666, 2667, 2668, 2671, 2672, 2673, 2674, 2675, 2678, 2679, 2680, 2681, 2682, 2683, 2684, 2685, 2686, 2687, 2688, 2689, 2690, 2692, 2696, 2697, 2709, 2742, 2743, 2744, 2748, 2749, 2750, 2751, 2755, 2759, 2764, 2765, 2766, 2767, 2768, 2769, 2770, 2774, 2775, 2794, 2799, 2800, 2801, 2804, 2805, 2807, 2808, 2809, 2810, 2811, 2812, 2813, 2814, 2815, 2816, 2819, 2820, 2821, 2822, 2825, 2826, 2827, 2829, 2830, 2831, 2891, 2893, 2894, 2896, 2898, 2899, 2900, 2901, 2902, 2903, 2904, 2905, 2906, 2907, 2908, 2909, 2910, 2911, 2912, 2913, 2914, 2915, 2916, 2917, 2918, 2919, 2920, 2921, 2922, 2923, 2924, 2925, 2926, 2927, 2928, 2929, 2930, 2931, 2932, 2933, 2940, 2941, 2942, 2944, 2949, 2950, 2961, 2964, 2965, 2966, 2967, 2968, 2969, 2970, 2971, 2993, 2994, 3015, 3054, 3055, 3056, 3057, 3060, 3063, 3066, 3067, 3068, 3071, 3072, 3073, 3074, 3075, 3076, 3077, 3078, 3079, 3080, 3081, 3084, 3085, 3086, 3088, 3089, 3090, 3091, 3096, 3097, 3116, 3158, 3159, 3160, 3161, 3164, 3167, 3170, 3172, 3176, 3179, 3180, 3181, 3182, 3184, 3185, 3186, 3187, 3188, 3189, 3190, 3191, 3192, 3193, 3194, 3195, 3196, 3197, 3198, 3199, 3200, 3203, 3204, 3205, 3207, 3208, 3209, 3210, 3214, 3215, 3216, 3217, 3229, 3260, 3261, 3262, 3263, 3275, 3301, 3304, 3307, 3310, 3311, 3312, 3315, 3316, 3318, 3319, 3320, 3321, 3322, 3323, 3324, 3325, 3326, 3327, 3328, 3329, 3330, 3331, 3332, 3333, 3334, 3337, 3338, 3339, 3341, 3342, 3343, 3344, 3348, 3349, 3360, 3372, 3378, 3379, 3380, 3381, 3382, 3383, 3385, 3387, 3388, 3389, 3390, 3391, 3392, 3398, 3404, 3408, 3409, 3410, 3414, 3415, 3416, 3426, 3427, 3428, 3429, 3434, 3447, 3448, 3449, 3450, 3467, 3472, 3473, 3474, 3475, 3486, 3509, 3510, 3514, 3528, 3529, 3535, 3545, 3604, 3624, 3625, 3626, 3649, 3650, 3651, 3653, 3654, 3655, 3656, 3657, 3658, 3678, 3679, 3680, 3681, 3682, 3683, 3684, 3685, 3686, 3687, 3688, 3690, 3692, 3693, 3694, 3695, 3696, 3697, 3698, 3732, 3747, 3748, 3749, 3750, 3751, 3758, 3759, 3765, 3766, 3786, 3787, 3788, 3790, 3791, 3792, 3793, 3795, 3807, 3808, 3809, 3810, 3811, 3812, 3813, 3829, 3841, 3846, 3847, 3914, 3936, 3949, 3950, 3951, 3952, 3953, 3954, 3963, 3968, 3973, 3978, 3979, 3984, 3989, 3994, 3999, 4000, 4005, 4010, 4015, 4020, 4033, 4043, 4068, 4073, 4083, 4093, 4115, 4120, 4125, 4126, 4127, 4130, 4131, 4139, 4140, 4141, 4142, 4143, 4144, 4166, 4178, 4208, 4209, 4210, 4211, 4214, 4215, 4216, 4217, 4218, 4252, 4260, 4261, 4262, 4263, 4264, 4265, 4266, 4270, 4271, 4272, 4273, 4274, 4275, 4276, 4277, 4290, 4291, 4293, 4294, 4295, 4296, 4297, 4298, 4299, 4300, 4337, 4344, 4345, 4354, 4355, 4356, 4383, 4384, 4385, 4386, 4387, 4388, 4389, 4392, 4393, 4394, 4395, 4396, 4397, 4398, 4407, 4408, 4409, 4410, 4411, 4412, 4413, 4414, 4454, 4455, 4456, 4457, 4461, 4462, 4463, 4464, 4465, 4466, 4468, 4469, 4470, 4496, 4497, 4498, 4523, 4524, 4533, 4538, 4544, 4556, 4564, 4568, 4583, 4617, 4625, 4649, 4657, 4664, 4676, 4683, 4686, 4687, 4695, 4696, 4697, 4698, 4699, 4721, 4722, 4723, 4775, 4776, 4803, 4804, 4808, 4809, 4813, 4816, 4817, 4819, 4853, 4854, 4861, 4862, 4863, 4864, 4913, 4914, 4928, 4945, 4946, 4949, 4950, 4953, 4971, 4972, 4973, 4985, 4986, 4987, 4988, 4989, 4992, 4993, 4995, 4996, 4997, 4998, 5009, 5010, 5011, 5012, 5013, 5016, 5017, 5019, 5020, 5021, 5022, 5058, 5059, 5068, 5069, 5076, 5077, 5078, 5086, 5087, 5106, 5107, 5111, 5112, 5190, 5191, 5192, 5193, 5195, 5204, 5205, 5220, 5221, 5225, 5226, 5256, 5257, 5258, 5259, 5260, 5262, 5263, 5264, 5265, 5266, 5267, 5268, 5269, 5270, 5272, 5273, 5339, 5371, 5372, 5381, 5382, 5383, 5401, 5408, 5412, 5425, 5426, 5427, 5428, 5429, 5430, 5431, 5432, 5433, 5434, 5435, 5436, 5461, 5476, 5477, 5495, 5496, 5497, 5498, 5523, 5524, 5525, 5526, 5565, 5566, 5575, 5576, 5633, 5634, 5660, 5661, 5662, 5664, 5665, 5666, 5669, 5670, 5671, 5673, 5674, 5676, 5677, 5678, 5681, 5688, 5689, 5690, 5704, 5705, 5706, 5708, 5709, 5710, 5712, 5713, 5715, 5716, 5717, 5719, 5720, 5721, 5722, 5726, 5727, 5728, 5730, 5731, 5732, 5734, 5735, 5736, 5737, 5738, 5741, 5743, 5744, 5745, 5746, 5748, 5750, 5751, 5752, 5753, 5754, 5756, 5757, 5758, 5759, 5760, 5761, 5762, 5766, 5767, 5783, 5784, 5798, 5804, 5805, 5808, 5809, 5813, 5828, 5829, 5840, 5888, 5892, 5893, 5902, 5903, 5920, 5924, 5925, 5966, 5967, 5985, 5986, 5989, 5990, 5992, 5995, 5997, 5998, 6000, 6001, 6002, 6004, 6005, 6007, 6008, 6009, 6011, 6030, 6031, 6035, 6041, 6042, 6045, 6046, 6086, 6087, 6092, 6093, 6101, 6102, 6103, 6104, 6242, 6244, 6289, 6290, 6313, 6314, 6317, 6318, 6322, 6323, 6324, 6332, 6367, 6368, 6369, 6377, 6386, 6427, 6429, 6481, 6482, 6483, 6488, 6489, 6491, 6499, 6517, 6518, 6566, 6567, 6568, 6569, 6571, 6572, 6573, 6574, 6576, 6577, 6584, 6585, 6588, 6590, 6631, 6632, 6636, 6637, 6645, 6657, 6658, 6679, 6680, 6689, 6690, 6691, 6713, 6718, 6719, 6720, 6721, 6722, 6727, 6728, 6733, 6736, 6754, 6755, 6785, 6786, 6794, 6795, 6811, 6812, 6815, 6823, 6824, 6825, 6826, 6848, 6849, 6877, 6878, 6888, 6911, 6912, 6922, 6952, 6963, 6968, 6970, 7054, 7055, 7056, 7067, 7068, 7103, 7104, 7105, 7108, 7109, 7110, 7162, 7163, 7164, 7165, 7168, 7169, 7170, 7214, 7215, 7219, 7223, 7224, 7225, 7292, 7293, 7296, 7297, 7309, 7310, 7311, 7312, 7317, 7318, 7323, 7372, 7373, 7374, 7443, 7444, 7445, 7446, 7447, 7448, 7449, 7457, 7458, 7461, 7466, 7472, 7479, 7484, 7485, 7487, 7489, 7491, 7492, 7494, 7499, 7505, 7536, 7537, 7538, 7539, 7540, 7541, 7542, 7543, 7545, 7546, 7547, 7549, 7550, 7551, 7552, 7554, 7555, 7557, 7560, 7561, 7563, 7564, 7565, 7567, 7569, 7570, 7571, 7572, 7573, 7575, 7576, 7577, 7579, 7580, 7581, 7583, 7585, 7586, 7587, 7588, 7590, 7591, 7593, 7594, 7605, 7606, 7610, 7611, 7628, 7660, 7661, 7662, 7663, 7664, 7666, 7667, 7669, 7681, 7683, 7685, 7686, 7687, 7698, 7705, 7706, 7707, 7708, 7711, 7712, 7714, 7717, 7719, 7720, 7721, 7722, 7724, 7725, 7726, 7728, 7729, 7733, 7734, 7735, 7736, 7737, 7738, 7739, 7740, 7742, 7744, 7745, 7746, 7748, 7749, 7754, 7755, 7756, 7757, 7758, 7759, 7760, 7761, 7763, 7764, 7765, 7766, 7767, 7769, 7770, 7772, 7773, 7774, 7776, 7777, 7778, 7780, 7781, 7782, 7784, 7786, 7791, 7792, 7793, 7795, 7796, 7798, 7800, 7801, 7802, 7803, 7804, 7806, 7807, 7808, 7809, 7810, 7811, 7825, 7845, 7846, 7847, 7848, 7890, 7891, 7892, 7893, 7895, 7896, 7900, 7908, 7909, 7917, 7921, 7922, 7928, 7929, 7930, 7939, 7960, 7961, 7983, 7990, 7992, 7996, 7998, 8005, 8008, 8011, 8012, 8022, 8033, 8034, 8039, 8040, 8056, 8057, 8065, 8095, 8096, 8114, 8115, 8124, 8125, 8126, 8129, 8153, 8154, 8161, 8190, 8191, 8192, 8193, 8216, 8217, 8266, 8354, 8355, 8358, 8359, 8370, 8371, 8372, 8454, 8455, 8463, 8464, 8471, 8594, 8595, 8598, 8599, 8600, 8601, 8603, 8604, 8640, 8656, 8657, 8658, 8659, 8661, 8663, 8664, 8693, 8694, 8697, 8711, 8712, 8713, 8721, 8731, 8742, 8743, 8744, 8745, 8746, 8753, 8778, 8779, 8780, 8781, 8818, 8819, 8825, 8826, 8868, 8869, 8884, 8885, 8913, 8914, 8945, 8946, 8949, 8956, 8957, 8958, 9031, 9032, 9079, 9080, 9085, 9086, 9099, 9119, 9121, 9151, 9152, 9153, 9154, 9155, 9156, 9157, 9159, 9160, 9173, 9174, 9183, 9222, 9223, 9225, 9226, 9253, 9275, 9286, 9287, 9288, 9290, 9291, 9292, 9294, 9297, 9308, 9321, 9343, 9344, 9346, 9347, 9415, 9416, 9417, 9443, 9444, 9445, 9446, 9448, 9450, 9451, 9452, 9453, 9455, 9456, 9493, 9519, 9531, 9545, 9546, 9547, 9566, 9567, 9568, 9574, 9575, 9576, 9590, 9604, 9624, 9634, 9727, 9728, 9729, 9730, 9731, 9732, 9733, 9734, 9735, 9738, 9739, 9740, 9741, 9742, 9744, 9745, 9746, 9747, 9748, 9749, 9750, 9752, 9753, 9755, 9756, 9757, 9761, 9766, 9767, 9781, 9782, 9785, 9786, 9789, 9825, 9826, 9845, 9894, 9924, 9925, 9940, 9941, 9960, 9986, 9987, 9992, 9993, 9996, 9997, 10018, 10020, 10022, 10024, 10026, 10029, 10082, 10083, 10084, 10085, 10086, 10098, 10099, 10107, 10108, 10115, 10132, 10133, 10134, 10135, 10136, 10138, 10139, 10140, 10161, 10178, 10179, 10180, 10181, 10183, 10184, 10185, 10186, 10195, 10210, 10217, 10220, 10247, 10248, 10265, 10266, 10285, 10286, 10290, 10291, 10292, 10324, 10326, 10327, 10328, 10329, 10331, 10332, 10333, 10334, 10336, 10337, 10342, 10343, 10345, 10346, 10348, 10349, 10351, 10352, 10353, 10354, 10358, 10359, 10360, 10361, 10362, 10363, 10365, 10366, 10367, 10368, 10369, 10370, 10372, 10374, 10375, 10376, 10377, 10378, 10379, 10380, 10381, 10382, 10399, 10400, 10405, 10406, 10410, 10411, 10416, 10427, 10428, 10448, 10449, 10450, 10451, 10452, 10463, 10506, 10507, 10508, 10514, 10516, 10543, 10598, 10602, 10611, 10634, 10639, 10640, 10661, 10662, 10663, 10664, 10665, 10666, 10667, 10669, 10670, 10679, 10684, 10685, 10686, 10688, 10689, 10691, 10692, 10697, 10698, 10699, 10700, 10702, 10703, 10704, 10705, 10706, 10707, 10710, 10734, 10736, 10741, 10742, 10752, 10753, 10754, 10755, 10756, 10757, 10760, 10761, 10762, 10763, 10768, 10769, 10772, 10773, 10774, 10776, 10778, 10779, 10780, 10781, 10782, 10783, 10785, 10788, 10789, 10791, 10792, 10795, 10796, 10797, 10798, 10800, 10801, 10802, 10804, 10805, 10806, 10807, 10808, 10809, 10810, 10813, 10814, 10815, 10816, 10817, 10823, 10834, 10844, 10846, 10848, 10854, 10855, 10856, 10869, 10903, 10908, 10911, 10954, 10961, 11002, 11003, 11006, 11013, 11018, 11019, 11136, 11139, 11140, 11141, 11142, 11143, 11144, 11145, 11158, 11167, 11168, 11175, 11191, 11194, 11221, 11248, 11262, 11263, 11268, 11313, 11314, 11320, 11321, 11330, 11331, 11336, 11343, 11371, 11376, 11383, 11384, 11385, 11386, 11399, 11407, 11408, 11410, 11437, 11468, 11472, 11473, 11474, 11477, 11480, 11484, 11485, 11486, 11487, 11488, 11499, 11501, 11519, 11520, 11570, 11573, 11574, 11575, 11580], "excluded_lines": [], "executed_branches": [[160, 161], [160, 165], [162, 160], [162, 163], [173, 178], [181, 183], [199, 200], [199, 202], [202, 207], [209, 210], [209, 218], [210, 211], [212, 210], [212, 213], [223, -223], [223, 223], [223, 224], [224, 228], [239, 240], [239, 242], [247, 261], [264, 270], [367, 368], [367, 370], [380, 381], [397, 399], [399, 400], [400, 401], [400, 402], [405, 406], [405, 407], [427, 428], [452, -452], [452, 454], [457, 458], [457, 480], [460, 461], [460, 463], [465, 472], [472, 473], [472, 476], [480, 481], [480, 495], [481, 484], [486, 487], [486, 488], [488, 489], [488, 490], [490, 491], [490, 493], [524, -523], [524, 525], [526, -525], [526, 527], [528, -527], [528, 529], [530, -529], [530, 531], [532, 533], [534, 535], [536, -535], [536, 537], [538, 539], [540, -539], [540, 541], [542, 543], [544, 545], [546, 548], [551, -548], [551, 553], [554, -554], [554, 554], [554, 555], [576, 577], [576, 578], [578, 579], [578, 580], [580, 581], [580, 582], [604, -604], [604, -602], [625, 626], [625, 629], [680, 682], [745, 746], [745, 748], [746, 745], [834, 835], [834, 836], [836, 837], [841, 844], [846, 848], [846, 887], [849, 853], [855, 858], [872, 873], [881, 882], [881, 884], [885, 846], [885, 886], [924, 925], [930, 931], [930, 933], [931, 930], [931, 932], [939, 940], [951, -949], [951, 953], [955, -953], [955, 957], [959, -957], [959, 961], [963, -961], [963, 965], [967, -965], [967, 969], [971, -969], [971, 973], [975, -973], [975, 977], [979, -977], [979, 981], [983, -981], [983, 985], [987, -985], [987, -759], [1034, 1036], [1039, 1040], [1139, 1141], [1143, 1144], [1158, 1159], [1168, 1169], [1168, 1170], [1190, 1193], [1193, 1196], [1198, -1198], [1198, 1198], [1198, 1199], [1199, 1200], [1199, 1201], [1237, 1238], [1242, 1243], [1265, 1266], [1290, 1295], [1297, 1298], [1326, 1328], [1341, 1343], [1384, 1385], [1384, 1387], [1458, 1459], [1458, 1460], [1477, 1478], [1477, 1482], [1479, 1481], [1483, 1485], [1488, 1490], [1492, 1496], [1502, 1505], [1564, 1565], [1564, 1566], [1610, 1611], [1611, 1612], [1629, 1630], [1629, 1632], [1632, 1635], [1637, 1640], [1641, 1644], [1667, 1670], [1691, 1692], [1722, 1724], [1728, 1729], [1728, 1733], [1730, 1731], [1730, 1733], [1741, 1743], [1755, 1757], [1780, 1781], [1807, 1810], [1830, 1831], [1830, 1839], [1833, 1836], [1875, 1876], [1875, 1881], [1878, 1875], [1878, 1879], [1893, 1894], [1893, 1896], [1896, 1897], [1896, 1898], [1898, 1899], [1898, 1901], [1902, 1903], [1918, 1919], [1918, 1934], [1920, -1920], [1920, 1920], [1920, 1922], [1922, 1923], [1922, 1926], [1926, -1926], [1926, 1926], [1926, 1927], [1927, 1928], [1971, 1972], [2031, 2032], [2031, 2036], [2039, 2040], [2039, 2041], [2056, -2044], [2056, 2057], [2062, 2063], [2062, 2066], [2079, 2083], [2087, 2088], [2087, 2110], [2095, 2096], [2095, 2100], [2103, 2104], [2103, 2107], [2107, -2107], [2107, 2107], [2107, 2108], [2146, 2147], [2146, 2157], [2149, 2150], [2149, 2157], [2150, 2151], [2150, 2157], [2151, 2152], [2157, -2141], [2157, 2158], [2164, -2164], [2164, -2161], [2164, 2164], [2238, 2239], [2238, 2240], [2269, 2270], [2269, 2272], [2270, 2271], [2302, -2302], [2302, -2297], [2367, 2368], [2367, 2369], [2389, 2395], [2399, 2400], [2399, 2407], [2401, 2402], [2868, 2869], [2868, 2870], [2937, 2938], [2943, 2945], [3371, 3373], [3396, 3397], [3397, -3395], [3402, 3403], [3403, -3401], [3439, 3440], [3439, 3441], [3455, -3453], [3455, 3456], [3455, 3457], [3463, 3464], [3463, 3465], [3465, 3466], [3483, 3484], [3483, 3502], [3485, 3488], [3488, 3489], [3488, 3491], [3491, -3491], [3491, 3491], [3491, 3492], [3496, 3497], [3496, 3499], [3508, 3512], [3512, 3513], [3513, 3516], [3516, 3517], [3516, 3520], [3517, 3516], [3517, 3518], [3527, 3531], [3531, 3532], [3532, 3531], [3532, 3533], [3542, 3543], [3543, 3542], [3543, 3544], [3552, 3553], [3552, 3555], [3553, 3552], [3553, 3554], [3564, 3566], [3564, 3567], [3573, -3573], [3573, -3570], [3573, 3573], [3578, 3579], [3578, 3580], [3580, -3580], [3580, -3576], [3580, 3580], [3599, 3600], [3599, 3601], [3601, 3602], [3606, 3609], [3606, 3610], [3611, -3611], [3611, 3612], [3611, 3619], [3614, 3615], [3614, 3618], [3619, 3623], [3623, 3627], [3638, 3639], [3638, 3645], [3646, 3647], [3675, 3676], [3746, 3754], [3754, 3755], [3754, 3762], [3756, -3756], [3756, 3756], [3756, 3757], [3757, 3762], [3762, 3763], [3801, 3802], [3828, 3831], [3852, 3853], [3852, 3854], [3874, 3875], [3874, 3879], [3875, -3873], [3875, 3876], [3876, -3873], [3876, 3877], [3882, -3873], [3882, 3883], [3913, 3915], [3930, 3931], [3930, 3932], [3932, 3933], [3933, -3933], [3933, 3933], [3933, 3934], [3943, -3943], [3943, -3940], [4112, 4113], [4119, 4122], [4124, 4129], [4129, 4133], [4165, 4168], [4168, 4169], [4190, 4191], [4249, 4250], [4259, 4269], [4269, 4279], [4281, 4283], [4285, 4286], [4285, 4303], [4289, 4285], [4334, 4335], [4340, 4341], [4351, -4351], [4351, 4351], [4351, 4353], [4382, 4391], [4391, -4391], [4391, 4402], [4404, -4404], [4404, 4404], [4404, 4405], [4420, 4422], [4552, 4553], [4552, 4560], [4555, -4555], [4555, 4557], [4560, 4561], [4563, -4563], [4563, 4565], [4582, -4582], [4582, -4579], [4589, 4590], [4589, 4591], [4591, 4592], [4612, 4613], [4614, 4615], [4614, 4618], [4638, -4637], [4638, 4639], [4639, 4638], [4639, 4640], [4668, -4668], [4668, 4668], [4668, 4669], [4668, 4670], [4671, 4672], [4671, 4675], [4675, 4677], [4677, 4678], [4690, 4691], [4702, 4703], [4702, 4704], [4713, 4714], [4713, 4716], [4716, 4717], [4729, 4730], [4729, 4731], [4734, 4735], [4734, 4736], [4774, 4778], [4778, 4779], [4778, 4782], [4788, 4789], [4788, 4794], [4789, 4790], [4789, 4792], [4796, 4797], [4796, 4800], [4800, 4801], [4800, 4802], [4802, 4805], [4805, 4806], [4805, 4807], [4807, 4810], [4810, 4811], [4815, 4821], [4825, 4826], [4825, 4827], [4837, 4838], [4842, 4843], [4842, 4844], [4852, 4856], [4857, -4857], [4857, 4860], [4860, 4865], [4874, 4875], [4874, 4876], [4884, 4886], [4884, 4888], [4888, -4888], [4888, 4888], [4888, 4892], [4893, -4893], [4893, 4893], [4893, 4896], [4900, 4901], [4900, 4902], [4911, 4916], [4916, -4916], [4916, 4916], [4916, 4919], [4925, 4927], [4925, 4931], [4927, 4930], [4934, 4935], [4934, 4936], [4944, 4948], [4948, 4952], [4952, 4956], [4962, -4962], [4962, 4962], [4962, 4963], [4966, 4967], [4966, 4969], [4977, 4978], [4977, 4979], [5001, 5002], [5001, 5003], [5025, 5026], [5025, 5027], [5036, 5037], [5036, 5040], [5040, 5041], [5047, -5047], [5047, 5048], [5048, -5048], [5048, 5050], [5063, 5064], [5063, 5071], [5073, 5074], [5091, 5092], [5091, 5093], [5105, 5109], [5110, 5114], [5119, 5120], [5119, 5121], [5144, 5145], [5144, 5146], [5146, 5147], [5146, 5149], [5152, -5151], [5152, 5153], [5161, 5162], [5186, 5187], [5203, 5207], [5207, 5208], [5207, 5211], [5209, 5210], [5217, 5218], [5217, 5222], [5219, 5217], [5252, 5253], [5276, 5277], [5276, 5278], [5308, 5309], [5308, 5315], [5309, 5310], [5309, 5313], [5316, 5317], [5316, 5320], [5320, 5321], [5320, 5325], [5325, -5325], [5325, 5325], [5325, 5326], [5338, 5340], [5347, 5348], [5347, 5354], [5370, 5375], [5392, 5393], [5392, 5421], [5397, 5397], [5397, 5403], [5407, 5409], [5411, 5413], [5413, 5392], [5413, 5415], [5417, 5418], [5424, -5423], [5445, 5446], [5445, 5448], [5465, 5466], [5465, 5478], [5466, 5465], [5466, 5467], [5470, 5471], [5470, 5475], [5475, 5465], [5485, 5486], [5485, 5491], [5486, 5485], [5486, 5487], [5487, 5488], [5488, 5489], [5511, 5512], [5511, 5513], [5517, 5518], [5517, 5519], [5531, 5532], [5531, 5534], [5532, 5531], [5532, 5533], [5537, 5538], [5537, 5539], [5564, 5568], [5570, 5571], [5570, 5574], [5574, 5578], [5581, 5582], [5581, 5585], [5595, 5596], [5595, 5597], [5612, 5613], [5612, 5616], [5613, -5613], [5613, 5613], [5613, 5614], [5619, 5620], [5619, 5621], [5632, 5636], [5639, 5640], [5639, 5643], [5647, 5648], [5647, 5649], [5693, 5694], [5693, 5695], [5770, 5771], [5770, 5772], [5782, 5786], [5794, 5795], [5794, 5797], [5797, 5800], [5803, 5807], [5807, 5811], [5811, 5812], [5811, 5819], [5812, 5814], [5814, 5815], [5814, 5816], [5816, 5811], [5816, 5817], [5825, 5826], [5825, 5842], [5831, 5825], [5831, 5832], [5833, 5831], [5833, 5834], [5834, 5833], [5834, 5835], [5836, 5837], [5845, 5846], [5845, 5847], [5866, 5867], [5884, 5885], [5884, 5908], [5885, 5886], [5895, 5896], [5895, 5906], [5898, 5899], [5916, 5917], [5916, 5939], [5917, 5918], [5928, 5929], [5928, 5937], [5932, 5933], [5943, 5944], [5943, 5960], [5944, 5943], [5944, 5945], [5945, 5943], [5945, 5946], [5946, 5948], [5952, 5943], [5952, 5953], [5954, 5955], [5955, 5956], [5965, 5969], [5969, 5970], [5969, 5981], [5976, 5977], [5976, 5979], [5984, 5988], [5988, 5994], [5994, 6013], [6018, 6019], [6018, 6020], [6029, 6033], [6033, 6034], [6033, 6061], [6034, 6037], [6040, 6044], [6044, 6048], [6048, 6033], [6048, 6049], [6049, 6050], [6049, 6051], [6052, 6053], [6052, 6054], [6054, 6055], [6054, 6057], [6065, 6066], [6065, 6067], [6085, 6090], [6091, 6096], [6097, 6098], [6097, 6110], [6100, 6110], [6114, 6115], [6114, 6119], [6126, 6127], [6126, 6128], [6160, 6161], [6160, 6162], [6195, 6196], [6195, 6199], [6200, 6201], [6200, 6202], [6202, 6203], [6202, 6205], [6213, 6214], [6213, 6221], [6217, 6218], [6217, 6221], [6223, 6224], [6223, 6229], [6224, 6225], [6224, 6227], [6231, 6232], [6231, 6239], [6235, 6236], [6235, 6239], [6241, 6246], [6252, 6253], [6252, 6254], [6276, 6277], [6276, 6278], [6293, 6294], [6293, 6295], [6312, 6316], [6316, 6320], [6327, 6329], [6336, 6337], [6336, 6338], [6345, 6346], [6345, 6347], [6350, 6351], [6350, 6352], [6366, 6371], [6374, 6375], [6374, 6390], [6375, 6376], [6376, 6379], [6381, 6382], [6381, 6384], [6385, 6388], [6419, 6420], [6424, 6425], [6426, 6428], [6428, -6415], [6434, -6434], [6434, 6435], [6434, 6437], [6439, -6431], [6439, 6440], [6452, 6453], [6452, 6454], [6472, 6473], [6472, 6477], [6473, 6474], [6475, 6476], [6487, 6490], [6490, 6492], [6492, 6493], [6492, 6496], [6497, 6498], [6497, 6500], [6498, 6497], [6506, 6507], [6506, 6536], [6510, 6511], [6510, 6516], [6511, 6512], [6511, 6514], [6516, 6520], [6520, 6521], [6520, 6523], [6523, 6524], [6523, 6526], [6526, 6527], [6526, 6529], [6530, 6531], [6536, 6537], [6536, 6539], [6542, 6543], [6542, 6545], [6545, 6546], [6545, 6548], [6551, 6552], [6551, 6553], [6583, 6587], [6587, 6589], [6589, 6592], [6596, 6597], [6596, 6599], [6602, 6603], [6602, 6608], [6608, 6609], [6613, 6614], [6613, 6615], [6630, 6634], [6635, 6640], [6640, -6640], [6640, 6641], [6641, 6642], [6641, 6647], [6642, 6643], [6643, -6643], [6643, 6643], [6643, 6649], [6649, 6650], [6649, 6704], [6650, 6651], [6650, 6653], [6656, 6660], [6662, 6663], [6662, 6701], [6670, 6671], [6670, 6673], [6675, 6676], [6675, 6678], [6678, 6682], [6685, 6686], [6685, 6688], [6693, 6662], [6693, 6694], [6701, 6649], [6701, 6702], [6732, 6738], [6753, 6757], [6765, 6766], [6765, 6767], [6784, 6788], [6793, 6797], [6798, 6799], [6798, 6828], [6804, 6805], [6804, 6808], [6810, 6814], [6814, 6817], [6820, 6821], [6831, 6832], [6831, 6833], [6847, 6851], [6856, 6857], [6861, 6862], [6861, 6863], [6876, 6880], [6885, 6886], [6885, 6891], [6887, 6889], [6889, 6885], [6889, 6890], [6895, 6896], [6895, 6897], [6910, 6914], [6919, 6920], [6919, 6925], [6921, 6923], [6923, 6919], [6923, 6924], [6929, 6930], [6929, 6931], [6947, 6948], [6947, 6954], [6949, -6949], [6949, 6949], [6949, 6950], [6950, -6950], [6950, 6950], [6950, 6951], [6951, 6954], [6960, 6961], [6960, 7018], [6962, 6965], [6967, 6972], [6976, 6977], [6976, 6979], [6982, 6983], [6982, 6987], [6989, 6990], [6989, 6994], [6995, 6996], [6995, 6998], [7001, 7002], [7001, 7007], [7011, -7011], [7011, 7011], [7011, 7012], [7011, 7016], [7018, 7019], [7023, 7024], [7023, 7025], [7041, 7042], [7041, 7043], [7053, 7058], [7066, 7070], [7074, -7074], [7074, 7074], [7074, 7076], [7076, 7077], [7079, 7080], [7079, 7086], [7090, 7091], [7090, 7092], [7102, 7107], [7107, 7112], [7118, 7119], [7118, 7122], [7123, 7124], [7123, 7128], [7131, 7132], [7131, 7133], [7154, 7155], [7154, 7175], [7158, 7159], [7158, 7161], [7161, 7167], [7167, 7172], [7172, -7172], [7172, 7172], [7172, 7173], [7179, -7179], [7179, 7179], [7179, 7181], [7181, 7182], [7181, 7193], [7185, 7186], [7185, 7191], [7186, 7187], [7186, 7189], [7196, 7197], [7196, 7198], [7213, 7217], [7218, 7221], [7244, 7245], [7244, 7247], [7253, 7254], [7253, 7260], [7265, 7266], [7265, 7271], [7274, 7275], [7274, 7276], [7291, 7295], [7295, 7299], [7299, 7300], [7299, 7303], [7306, 7307], [7306, 7322], [7315, 7319], [7322, 7325], [7329, 7330], [7329, 7334], [7351, -7351], [7351, 7351], [7351, 7352], [7355, 7356], [7355, 7357], [7371, 7376], [7380, 7381], [7380, 7382], [7441, 7442], [7453, 7454], [7453, 7456], [7456, -7456], [7456, 7460], [7460, 7463], [7465, 7468], [7471, 7474], [7474, 7475], [7477, 7478], [7477, 7496], [7478, 7481], [7483, 7486], [7486, 7488], [7498, 7500], [7504, 7507], [7511, 7512], [7511, 7515], [7530, 7531], [7531, -7531], [7531, 7531], [7531, 7532], [7604, 7608], [7616, -7616], [7616, -7615], [7616, 7616], [7627, 7631], [7631, -7631], [7631, 7631], [7631, 7633], [7641, 7642], [7641, 7691], [7647, 7648], [7647, 7650], [7653, 7654], [7653, 7656], [7656, 7657], [7656, 7674], [7659, 7668], [7668, 7670], [7670, 7671], [7670, 7676], [7678, 7641], [7678, 7679], [7684, 7689], [7695, 7696], [7815, -7815], [7815, -7813], [7824, 7827], [7824, 7831], [7828, 7829], [7828, 7831], [7828, 7834], [7829, -7829], [7829, 7828], [7829, 7829], [7836, -7836], [7836, 7836], [7836, 7837], [7844, 7849], [7854, 7855], [7854, 7877], [7855, 7856], [7855, 7858], [7860, 7861], [7860, 7863], [7863, 7864], [7863, 7872], [7866, 7867], [7868, 7869], [7868, 7870], [7872, 7854], [7872, 7873], [7882, 7883], [7884, 7885], [7884, 7906], [7885, 7886], [7885, 7904], [7887, 7885], [7887, 7888], [7889, 7897], [7897, 7898], [7902, 7903], [7906, 7907], [7906, 7910], [7907, -7907], [7907, -7879], [7907, 7907], [7916, 7920], [7920, 7924], [7927, 7932], [7936, 7937], [7938, 7941], [7945, 7946], [7945, 7951], [7947, -7947], [7947, 7947], [7947, 7948], [7959, 7963], [7970, 7971], [7970, 7972], [7972, 7973], [7972, 7974], [7982, 7985], [7985, 7986], [7987, 7988], [7987, 7989], [7989, 7991], [7991, 7993], [7993, 7994], [7993, 7995], [7995, 7985], [8004, 8007], [8007, 8010], [8010, 8014], [8017, 8018], [8017, 8044], [8019, 8020], [8019, 8021], [8021, 8023], [8023, 8024], [8030, 8031], [8030, 8036], [8032, 8036], [8049, 8050], [8049, 8052], [8053, 8054], [8053, 8058], [8054, 8055], [8055, 8053], [8061, -8060], [8061, 8062], [8064, 8067], [8071, 8072], [8071, 8076], [8083, 8084], [8083, 8085], [8099, 8100], [8099, 8101], [8113, 8117], [8121, 8122], [8121, 8128], [8123, 8133], [8128, 8130], [8130, 8131], [8138, 8139], [8138, 8140], [8152, 8156], [8158, 8159], [8165, 8166], [8165, 8167], [8178, 8179], [8178, 8180], [8186, 8187], [8196, 8197], [8196, 8198], [8215, 8219], [8224, 8225], [8224, 8230], [8233, 8234], [8233, 8236], [8259, 8260], [8259, 8271], [8265, 8267], [8274, 8275], [8274, 8276], [8288, 8289], [8288, 8290], [8302, 8303], [8302, 8304], [8316, 8317], [8316, 8318], [8330, 8331], [8330, 8332], [8353, 8357], [8357, 8361], [8365, 8366], [8365, 8374], [8366, 8367], [8366, 8374], [8375, 8376], [8375, 8380], [8383, 8384], [8383, 8385], [8397, 8398], [8397, 8399], [8411, 8412], [8411, 8413], [8425, 8426], [8425, 8427], [8439, 8440], [8439, 8441], [8453, 8457], [8470, 8473], [8480, 8481], [8480, 8527], [8481, 8482], [8481, 8484], [8491, 8493], [8491, 8496], [8497, 8498], [8497, 8503], [8503, 8504], [8504, 8505], [8504, 8510], [8510, 8511], [8511, 8512], [8511, 8524], [8513, 8514], [8513, 8515], [8515, 8516], [8515, 8518], [8530, 8531], [8530, 8532], [8565, 8566], [8565, 8570], [8567, 8565], [8567, 8568], [8570, 8571], [8570, 8574], [8589, 8590], [8589, 8593], [8593, 8597], [8597, 8606], [8607, 8608], [8607, 8611], [8619, 8620], [8619, 8622], [8625, 8626], [8625, 8627], [8636, 8637], [8636, 8651], [8639, 8642], [8643, 8644], [8643, 8646], [8651, 8652], [8652, 8653], [8667, 8668], [8667, 8669], [8680, 8681], [8680, 8682], [8692, 8696], [8696, 8699], [8704, 8705], [8704, 8714], [8705, 8706], [8705, 8708], [8708, 8709], [8708, 8710], [8710, 8704], [8718, 8719], [8718, 8720], [8720, 8722], [8722, 8723], [8722, 8725], [8730, 8733], [8756, 8757], [8756, 8758], [8776, 8777], [8776, 8790], [8777, 8783], [8793, 8794], [8793, 8795], [8807, 8808], [8807, 8812], [8812, 8813], [8812, 8820], [8824, 8828], [8831, 8832], [8839, 8840], [8839, 8844], [8845, 8846], [8845, 8852], [8848, 8849], [8855, 8856], [8855, 8857], [8872, 8873], [8872, 8874], [8883, 8887], [8901, 8902], [8901, 8903], [8912, 8916], [8926, 8927], [8926, 8928], [8944, 8948], [8948, 8951], [8966, 8967], [8966, 8969], [8974, 8975], [8974, 8978], [8994, 8995], [8998, 8999], [8998, 9001], [9016, 9017], [9016, 9018], [9035, 9036], [9035, 9037], [9060, 9061], [9060, 9062], [9078, 9082], [9084, 9087], [9095, 9096], [9095, 9106], [9098, 9100], [9112, 9113], [9112, 9117], [9118, 9123], [9127, 9128], [9127, 9129], [9148, 9149], [9150, 9162], [9168, 9169], [9168, 9178], [9169, 9168], [9169, 9170], [9172, 9176], [9178, 9179], [9178, 9180], [9180, 9181], [9187, 9188], [9187, 9189], [9212, -9212], [9212, 9212], [9212, 9213], [9213, -9213], [9213, 9213], [9213, 9216], [9221, 9229], [9230, -9230], [9230, 9230], [9230, 9232], [9234, 9235], [9234, 9260], [9238, 9239], [9238, 9242], [9239, -9239], [9239, 9240], [9239, 9242], [9245, 9246], [9252, 9255], [9263, 9264], [9263, 9265], [9278, 9279], [9278, 9280], [9300, 9301], [9300, 9302], [9311, 9312], [9311, 9313], [9320, 9323], [9328, 9329], [9328, 9330], [9350, 9351], [9350, 9352], [9371, 9372], [9371, 9377], [9372, 9371], [9372, 9373], [9382, 9383], [9382, 9384], [9411, 9412], [9462, 9463], [9462, 9473], [9463, 9464], [9473, 9474], [9473, 9476], [9507, 9508], [9507, 9509], [9522, 9523], [9522, 9524], [9530, 9533], [9536, 9537], [9536, 9538], [9544, 9548], [9551, 9552], [9551, 9553], [9563, 9564], [9572, 9573], [9580, 9581], [9580, 9582], [9589, 9591], [9594, 9595], [9594, 9596], [9603, 9605], [9608, 9609], [9608, 9610], [9623, 9625], [9628, 9629], [9628, 9630], [9637, 9638], [9643, 9644], [9643, 9646], [9679, -9679], [9679, 9680], [9759, 9760], [9794, -9794], [9794, 9794], [9794, 9795], [9796, -9796], [9796, 9796], [9796, 9797], [9801, 9802], [9801, 9809], [9802, 9803], [9803, 9802], [9803, 9804], [9809, 9810], [9809, 9828], [9811, 9812], [9812, 9811], [9812, 9813], [9817, 9818], [9819, 9820], [9819, 9822], [9844, 9848], [9871, 9872], [9871, 9874], [9884, 9886], [9884, 9887], [9899, 9900], [9923, 9927], [9927, 9928], [9927, 9932], [9932, 9933], [9932, 9944], [9934, -9934], [9934, 9934], [9934, 9935], [9935, 9936], [9936, 9937], [9944, 9945], [9944, 9951], [9959, 9962], [9964, 9965], [9964, 9967], [9971, 9972], [9971, 9974], [9977, 9978], [9977, 9979], [9985, 9989], [9991, 9995], [9995, 9999], [10002, 10003], [10002, 10010], [10003, 10004], [10003, 10005], [10005, 10006], [10005, 10008], [10048, 10049], [10048, 10059], [10052, 10053], [10052, 10056], [10060, 10061], [10060, 10063], [10063, 10064], [10063, 10066], [10092, 10093], [10092, 10114], [10093, 10095], [10093, 10103], [10095, 10096], [10095, 10100], [10103, 10092], [10103, 10104], [10110, 10111], [10110, 10112], [10114, 10116], [10156, 10157], [10156, 10163], [10157, 10158], [10194, 10197], [10197, -10197], [10197, 10197], [10197, 10198], [10197, 10200], [10205, 10206], [10205, 10212], [10209, 10212], [10228, 10229], [10228, 10232], [10229, 10228], [10229, 10230], [10235, 10236], [10235, 10237], [10251, 10252], [10251, 10253], [10264, 10267], [10271, 10272], [10271, 10273], [10284, 10287], [10288, -10288], [10288, 10289], [10297, 10298], [10297, 10299], [10310, 10311], [10310, 10312], [10398, 10402], [10404, 10408], [10409, 10413], [10413, 10414], [10413, 10417], [10415, 10413], [10422, 10423], [10426, 10430], [10430, 10431], [10430, 10434], [10437, -10437], [10437, 10437], [10437, 10438], [10458, 10459], [10458, 10466], [10461, 10462], [10510, 10512], [10510, 10518], [10520, 10521], [10520, 10522], [10527, -10527], [10527, 10527], [10527, 10528], [10527, 10529], [10533, -10531], [10533, 10534], [10533, 10535], [10542, 10545], [10566, 10567], [10566, 10570], [10570, -10562], [10570, 10571], [10570, 10592], [10571, 10570], [10571, 10572], [10575, 10576], [10575, 10579], [10597, 10600], [10601, 10604], [10605, 10606], [10605, 10608], [10610, 10631], [10631, -10631], [10631, 10632], [10632, 10633], [10632, 10651], [10633, 10636], [10636, -10636], [10636, 10636], [10636, 10637], [10637, -10637], [10637, 10637], [10637, 10638], [10638, 10642], [10727, 10728], [10727, 10737], [10751, 10766], [10821, 10824], [10833, 10835], [10839, 10840], [10839, 10850], [10847, 10849], [10866, 10872], [10883, -10883], [10883, 10884], [10895, 10896], [10895, 10898], [10898, 10899], [10898, 10900], [10907, 10909], [10909, 10910], [10909, 10913], [10910, 10912], [10917, -10915], [10917, 10918], [10937, 10939], [10937, 10944], [10940, 10941], [10944, 10945], [10945, 10946], [10946, 10947], [10960, 10962], [10965, 10966], [10965, 10967], [10986, 10987], [10986, 10988], [11010, 11011], [11010, 11012], [11012, -11008], [11012, 11014], [11014, -11008], [11014, 11015], [11014, 11029], [11017, 11020], [11020, 11021], [11020, 11028], [11023, 11024], [11023, 11025], [11034, -11031], [11034, 11035], [11034, 11036], [11041, -11038], [11041, 11042], [11041, 11046], [11043, 11044], [11043, 11045], [11051, -11048], [11051, 11052], [11051, 11053], [11056, 11057], [11056, 11058], [11062, -11060], [11062, 11063], [11062, 11064], [11070, 11071], [11070, 11072], [11094, 11095], [11094, 11096], [11104, 11105], [11104, 11106], [11106, 11107], [11106, 11111], [11107, 11108], [11107, 11110], [11116, 11117], [11116, 11118], [11118, 11119], [11118, 11120], [11155, 11156], [11155, 11157], [11157, 11160], [11188, -11185], [11188, 11189], [11188, 11197], [11190, 11192], [11193, 11195], [11206, -11204], [11206, 11207], [11206, 11208], [11217, 11218], [11217, 11219], [11220, 11222], [11243, 11244], [11243, 11249], [11243, 11250], [11247, 11243], [11258, 11259], [11258, 11261], [11261, 11264], [11264, 11265], [11290, 11291], [11291, 11292], [11291, 11295], [11296, 11297], [11297, 11298], [11297, 11301], [11302, 11303], [11303, 11304], [11303, 11307], [11312, 11317], [11317, 11318], [11317, 11323], [11319, 11317], [11335, 11337], [11337, 11338], [11337, 11340], [11340, 11341], [11340, 11344], [11342, 11344], [11375, 11378], [11378, 11379], [11378, 11382], [11382, 11388], [11394, 11394], [11394, 11395], [11395, 11397], [11398, 11402], [11405, 11395], [11405, 11406], [11457, 11458], [11457, 11459], [11463, 11464], [11463, 11466], [11467, -11462], [11470, 11471], [11471, 11476], [11476, 11482], [11498, 11504], [11516, 11517], [11516, 11523], [11544, 11546], [11550, 11551], [11553, 11554], [11579, 11584]], "missing_branches": [[113, 114], [113, 115], [173, 174], [181, 182], [202, 203], [203, 204], [203, 205], [210, 215], [224, 225], [247, 248], [248, 250], [248, 252], [252, 254], [252, 259], [264, 266], [380, 383], [397, 398], [399, 403], [427, 429], [465, 467], [467, 468], [467, 470], [481, 483], [532, -531], [534, -533], [538, -537], [542, -541], [544, -543], [546, -545], [680, 681], [746, 747], [836, 839], [841, 842], [849, 851], [855, 856], [872, 875], [924, 947], [939, 942], [1034, 1035], [1039, 1044], [1139, 1140], [1143, 1149], [1158, 1162], [1190, 1191], [1193, 1194], [1237, 1242], [1242, 1247], [1265, 1267], [1290, 1302], [1297, 1300], [1326, 1332], [1341, 1346], [1479, 1480], [1483, 1484], [1488, 1489], [1492, 1493], [1502, 1503], [1517, 1518], [1517, 1524], [1518, 1519], [1518, 1520], [1610, -1606], [1611, -1606], [1632, 1633], [1637, 1638], [1641, 1642], [1667, 1668], [1691, 1694], [1722, 1723], [1741, 1742], [1748, 1749], [1748, 1750], [1755, 1756], [1780, 1782], [1807, 1808], [1819, 1820], [1819, 1821], [1833, 1834], [1902, 1904], [1927, 1931], [1971, -1970], [1992, -1990], [1992, 1993], [2010, 2011], [2010, 2012], [2079, 2080], [2107, 2087], [2151, 2157], [2171, 2172], [2171, 2175], [2176, 2177], [2176, 2179], [2190, 2191], [2190, 2194], [2196, 2197], [2196, 2200], [2201, 2202], [2201, 2204], [2205, 2207], [2205, 2212], [2207, 2208], [2207, 2209], [2270, 2269], [2302, 2303], [2389, 2390], [2391, 2392], [2391, 2394], [2401, 2403], [2403, 2404], [2403, 2406], [2459, 2460], [2459, 2461], [2461, 2463], [2461, 2464], [2464, 2465], [2464, 2466], [2474, 2475], [2474, 2476], [2476, 2477], [2476, 2479], [2487, 2488], [2487, 2490], [2488, 2489], [2488, 2495], [2490, 2491], [2490, 2494], [2491, 2492], [2491, 2495], [2500, 2502], [2500, 2505], [2505, 2507], [2505, 2510], [2514, 2515], [2514, 2518], [2520, 2521], [2520, 2523], [2521, 2522], [2521, 2538], [2523, 2524], [2523, 2526], [2524, 2525], [2524, 2538], [2526, 2527], [2526, 2529], [2527, 2528], [2527, 2538], [2529, 2530], [2529, 2532], [2530, 2531], [2530, 2538], [2532, 2533], [2532, 2536], [2533, 2534], [2533, 2538], [2542, 2543], [2542, 2545], [2546, 2547], [2546, 2548], [2586, 2587], [2586, 2588], [2592, 2593], [2592, 2594], [2618, 2619], [2618, 2620], [2620, 2621], [2620, 2622], [2622, 2623], [2622, 2624], [2628, 2629], [2628, 2631], [2640, -2640], [2640, 2641], [2644, 2645], [2644, 2668], [2645, 2646], [2645, 2668], [2646, 2647], [2646, 2648], [2648, 2649], [2648, 2651], [2651, 2652], [2651, 2654], [2654, 2655], [2654, 2656], [2656, 2657], [2656, 2668], [2657, 2658], [2657, 2668], [2658, 2659], [2658, 2660], [2660, 2661], [2660, 2662], [2662, 2663], [2662, 2664], [2664, 2665], [2664, 2666], [2666, 2667], [2666, 2668], [2671, 2672], [2671, 2678], [2673, 2674], [2673, 2675], [2678, 2679], [2678, 2686], [2680, 2681], [2680, 2682], [2683, 2684], [2683, 2685], [2686, 2687], [2686, 2692], [2688, 2689], [2688, 2690], [2749, 2750], [2749, 2751], [2764, 2765], [2764, 2766], [2766, 2767], [2766, 2768], [2768, 2769], [2768, 2770], [2807, 2808], [2807, 2829], [2810, 2811], [2810, 2813], [2811, 2812], [2811, 2829], [2813, 2814], [2813, 2816], [2814, 2815], [2814, 2829], [2816, 2819], [2816, 2822], [2820, 2821], [2820, 2829], [2822, 2825], [2822, 2829], [2826, 2827], [2826, 2829], [2829, 2830], [2829, 2831], [2893, -2893], [2893, 2894], [2898, 2899], [2898, 2900], [2900, 2901], [2900, 2902], [2902, 2903], [2902, 2904], [2904, 2905], [2904, 2906], [2906, 2907], [2906, 2909], [2909, 2910], [2909, 2911], [2911, 2912], [2911, 2913], [2913, 2914], [2913, 2915], [2915, 2916], [2915, 2917], [2917, 2918], [2917, 2919], [2919, 2920], [2919, 2921], [2921, 2922], [2921, 2923], [2923, 2924], [2923, 2925], [2925, 2926], [2925, 2927], [2927, 2928], [2927, 2929], [2929, 2930], [2929, 2931], [2931, 2932], [2931, 2933], [2937, 2940], [2941, 2942], [2941, 2943], [2943, 2944], [2964, 2965], [2964, 2966], [3054, 3055], [3054, 3057], [3072, -3072], [3072, 3073], [3075, 3076], [3075, 3081], [3076, 3077], [3076, 3081], [3077, 3078], [3077, 3081], [3078, 3079], [3078, 3081], [3079, 3080], [3079, 3081], [3085, 3086], [3085, 3088], [3089, 3090], [3089, 3091], [3159, 3160], [3159, 3161], [3180, -3180], [3180, 3181], [3184, 3185], [3184, 3200], [3185, 3186], [3185, 3200], [3186, 3187], [3186, 3200], [3187, 3188], [3187, 3200], [3188, 3189], [3188, 3200], [3189, 3190], [3189, 3200], [3190, 3191], [3190, 3200], [3191, 3192], [3191, 3200], [3192, 3193], [3192, 3200], [3193, 3194], [3193, 3200], [3194, 3195], [3194, 3200], [3195, 3196], [3195, 3200], [3196, 3197], [3196, 3200], [3197, 3198], [3197, 3200], [3198, 3199], [3198, 3200], [3204, 3205], [3204, 3207], [3208, 3209], [3208, 3210], [3318, 3319], [3318, 3320], [3320, 3321], [3320, 3322], [3322, 3323], [3322, 3324], [3324, 3325], [3324, 3326], [3326, 3327], [3326, 3328], [3328, 3329], [3328, 3330], [3330, 3331], [3330, 3332], [3332, 3333], [3332, 3334], [3338, 3339], [3338, 3341], [3342, 3343], [3342, 3344], [3371, 3372], [3378, 3379], [3378, 3381], [3381, 3382], [3381, 3385], [3387, 3388], [3387, 3392], [3396, -3395], [3397, 3398], [3402, -3401], [3403, 3404], [3408, -3407], [3408, 3409], [3409, -3407], [3409, 3410], [3414, -3413], [3414, 3415], [3415, -3413], [3415, 3416], [3426, 3427], [3426, 3429], [3427, 3426], [3427, 3428], [3447, 3448], [3447, 3449], [3465, 3467], [3485, 3486], [3508, 3509], [3512, 3516], [3513, 3514], [3527, 3528], [3531, 3535], [3542, 3545], [3601, 3604], [3619, 3625], [3623, 3624], [3646, 3649], [3650, 3651], [3650, 3653], [3653, 3654], [3653, 3658], [3654, 3653], [3654, 3655], [3655, 3656], [3655, 3657], [3675, 3678], [3678, 3679], [3678, 3692], [3684, 3685], [3684, 3690], [3746, 3747], [3757, 3758], [3762, -3735], [3787, 3788], [3787, 3790], [3801, 3807], [3808, 3809], [3808, 3813], [3828, 3829], [3913, 3914], [3932, 3936], [3949, 3950], [3949, 3951], [3952, 3953], [3952, 3954], [4112, 4115], [4119, 4120], [4124, -4118], [4129, 4130], [4139, 4140], [4139, 4142], [4165, 4166], [4168, 4178], [4190, 4192], [4249, 4252], [4259, 4260], [4261, 4262], [4261, 4269], [4263, 4264], [4263, 4266], [4269, 4270], [4271, 4272], [4271, 4279], [4273, 4274], [4273, 4277], [4281, 4303], [4289, 4290], [4291, 4285], [4291, 4293], [4334, 4337], [4340, 4344], [4355, 4356], [4355, 4359], [4382, 4383], [4383, 4384], [4383, 4389], [4391, 4392], [4392, 4393], [4392, 4398], [4408, 4409], [4408, 4414], [4420, 4423], [4456, 4457], [4456, 4461], [4555, 4556], [4560, 4568], [4563, 4564], [4582, 4583], [4591, 4593], [4612, 4617], [4675, 4676], [4677, 4679], [4690, 4695], [4716, 4721], [4774, 4775], [4802, 4803], [4807, 4808], [4810, 4813], [4815, 4816], [4816, 4817], [4816, 4819], [4837, 4839], [4852, 4853], [4860, 4861], [4862, -4862], [4862, 4863], [4863, 4864], [4863, 4865], [4911, 4913], [4927, 4928], [4944, 4945], [4948, 4949], [4952, 4953], [4993, -4993], [4993, 4995], [4995, 4996], [4995, 4997], [5017, -5017], [5017, 5019], [5019, 5020], [5019, 5021], [5040, 5042], [5073, 5076], [5105, 5106], [5110, 5111], [5161, -5161], [5161, -5158], [5186, 5190], [5190, -5183], [5190, 5191], [5203, 5204], [5209, 5207], [5219, 5220], [5252, 5256], [5257, 5258], [5257, 5259], [5258, -5258], [5258, 5257], [5259, 5260], [5259, 5262], [5260, -5260], [5260, 5259], [5262, 5263], [5262, 5273], [5263, 5262], [5263, 5264], [5266, 5263], [5266, 5267], [5338, 5339], [5370, 5371], [5397, 5401], [5407, 5408], [5411, 5412], [5417, 5392], [5424, 5425], [5426, 5427], [5426, 5436], [5427, 5426], [5427, 5428], [5428, 5429], [5428, 5430], [5431, 5426], [5431, 5432], [5432, -5423], [5432, 5433], [5475, 5476], [5487, 5485], [5488, 5485], [5495, 5496], [5495, 5498], [5496, 5495], [5496, 5497], [5523, 5524], [5523, 5526], [5524, 5523], [5524, 5525], [5564, 5565], [5574, 5575], [5632, 5633], [5660, 5661], [5660, 5664], [5670, 5671], [5670, 5673], [5688, 5689], [5688, 5690], [5704, 5705], [5704, 5708], [5708, 5709], [5708, 5712], [5715, 5716], [5715, 5750], [5727, -5727], [5727, 5728], [5736, 5737], [5736, 5741], [5744, 5745], [5744, 5748], [5751, 5752], [5751, 5754], [5782, 5783], [5797, 5798], [5803, 5804], [5807, 5808], [5812, 5813], [5836, 5840], [5866, 5869], [5885, 5888], [5898, 5902], [5917, 5920], [5932, 5934], [5946, 5943], [5954, 5959], [5955, 5959], [5965, 5966], [5984, 5985], [5985, 5986], [5985, 5988], [5988, 5989], [5989, 5990], [5989, 5992], [5990, -5990], [5990, 5994], [5992, -5992], [5992, 5994], [5994, 5995], [5997, 5998], [5997, 6007], [6001, 6002], [6001, 6004], [6004, 6005], [6004, 6015], [6008, 6009], [6008, 6011], [6029, 6030], [6034, 6035], [6040, 6041], [6044, 6045], [6085, 6086], [6091, 6092], [6100, 6101], [6241, 6242], [6312, 6313], [6316, 6317], [6327, 6332], [6366, 6367], [6375, 6391], [6376, 6377], [6385, 6386], [6419, 6422], [6424, 6426], [6426, 6427], [6428, 6429], [6473, 6477], [6475, 6473], [6487, 6488], [6490, 6491], [6498, 6499], [6516, 6517], [6530, 6532], [6566, 6567], [6566, 6571], [6567, 6568], [6567, 6569], [6572, 6573], [6572, 6576], [6583, 6584], [6587, 6588], [6589, 6590], [6608, 6610], [6630, 6631], [6635, 6636], [6642, 6645], [6645, -6645], [6645, 6649], [6656, 6657], [6678, 6679], [6719, 6720], [6719, 6722], [6727, -6727], [6727, 6728], [6732, 6733], [6753, 6754], [6784, 6785], [6793, 6794], [6810, 6811], [6814, 6815], [6820, 6823], [6847, 6848], [6856, 6858], [6876, 6877], [6887, 6888], [6910, 6911], [6921, 6922], [6951, 6952], [6962, 6963], [6967, 6968], [7018, 7020], [7053, 7054], [7066, 7067], [7076, 7087], [7102, 7103], [7107, 7108], [7161, 7162], [7162, 7154], [7162, 7163], [7163, 7154], [7163, 7164], [7164, 7154], [7164, 7165], [7165, 7154], [7165, 7167], [7167, 7168], [7213, 7214], [7218, 7219], [7291, 7292], [7295, 7296], [7315, 7317], [7322, 7323], [7371, 7372], [7441, 7443], [7456, 7457], [7460, 7461], [7465, 7466], [7471, 7472], [7474, 7477], [7478, 7479], [7483, 7484], [7484, 7485], [7484, 7486], [7486, 7487], [7489, 7491], [7489, 7492], [7498, 7499], [7504, 7505], [7530, 7536], [7545, 7546], [7545, 7590], [7546, 7547], [7546, 7549], [7551, 7552], [7551, 7554], [7557, 7560], [7557, 7563], [7572, 7573], [7572, 7575], [7576, 7577], [7576, 7579], [7580, 7581], [7580, 7583], [7585, 7586], [7585, 7588], [7590, 7591], [7590, 7593], [7604, 7605], [7627, 7628], [7628, -7628], [7628, 7633], [7659, 7660], [7661, 7662], [7661, 7666], [7668, 7669], [7684, 7685], [7684, 7687], [7695, 7698], [7705, 7706], [7705, 7707], [7707, 7708], [7707, 7711], [7712, 7714], [7712, 7717], [7720, 7721], [7720, 7724], [7724, 7725], [7724, 7728], [7735, 7736], [7735, 7742], [7744, 7745], [7744, 7748], [7766, 7767], [7766, 7769], [7772, 7773], [7772, 7795], [7773, 7774], [7773, 7776], [7776, 7777], [7776, 7780], [7777, 7772], [7777, 7778], [7781, 7782], [7781, 7784], [7784, 7772], [7784, 7786], [7791, 7772], [7791, 7792], [7792, 7791], [7792, 7793], [7795, 7796], [7795, 7798], [7798, -7798], [7798, 7800], [7801, 7802], [7801, 7806], [7808, 7809], [7808, 7810], [7824, 7825], [7844, 7845], [7846, 7847], [7846, 7848], [7866, 7870], [7882, -7879], [7889, 7890], [7892, 7893], [7892, 7895], [7897, 7900], [7902, 7885], [7916, 7917], [7920, 7921], [7927, 7928], [7929, 7930], [7929, 7932], [7936, 7976], [7938, 7939], [7959, 7960], [7982, 7983], [7985, 7998], [7989, 7990], [7991, 7992], [7995, 7996], [8004, 8005], [8007, 8008], [8010, 8011], [8021, 8022], [8023, 8039], [8032, 8033], [8039, 8040], [8039, 8041], [8054, 8053], [8055, 8056], [8056, 8053], [8056, 8057], [8064, 8065], [8113, 8114], [8123, 8124], [8128, 8129], [8130, 8133], [8152, 8153], [8158, 8161], [8186, 8190], [8191, 8192], [8191, 8193], [8215, 8216], [8265, 8266], [8266, -8266], [8266, 8267], [8353, 8354], [8357, 8358], [8453, 8454], [8470, 8471], [8503, 8524], [8510, 8524], [8593, 8594], [8597, 8598], [8599, 8600], [8599, 8603], [8639, 8640], [8651, 8663], [8652, 8656], [8656, 8657], [8656, 8661], [8692, 8693], [8696, 8697], [8710, 8711], [8712, 8704], [8712, 8713], [8720, 8721], [8730, 8731], [8777, 8778], [8778, 8779], [8778, 8780], [8780, 8781], [8780, 8783], [8824, 8825], [8831, 8839], [8848, 8850], [8883, 8884], [8912, 8913], [8944, 8945], [8948, 8949], [8994, 9013], [9078, 9079], [9084, 9085], [9098, 9099], [9118, 9119], [9148, 9153], [9150, 9151], [9153, 9154], [9153, 9159], [9155, 9156], [9155, 9162], [9172, 9173], [9180, 9183], [9221, 9222], [9225, 9226], [9225, 9229], [9245, 9249], [9252, 9253], [9286, 9287], [9286, 9290], [9291, 9292], [9291, 9294], [9320, 9321], [9343, 9344], [9343, 9346], [9411, 9415], [9415, 9416], [9415, 9417], [9443, 9444], [9443, 9448], [9445, 9446], [9445, 9450], [9450, 9451], [9450, 9455], [9452, 9453], [9452, 9456], [9463, 9471], [9530, 9531], [9544, 9545], [9546, 9547], [9546, 9548], [9563, 9566], [9572, 9577], [9589, 9590], [9603, 9604], [9623, 9624], [9637, 9639], [9730, 9731], [9730, 9732], [9741, 9742], [9741, 9744], [9746, 9747], [9746, 9757], [9752, 9753], [9752, 9757], [9759, 9761], [9802, 9801], [9811, 9809], [9817, 9822], [9844, 9845], [9899, 9901], [9923, 9924], [9935, 9942], [9936, 9940], [9959, 9960], [9985, 9986], [9991, 9992], [9995, 9996], [10020, 10022], [10020, 10024], [10022, -10022], [10022, -10017], [10024, 10026], [10024, 10029], [10026, -10026], [10026, -10017], [10029, -10029], [10029, -10017], [10083, 10084], [10083, 10086], [10114, 10115], [10134, 10135], [10134, 10138], [10138, 10139], [10138, 10140], [10157, 10161], [10179, 10180], [10179, 10183], [10194, 10195], [10209, 10210], [10264, 10265], [10284, 10285], [10327, 10328], [10327, 10331], [10332, 10333], [10332, 10336], [10346, -10346], [10346, 10348], [10365, 10366], [10365, 10372], [10375, 10376], [10375, 10377], [10398, 10399], [10404, 10405], [10409, 10410], [10415, 10416], [10422, 10434], [10426, 10427], [10448, -10446], [10448, 10449], [10449, -10446], [10449, 10450], [10461, 10463], [10542, 10543], [10597, 10598], [10601, 10602], [10610, 10611], [10633, 10634], [10638, 10639], [10661, -10653], [10661, 10662], [10665, -10665], [10665, 10669], [10679, -10675], [10679, 10684], [10685, 10686], [10685, 10688], [10688, 10689], [10688, 10691], [10697, 10698], [10697, 10699], [10699, 10700], [10699, 10702], [10703, 10704], [10703, 10706], [10704, 10703], [10704, 10705], [10751, 10752], [10755, 10756], [10755, 10766], [10760, 10761], [10760, 10766], [10772, 10773], [10772, 10795], [10778, 10779], [10778, 10780], [10780, 10781], [10780, 10782], [10782, 10783], [10782, 10785], [10788, 10789], [10788, 10795], [10795, 10796], [10795, 10813], [10800, -10800], [10800, 10801], [10804, 10805], [10804, 10808], [10805, 10804], [10805, 10806], [10814, 10815], [10814, 10816], [10821, 10823], [10833, 10834], [10847, 10848], [10854, 10855], [10854, 10856], [10866, 10869], [10907, 10908], [10910, 10911], [10940, -10935], [10944, -10935], [10945, -10935], [10946, -10935], [10960, 10961], [11012, 11013], [11017, 11018], [11139, 11140], [11139, 11141], [11141, 11142], [11141, 11143], [11143, 11144], [11143, 11145], [11157, 11158], [11190, 11191], [11193, 11194], [11220, 11221], [11247, 11248], [11261, 11262], [11264, 11268], [11290, 11295], [11296, 11301], [11302, 11307], [11312, 11313], [11319, 11320], [11335, 11336], [11342, 11343], [11375, 11376], [11382, 11383], [11383, 11384], [11383, 11388], [11384, -11384], [11384, 11385], [11394, -11394], [11395, 11410], [11398, 11399], [11467, 11468], [11470, -52], [11471, 11472], [11476, 11477], [11498, 11499], [11544, 11548], [11550, 11578], [11553, 11570], [11579, 11580]]}}, "totals": {"covered_lines": 5932, "num_statements": 7825, "percent_covered": 71.54066985645933, "percent_covered_display": "72", "missing_lines": 1893, "excluded_lines": 0, "num_branches": 2625, "num_partial_branches": 421, "covered_branches": 1544, "missing_branches": 1081}}