<?xml version="1.0" ?>
<coverage version="7.4.4" timestamp="1712551462791" lines-valid="7825" lines-covered="5932" line-rate="0.7581" branches-valid="2625" branches-covered="1544" branch-rate="0.5882" complexity="0">
	<!-- Generated by coverage.py: https://coverage.readthedocs.io/en/7.4.4 -->
	<!-- Based on https://raw.githubusercontent.com/cobertura/web/master/htdocs/xml/coverage-04.dtd -->
	<sources>
		<source>/home/runner/work/gef/gef</source>
	</sources>
	<packages>
		<package name="." line-rate="0.7581" branch-rate="0.5882" complexity="0">
			<classes>
				<class name="gef.py" filename="gef.py" complexity="0" line-rate="0.7581" branch-rate="0.5882">
					<methods/>
					<lines>
						<line number="52" hits="1"/>
						<line number="53" hits="1"/>
						<line number="54" hits="1"/>
						<line number="55" hits="1"/>
						<line number="56" hits="1"/>
						<line number="57" hits="1"/>
						<line number="58" hits="1"/>
						<line number="59" hits="1"/>
						<line number="60" hits="1"/>
						<line number="61" hits="1"/>
						<line number="62" hits="1"/>
						<line number="63" hits="1"/>
						<line number="64" hits="1"/>
						<line number="65" hits="1"/>
						<line number="66" hits="1"/>
						<line number="67" hits="1"/>
						<line number="68" hits="1"/>
						<line number="69" hits="1"/>
						<line number="70" hits="1"/>
						<line number="71" hits="1"/>
						<line number="72" hits="1"/>
						<line number="73" hits="1"/>
						<line number="74" hits="1"/>
						<line number="75" hits="1"/>
						<line number="76" hits="1"/>
						<line number="77" hits="1"/>
						<line number="78" hits="1"/>
						<line number="79" hits="1"/>
						<line number="80" hits="1"/>
						<line number="81" hits="1"/>
						<line number="82" hits="1"/>
						<line number="83" hits="1"/>
						<line number="84" hits="1"/>
						<line number="85" hits="1"/>
						<line number="86" hits="1"/>
						<line number="89" hits="1"/>
						<line number="92" hits="1"/>
						<line number="93" hits="1"/>
						<line number="95" hits="1"/>
						<line number="98" hits="1"/>
						<line number="99" hits="1"/>
						<line number="100" hits="1"/>
						<line number="101" hits="1"/>
						<line number="102" hits="1"/>
						<line number="105" hits="1"/>
						<line number="107" hits="0"/>
						<line number="110" hits="1"/>
						<line number="111" hits="1"/>
						<line number="112" hits="0"/>
						<line number="113" hits="0" branch="true" condition-coverage="0% (0/2)" missing-branches="114,115"/>
						<line number="114" hits="0"/>
						<line number="115" hits="0"/>
						<line number="116" hits="0"/>
						<line number="119" hits="1"/>
						<line number="120" hits="1"/>
						<line number="121" hits="1"/>
						<line number="122" hits="1"/>
						<line number="124" hits="1"/>
						<line number="125" hits="1"/>
						<line number="127" hits="1"/>
						<line number="130" hits="1"/>
						<line number="131" hits="1"/>
						<line number="133" hits="1"/>
						<line number="134" hits="1"/>
						<line number="136" hits="1"/>
						<line number="137" hits="1"/>
						<line number="138" hits="1"/>
						<line number="139" hits="1"/>
						<line number="140" hits="1"/>
						<line number="141" hits="1"/>
						<line number="142" hits="1"/>
						<line number="143" hits="1"/>
						<line number="144" hits="1"/>
						<line number="145" hits="1"/>
						<line number="146" hits="1"/>
						<line number="148" hits="1"/>
						<line number="149" hits="1"/>
						<line number="150" hits="1"/>
						<line number="151" hits="1"/>
						<line number="153" hits="1"/>
						<line number="156" hits="1"/>
						<line number="160" hits="1" branch="true" condition-coverage="100% (2/2)"/>
						<line number="161" hits="1"/>
						<line number="162" hits="1" branch="true" condition-coverage="100% (2/2)"/>
						<line number="163" hits="1"/>
						<line number="165" hits="1"/>
						<line number="166" hits="1"/>
						<line number="169" hits="1"/>
						<line number="172" hits="1"/>
						<line number="173" hits="1" branch="true" condition-coverage="50% (1/2)" missing-branches="174"/>
						<line number="174" hits="0"/>
						<line number="175" hits="0"/>
						<line number="176" hits="0"/>
						<line number="178" hits="1"/>
						<line number="179" hits="1"/>
						<line number="181" hits="1" branch="true" condition-coverage="50% (1/2)" missing-branches="182"/>
						<line number="182" hits="0"/>
						<line number="183" hits="1"/>
						<line number="186" hits="1"/>
						<line number="199" hits="1" branch="true" condition-coverage="100% (2/2)"/>
						<line number="200" hits="1"/>
						<line number="202" hits="1" branch="true" condition-coverage="50% (1/2)" missing-branches="203"/>
						<line number="203" hits="0" branch="true" condition-coverage="0% (0/2)" missing-branches="204,205"/>
						<line number="204" hits="0"/>
						<line number="205" hits="0"/>
						<line number="207" hits="1"/>
						<line number="209" hits="1" branch="true" condition-coverage="100% (2/2)"/>
						<line number="210" hits="1" branch="true" condition-coverage="50% (1/2)" missing-branches="215"/>
						<line number="211" hits="1"/>
						<line number="212" hits="1" branch="true" condition-coverage="100% (2/2)"/>
						<line number="213" hits="1"/>
						<line number="214" hits="1"/>
						<line number="215" hits="1"/>
						<line number="216" hits="1"/>
						<line number="218" hits="1"/>
						<line number="221" hits="1"/>
						<line number="223" hits="1" branch="true" condition-coverage="100% (2/2)"/>
						<line number="224" hits="1" branch="true" condition-coverage="50% (1/2)" missing-branches="225"/>
						<line number="225" hits="0"/>
						<line number="226" hits="0"/>
						<line number="228" hits="1"/>
						<line number="229" hits="1"/>
						<line number="232" hits="1"/>
						<line number="235" hits="1"/>
						<line number="236" hits="1"/>
						<line number="239" hits="1" branch="true" condition-coverage="100% (2/2)"/>
						<line number="240" hits="1"/>
						<line number="242" hits="1"/>
						<line number="243" hits="1"/>
						<line number="244" hits="1"/>
						<line number="246" hits="1"/>
						<line number="247" hits="1" branch="true" condition-coverage="50% (1/2)" missing-branches="248"/>
						<line number="248" hits="0" branch="true" condition-coverage="0% (0/2)" missing-branches="250,252"/>
						<line number="250" hits="0"/>
						<line number="251" hits="0"/>
						<line number="252" hits="0" branch="true" condition-coverage="0% (0/2)" missing-branches="254,259"/>
						<line number="254" hits="0"/>
						<line number="255" hits="0"/>
						<line number="256" hits="0"/>
						<line number="259" hits="0"/>
						<line number="261" hits="1"/>
						<line number="262" hits="1"/>
						<line number="264" hits="1" branch="true" condition-coverage="50% (1/2)" missing-branches="266"/>
						<line number="266" hits="0"/>
						<line number="267" hits="0"/>
						<line number="268" hits="0"/>
						<line number="270" hits="1"/>
						<line number="271" hits="1"/>
						<line number="272" hits="1"/>
						<line number="273" hits="1"/>
						<line number="275" hits="1"/>
						<line number="282" hits="1"/>
						<line number="284" hits="1"/>
						<line number="286" hits="1"/>
						<line number="288" hits="0"/>
						<line number="289" hits="0"/>
						<line number="292" hits="1"/>
						<line number="294" hits="0"/>
						<line number="295" hits="0"/>
						<line number="298" hits="1"/>
						<line number="300" hits="0"/>
						<line number="301" hits="0"/>
						<line number="304" hits="1"/>
						<line number="306" hits="0"/>
						<line number="307" hits="0"/>
						<line number="310" hits="1"/>
						<line number="312" hits="1"/>
						<line number="313" hits="1"/>
						<line number="316" hits="1"/>
						<line number="318" hits="1"/>
						<line number="319" hits="1"/>
						<line number="322" hits="1"/>
						<line number="324" hits="1"/>
						<line number="325" hits="1"/>
						<line number="328" hits="1"/>
						<line number="330" hits="1"/>
						<line number="331" hits="1"/>
						<line number="334" hits="1"/>
						<line number="336" hits="1"/>
						<line number="337" hits="1"/>
						<line number="338" hits="0"/>
						<line number="339" hits="0"/>
						<line number="342" hits="1"/>
						<line number="344" hits="1"/>
						<line number="345" hits="1"/>
						<line number="346" hits="0"/>
						<line number="347" hits="0"/>
						<line number="350" hits="1"/>
						<line number="352" hits="1"/>
						<line number="353" hits="1"/>
						<line number="354" hits="1"/>
						<line number="355" hits="0"/>
						<line number="356" hits="0"/>
						<line number="362" hits="1"/>
						<line number="365" hits="1"/>
						<line number="366" hits="1"/>
						<line number="367" hits="1" branch="true" condition-coverage="100% (2/2)"/>
						<line number="368" hits="1"/>
						<line number="370" hits="1"/>
						<line number="372" hits="1"/>
						<line number="375" hits="1"/>
						<line number="378" hits="1"/>
						<line number="379" hits="1"/>
						<line number="380" hits="1" branch="true" condition-coverage="50% (1/2)" missing-branches="383"/>
						<line number="381" hits="1"/>
						<line number="383" hits="0"/>
						<line number="385" hits="1"/>
						<line number="388" hits="1"/>
						<line number="390" hits="1"/>
						<line number="391" hits="1"/>
						<line number="392" hits="1"/>
						<line number="393" hits="1"/>
						<line number="394" hits="1"/>
						<line number="395" hits="1"/>
						<line number="396" hits="1"/>
						<line number="397" hits="1" branch="true" condition-coverage="50% (1/2)" missing-branches="398"/>
						<line number="398" hits="0"/>
						<line number="399" hits="1" branch="true" condition-coverage="50% (1/2)" missing-branches="403"/>
						<line number="400" hits="1" branch="true" condition-coverage="100% (2/2)"/>
						<line number="401" hits="1"/>
						<line number="402" hits="1"/>
						<line number="403" hits="1"/>
						<line number="405" hits="1" branch="true" condition-coverage="100% (2/2)"/>
						<line number="406" hits="1"/>
						<line number="407" hits="1"/>
						<line number="408" hits="1"/>
						<line number="409" hits="1"/>
						<line number="412" hits="1"/>
						<line number="415" hits="1"/>
						<line number="416" hits="1"/>
						<line number="417" hits="1"/>
						<line number="418" hits="1"/>
						<line number="420" hits="1"/>
						<line number="423" hits="1"/>
						<line number="425" hits="1"/>
						<line number="426" hits="1"/>
						<line number="427" hits="1" branch="true" condition-coverage="50% (1/2)" missing-branches="429"/>
						<line number="428" hits="1"/>
						<line number="429" hits="0"/>
						<line number="430" hits="1"/>
						<line number="431" hits="1"/>
						<line number="434" hits="1"/>
						<line number="436" hits="1"/>
						<line number="437" hits="1"/>
						<line number="438" hits="1"/>
						<line number="441" hits="1"/>
						<line number="442" hits="0"/>
						<line number="445" hits="1"/>
						<line number="448" hits="1"/>
						<line number="452" hits="1" branch="true" condition-coverage="100% (2/2)"/>
						<line number="454" hits="1"/>
						<line number="455" hits="1"/>
						<line number="456" hits="1"/>
						<line number="457" hits="1" branch="true" condition-coverage="100% (2/2)"/>
						<line number="458" hits="1"/>
						<line number="459" hits="1"/>
						<line number="460" hits="1" branch="true" condition-coverage="100% (2/2)"/>
						<line number="461" hits="1"/>
						<line number="463" hits="1"/>
						<line number="464" hits="1"/>
						<line number="465" hits="1" branch="true" condition-coverage="50% (1/2)" missing-branches="467"/>
						<line number="467" hits="0" branch="true" condition-coverage="0% (0/2)" missing-branches="468,470"/>
						<line number="468" hits="0"/>
						<line number="470" hits="0"/>
						<line number="472" hits="1" branch="true" condition-coverage="100% (2/2)"/>
						<line number="473" hits="1"/>
						<line number="474" hits="1"/>
						<line number="476" hits="1"/>
						<line number="478" hits="1"/>
						<line number="480" hits="1" branch="true" condition-coverage="100% (2/2)"/>
						<line number="481" hits="1" branch="true" condition-coverage="50% (1/2)" missing-branches="483"/>
						<line number="483" hits="0"/>
						<line number="484" hits="1"/>
						<line number="485" hits="1"/>
						<line number="486" hits="1" branch="true" condition-coverage="100% (2/2)"/>
						<line number="487" hits="1"/>
						<line number="488" hits="1" branch="true" condition-coverage="100% (2/2)"/>
						<line number="489" hits="1"/>
						<line number="490" hits="1" branch="true" condition-coverage="100% (2/2)"/>
						<line number="491" hits="1"/>
						<line number="492" hits="1"/>
						<line number="493" hits="1"/>
						<line number="495" hits="1"/>
						<line number="496" hits="1"/>
						<line number="497" hits="1"/>
						<line number="498" hits="1"/>
						<line number="499" hits="1"/>
						<line number="502" hits="1"/>
						<line number="504" hits="1"/>
						<line number="523" hits="1"/>
						<line number="524" hits="1" branch="true" condition-coverage="100% (2/2)"/>
						<line number="525" hits="1"/>
						<line number="526" hits="1" branch="true" condition-coverage="100% (2/2)"/>
						<line number="527" hits="1"/>
						<line number="528" hits="1" branch="true" condition-coverage="100% (2/2)"/>
						<line number="529" hits="1"/>
						<line number="530" hits="1" branch="true" condition-coverage="100% (2/2)"/>
						<line number="531" hits="1"/>
						<line number="532" hits="1" branch="true" condition-coverage="50% (1/2)" missing-branches="exit"/>
						<line number="533" hits="1"/>
						<line number="534" hits="1" branch="true" condition-coverage="50% (1/2)" missing-branches="exit"/>
						<line number="535" hits="1"/>
						<line number="536" hits="1" branch="true" condition-coverage="100% (2/2)"/>
						<line number="537" hits="1"/>
						<line number="538" hits="1" branch="true" condition-coverage="50% (1/2)" missing-branches="exit"/>
						<line number="539" hits="1"/>
						<line number="540" hits="1" branch="true" condition-coverage="100% (2/2)"/>
						<line number="541" hits="1"/>
						<line number="542" hits="1" branch="true" condition-coverage="50% (1/2)" missing-branches="exit"/>
						<line number="543" hits="1"/>
						<line number="544" hits="1" branch="true" condition-coverage="50% (1/2)" missing-branches="exit"/>
						<line number="545" hits="1"/>
						<line number="546" hits="1" branch="true" condition-coverage="50% (1/2)" missing-branches="exit"/>
						<line number="548" hits="1"/>
						<line number="549" hits="1"/>
						<line number="551" hits="1" branch="true" condition-coverage="100% (2/2)"/>
						<line number="553" hits="1"/>
						<line number="554" hits="1" branch="true" condition-coverage="100% (2/2)"/>
						<line number="555" hits="1"/>
						<line number="556" hits="1"/>
						<line number="557" hits="1"/>
						<line number="558" hits="1"/>
						<line number="559" hits="1"/>
						<line number="560" hits="1"/>
						<line number="563" hits="1"/>
						<line number="565" hits="1"/>
						<line number="566" hits="1"/>
						<line number="567" hits="1"/>
						<line number="568" hits="1"/>
						<line number="569" hits="1"/>
						<line number="571" hits="1"/>
						<line number="572" hits="1"/>
						<line number="573" hits="1"/>
						<line number="574" hits="1"/>
						<line number="575" hits="1"/>
						<line number="576" hits="1" branch="true" condition-coverage="100% (2/2)"/>
						<line number="577" hits="1"/>
						<line number="578" hits="1" branch="true" condition-coverage="100% (2/2)"/>
						<line number="579" hits="1"/>
						<line number="580" hits="1" branch="true" condition-coverage="100% (2/2)"/>
						<line number="581" hits="1"/>
						<line number="582" hits="1"/>
						<line number="584" hits="1"/>
						<line number="585" hits="0"/>
						<line number="587" hits="1"/>
						<line number="588" hits="1"/>
						<line number="591" hits="1"/>
						<line number="592" hits="1"/>
						<line number="594" hits="1"/>
						<line number="595" hits="1"/>
						<line number="597" hits="1"/>
						<line number="598" hits="1"/>
						<line number="599" hits="1"/>
						<line number="600" hits="1"/>
						<line number="602" hits="1"/>
						<line number="603" hits="1"/>
						<line number="604" hits="1" branch="true" condition-coverage="100% (2/2)"/>
						<line number="607" hits="1"/>
						<line number="609" hits="1"/>
						<line number="610" hits="1"/>
						<line number="611" hits="1"/>
						<line number="612" hits="1"/>
						<line number="613" hits="1"/>
						<line number="615" hits="1"/>
						<line number="616" hits="1"/>
						<line number="617" hits="1"/>
						<line number="618" hits="1"/>
						<line number="619" hits="1"/>
						<line number="620" hits="1"/>
						<line number="622" hits="1"/>
						<line number="623" hits="1"/>
						<line number="624" hits="1"/>
						<line number="625" hits="1" branch="true" condition-coverage="100% (2/2)"/>
						<line number="626" hits="1"/>
						<line number="627" hits="1"/>
						<line number="628" hits="1"/>
						<line number="629" hits="1"/>
						<line number="631" hits="1"/>
						<line number="632" hits="1"/>
						<line number="633" hits="1"/>
						<line number="634" hits="1"/>
						<line number="635" hits="1"/>
						<line number="636" hits="1"/>
						<line number="637" hits="1"/>
						<line number="639" hits="1"/>
						<line number="640" hits="1"/>
						<line number="641" hits="1"/>
						<line number="644" hits="1"/>
						<line number="645" hits="1"/>
						<line number="646" hits="1"/>
						<line number="648" hits="1"/>
						<line number="649" hits="1"/>
						<line number="650" hits="1"/>
						<line number="651" hits="1"/>
						<line number="652" hits="1"/>
						<line number="653" hits="1"/>
						<line number="654" hits="1"/>
						<line number="657" hits="1"/>
						<line number="660" hits="1"/>
						<line number="661" hits="1"/>
						<line number="662" hits="1"/>
						<line number="663" hits="1"/>
						<line number="664" hits="1"/>
						<line number="665" hits="1"/>
						<line number="666" hits="1"/>
						<line number="667" hits="1"/>
						<line number="669" hits="1"/>
						<line number="670" hits="0"/>
						<line number="672" hits="1"/>
						<line number="673" hits="1"/>
						<line number="675" hits="1"/>
						<line number="676" hits="1"/>
						<line number="678" hits="1"/>
						<line number="679" hits="1"/>
						<line number="680" hits="1" branch="true" condition-coverage="50% (1/2)" missing-branches="681"/>
						<line number="681" hits="0"/>
						<line number="682" hits="1"/>
						<line number="684" hits="1"/>
						<line number="685" hits="1"/>
						<line number="687" hits="0"/>
						<line number="689" hits="1"/>
						<line number="690" hits="0"/>
						<line number="693" hits="1"/>
						<line number="694" hits="0"/>
						<line number="696" hits="1"/>
						<line number="697" hits="1"/>
						<line number="703" hits="1"/>
						<line number="704" hits="0"/>
						<line number="706" hits="1"/>
						<line number="707" hits="0"/>
						<line number="710" hits="1"/>
						<line number="713" hits="1"/>
						<line number="714" hits="1"/>
						<line number="715" hits="1"/>
						<line number="717" hits="1"/>
						<line number="718" hits="1"/>
						<line number="720" hits="1"/>
						<line number="721" hits="0"/>
						<line number="723" hits="1"/>
						<line number="724" hits="0"/>
						<line number="727" hits="1"/>
						<line number="728" hits="1"/>
						<line number="731" hits="1"/>
						<line number="732" hits="1"/>
						<line number="733" hits="1"/>
						<line number="734" hits="1"/>
						<line number="735" hits="1"/>
						<line number="736" hits="1"/>
						<line number="738" hits="1"/>
						<line number="739" hits="0"/>
						<line number="741" hits="1"/>
						<line number="743" hits="1"/>
						<line number="744" hits="1"/>
						<line number="745" hits="1" branch="true" condition-coverage="100% (2/2)"/>
						<line number="746" hits="1" branch="true" condition-coverage="50% (1/2)" missing-branches="747"/>
						<line number="747" hits="0"/>
						<line number="748" hits="1"/>
						<line number="749" hits="1"/>
						<line number="751" hits="1"/>
						<line number="752" hits="1"/>
						<line number="753" hits="0"/>
						<line number="755" hits="1"/>
						<line number="756" hits="0"/>
						<line number="759" hits="1"/>
						<line number="766" hits="1"/>
						<line number="767" hits="1"/>
						<line number="768" hits="1"/>
						<line number="770" hits="1"/>
						<line number="772" hits="1"/>
						<line number="773" hits="1"/>
						<line number="774" hits="1"/>
						<line number="775" hits="1"/>
						<line number="776" hits="1"/>
						<line number="777" hits="1"/>
						<line number="778" hits="1"/>
						<line number="779" hits="1"/>
						<line number="780" hits="1"/>
						<line number="781" hits="1"/>
						<line number="782" hits="1"/>
						<line number="783" hits="1"/>
						<line number="784" hits="1"/>
						<line number="786" hits="1"/>
						<line number="787" hits="1"/>
						<line number="788" hits="1"/>
						<line number="789" hits="1"/>
						<line number="790" hits="1"/>
						<line number="792" hits="1"/>
						<line number="793" hits="1"/>
						<line number="794" hits="1"/>
						<line number="795" hits="1"/>
						<line number="796" hits="1"/>
						<line number="797" hits="1"/>
						<line number="798" hits="1"/>
						<line number="799" hits="1"/>
						<line number="800" hits="1"/>
						<line number="801" hits="1"/>
						<line number="803" hits="1"/>
						<line number="804" hits="1"/>
						<line number="805" hits="1"/>
						<line number="806" hits="1"/>
						<line number="807" hits="1"/>
						<line number="808" hits="1"/>
						<line number="809" hits="1"/>
						<line number="810" hits="1"/>
						<line number="811" hits="1"/>
						<line number="812" hits="1"/>
						<line number="813" hits="1"/>
						<line number="814" hits="1"/>
						<line number="815" hits="1"/>
						<line number="816" hits="1"/>
						<line number="817" hits="1"/>
						<line number="818" hits="1"/>
						<line number="819" hits="1"/>
						<line number="820" hits="1"/>
						<line number="821" hits="1"/>
						<line number="822" hits="1"/>
						<line number="824" hits="1"/>
						<line number="825" hits="1"/>
						<line number="826" hits="1"/>
						<line number="827" hits="1"/>
						<line number="829" hits="1"/>
						<line number="831" hits="1"/>
						<line number="834" hits="1" branch="true" condition-coverage="100% (2/2)"/>
						<line number="835" hits="1"/>
						<line number="836" hits="1" branch="true" condition-coverage="50% (1/2)" missing-branches="839"/>
						<line number="837" hits="1"/>
						<line number="839" hits="0"/>
						<line number="841" hits="1" branch="true" condition-coverage="50% (1/2)" missing-branches="842"/>
						<line number="842" hits="0"/>
						<line number="844" hits="1"/>
						<line number="846" hits="1" branch="true" condition-coverage="100% (2/2)"/>
						<line number="848" hits="1"/>
						<line number="849" hits="1" branch="true" condition-coverage="50% (1/2)" missing-branches="851"/>
						<line number="851" hits="0"/>
						<line number="853" hits="1"/>
						<line number="855" hits="1" branch="true" condition-coverage="50% (1/2)" missing-branches="856"/>
						<line number="856" hits="0"/>
						<line number="858" hits="1"/>
						<line number="861" hits="1"/>
						<line number="862" hits="1"/>
						<line number="865" hits="1"/>
						<line number="868" hits="1"/>
						<line number="869" hits="1"/>
						<line number="872" hits="1" branch="true" condition-coverage="50% (1/2)" missing-branches="875"/>
						<line number="873" hits="1"/>
						<line number="875" hits="0"/>
						<line number="877" hits="1"/>
						<line number="878" hits="1"/>
						<line number="880" hits="1"/>
						<line number="881" hits="1" branch="true" condition-coverage="100% (2/2)"/>
						<line number="882" hits="1"/>
						<line number="884" hits="1"/>
						<line number="885" hits="1" branch="true" condition-coverage="100% (2/2)"/>
						<line number="886" hits="1"/>
						<line number="887" hits="1"/>
						<line number="889" hits="1"/>
						<line number="890" hits="1"/>
						<line number="892" hits="1"/>
						<line number="893" hits="1"/>
						<line number="894" hits="1"/>
						<line number="895" hits="1"/>
						<line number="897" hits="1"/>
						<line number="898" hits="1"/>
						<line number="900" hits="1"/>
						<line number="901" hits="0"/>
						<line number="903" hits="1"/>
						<line number="904" hits="0"/>
						<line number="906" hits="1"/>
						<line number="907" hits="1"/>
						<line number="908" hits="1"/>
						<line number="910" hits="1"/>
						<line number="911" hits="1"/>
						<line number="912" hits="1"/>
						<line number="914" hits="1"/>
						<line number="915" hits="1"/>
						<line number="924" hits="1" branch="true" condition-coverage="50% (1/2)" missing-branches="947"/>
						<line number="925" hits="1"/>
						<line number="926" hits="1"/>
						<line number="927" hits="1"/>
						<line number="928" hits="1"/>
						<line number="929" hits="1"/>
						<line number="930" hits="1" branch="true" condition-coverage="100% (2/2)"/>
						<line number="931" hits="1" branch="true" condition-coverage="100% (2/2)"/>
						<line number="932" hits="1"/>
						<line number="933" hits="1"/>
						<line number="935" hits="1"/>
						<line number="936" hits="1"/>
						<line number="937" hits="1"/>
						<line number="938" hits="1"/>
						<line number="939" hits="1" branch="true" condition-coverage="50% (1/2)" missing-branches="942"/>
						<line number="940" hits="1"/>
						<line number="942" hits="0"/>
						<line number="943" hits="1"/>
						<line number="944" hits="1"/>
						<line number="945" hits="1"/>
						<line number="946" hits="1"/>
						<line number="947" hits="1"/>
						<line number="949" hits="1"/>
						<line number="950" hits="1"/>
						<line number="951" hits="1" branch="true" condition-coverage="100% (2/2)"/>
						<line number="953" hits="1"/>
						<line number="954" hits="1"/>
						<line number="955" hits="1" branch="true" condition-coverage="100% (2/2)"/>
						<line number="957" hits="1"/>
						<line number="958" hits="1"/>
						<line number="959" hits="1" branch="true" condition-coverage="100% (2/2)"/>
						<line number="961" hits="1"/>
						<line number="962" hits="1"/>
						<line number="963" hits="1" branch="true" condition-coverage="100% (2/2)"/>
						<line number="965" hits="1"/>
						<line number="966" hits="1"/>
						<line number="967" hits="1" branch="true" condition-coverage="100% (2/2)"/>
						<line number="969" hits="1"/>
						<line number="970" hits="1"/>
						<line number="971" hits="1" branch="true" condition-coverage="100% (2/2)"/>
						<line number="973" hits="1"/>
						<line number="974" hits="1"/>
						<line number="975" hits="1" branch="true" condition-coverage="100% (2/2)"/>
						<line number="977" hits="1"/>
						<line number="978" hits="1"/>
						<line number="979" hits="1" branch="true" condition-coverage="100% (2/2)"/>
						<line number="981" hits="1"/>
						<line number="982" hits="1"/>
						<line number="983" hits="1" branch="true" condition-coverage="100% (2/2)"/>
						<line number="985" hits="1"/>
						<line number="986" hits="1"/>
						<line number="987" hits="1" branch="true" condition-coverage="100% (2/2)"/>
						<line number="990" hits="1"/>
						<line number="991" hits="1"/>
						<line number="992" hits="1"/>
						<line number="993" hits="1"/>
						<line number="994" hits="1"/>
						<line number="995" hits="1"/>
						<line number="996" hits="1"/>
						<line number="997" hits="1"/>
						<line number="998" hits="1"/>
						<line number="999" hits="1"/>
						<line number="1000" hits="1"/>
						<line number="1001" hits="1"/>
						<line number="1002" hits="1"/>
						<line number="1003" hits="1"/>
						<line number="1004" hits="1"/>
						<line number="1005" hits="1"/>
						<line number="1006" hits="1"/>
						<line number="1007" hits="1"/>
						<line number="1008" hits="1"/>
						<line number="1009" hits="1"/>
						<line number="1010" hits="1"/>
						<line number="1011" hits="1"/>
						<line number="1012" hits="1"/>
						<line number="1013" hits="1"/>
						<line number="1015" hits="1"/>
						<line number="1016" hits="1"/>
						<line number="1017" hits="0"/>
						<line number="1019" hits="1"/>
						<line number="1020" hits="1"/>
						<line number="1021" hits="1"/>
						<line number="1022" hits="1"/>
						<line number="1024" hits="1"/>
						<line number="1025" hits="1"/>
						<line number="1026" hits="1"/>
						<line number="1027" hits="1"/>
						<line number="1028" hits="1"/>
						<line number="1029" hits="1"/>
						<line number="1030" hits="1"/>
						<line number="1031" hits="1"/>
						<line number="1033" hits="1"/>
						<line number="1034" hits="1" branch="true" condition-coverage="50% (1/2)" missing-branches="1035"/>
						<line number="1035" hits="0"/>
						<line number="1036" hits="1"/>
						<line number="1037" hits="1"/>
						<line number="1038" hits="1"/>
						<line number="1039" hits="1" branch="true" condition-coverage="50% (1/2)" missing-branches="1044"/>
						<line number="1040" hits="1"/>
						<line number="1041" hits="1"/>
						<line number="1042" hits="1"/>
						<line number="1044" hits="0"/>
						<line number="1045" hits="0"/>
						<line number="1046" hits="0"/>
						<line number="1048" hits="1"/>
						<line number="1049" hits="1"/>
						<line number="1051" hits="1"/>
						<line number="1052" hits="0"/>
						<line number="1057" hits="1"/>
						<line number="1058" hits="1"/>
						<line number="1059" hits="1"/>
						<line number="1060" hits="1"/>
						<line number="1061" hits="1"/>
						<line number="1062" hits="1"/>
						<line number="1063" hits="1"/>
						<line number="1064" hits="1"/>
						<line number="1065" hits="1"/>
						<line number="1066" hits="1"/>
						<line number="1067" hits="1"/>
						<line number="1068" hits="1"/>
						<line number="1069" hits="1"/>
						<line number="1070" hits="1"/>
						<line number="1071" hits="1"/>
						<line number="1072" hits="1"/>
						<line number="1073" hits="1"/>
						<line number="1074" hits="1"/>
						<line number="1075" hits="1"/>
						<line number="1076" hits="1"/>
						<line number="1077" hits="1"/>
						<line number="1078" hits="1"/>
						<line number="1079" hits="1"/>
						<line number="1080" hits="1"/>
						<line number="1081" hits="1"/>
						<line number="1082" hits="1"/>
						<line number="1083" hits="1"/>
						<line number="1084" hits="1"/>
						<line number="1085" hits="1"/>
						<line number="1086" hits="1"/>
						<line number="1087" hits="1"/>
						<line number="1088" hits="1"/>
						<line number="1089" hits="1"/>
						<line number="1090" hits="1"/>
						<line number="1091" hits="1"/>
						<line number="1092" hits="1"/>
						<line number="1093" hits="1"/>
						<line number="1094" hits="1"/>
						<line number="1095" hits="1"/>
						<line number="1096" hits="1"/>
						<line number="1097" hits="1"/>
						<line number="1098" hits="1"/>
						<line number="1100" hits="1"/>
						<line number="1101" hits="1"/>
						<line number="1102" hits="0"/>
						<line number="1104" hits="1"/>
						<line number="1105" hits="1"/>
						<line number="1106" hits="1"/>
						<line number="1107" hits="1"/>
						<line number="1108" hits="1"/>
						<line number="1109" hits="1"/>
						<line number="1110" hits="1"/>
						<line number="1111" hits="1"/>
						<line number="1112" hits="1"/>
						<line number="1113" hits="1"/>
						<line number="1114" hits="1"/>
						<line number="1115" hits="1"/>
						<line number="1116" hits="1"/>
						<line number="1117" hits="1"/>
						<line number="1118" hits="1"/>
						<line number="1119" hits="1"/>
						<line number="1120" hits="1"/>
						<line number="1122" hits="1"/>
						<line number="1123" hits="1"/>
						<line number="1124" hits="1"/>
						<line number="1126" hits="1"/>
						<line number="1127" hits="1"/>
						<line number="1128" hits="1"/>
						<line number="1129" hits="1"/>
						<line number="1130" hits="1"/>
						<line number="1131" hits="1"/>
						<line number="1132" hits="1"/>
						<line number="1133" hits="1"/>
						<line number="1134" hits="1"/>
						<line number="1135" hits="1"/>
						<line number="1136" hits="1"/>
						<line number="1138" hits="1"/>
						<line number="1139" hits="1" branch="true" condition-coverage="50% (1/2)" missing-branches="1140"/>
						<line number="1140" hits="0"/>
						<line number="1141" hits="1"/>
						<line number="1142" hits="1"/>
						<line number="1143" hits="1" branch="true" condition-coverage="50% (1/2)" missing-branches="1149"/>
						<line number="1144" hits="1"/>
						<line number="1145" hits="1"/>
						<line number="1146" hits="1"/>
						<line number="1147" hits="1"/>
						<line number="1149" hits="0"/>
						<line number="1150" hits="0"/>
						<line number="1151" hits="0"/>
						<line number="1152" hits="0"/>
						<line number="1154" hits="1"/>
						<line number="1155" hits="1"/>
						<line number="1156" hits="1"/>
						<line number="1158" hits="1" branch="true" condition-coverage="50% (1/2)" missing-branches="1162"/>
						<line number="1159" hits="1"/>
						<line number="1160" hits="1"/>
						<line number="1162" hits="0"/>
						<line number="1163" hits="0"/>
						<line number="1164" hits="1"/>
						<line number="1165" hits="1"/>
						<line number="1166" hits="1"/>
						<line number="1167" hits="1"/>
						<line number="1168" hits="1" branch="true" condition-coverage="100% (2/2)"/>
						<line number="1169" hits="1"/>
						<line number="1170" hits="1"/>
						<line number="1171" hits="1"/>
						<line number="1173" hits="1"/>
						<line number="1174" hits="0"/>
						<line number="1179" hits="1"/>
						<line number="1182" hits="1"/>
						<line number="1183" hits="1"/>
						<line number="1185" hits="1"/>
						<line number="1189" hits="1"/>
						<line number="1190" hits="1" branch="true" condition-coverage="50% (1/2)" missing-branches="1191"/>
						<line number="1191" hits="0"/>
						<line number="1193" hits="1" branch="true" condition-coverage="50% (1/2)" missing-branches="1194"/>
						<line number="1194" hits="0"/>
						<line number="1196" hits="1"/>
						<line number="1198" hits="1" branch="true" condition-coverage="100% (2/2)"/>
						<line number="1199" hits="1" branch="true" condition-coverage="100% (2/2)"/>
						<line number="1200" hits="1"/>
						<line number="1201" hits="1"/>
						<line number="1204" hits="1"/>
						<line number="1205" hits="1"/>
						<line number="1207" hits="1"/>
						<line number="1208" hits="1"/>
						<line number="1210" hits="1"/>
						<line number="1211" hits="1"/>
						<line number="1213" hits="1"/>
						<line number="1214" hits="0"/>
						<line number="1215" hits="0"/>
						<line number="1218" hits="1"/>
						<line number="1219" hits="1"/>
						<line number="1220" hits="1"/>
						<line number="1222" hits="1"/>
						<line number="1225" hits="1"/>
						<line number="1226" hits="1"/>
						<line number="1227" hits="1"/>
						<line number="1228" hits="1"/>
						<line number="1229" hits="1"/>
						<line number="1230" hits="1"/>
						<line number="1231" hits="1"/>
						<line number="1232" hits="1"/>
						<line number="1237" hits="1" branch="true" condition-coverage="50% (1/2)" missing-branches="1242"/>
						<line number="1238" hits="1"/>
						<line number="1241" hits="1"/>
						<line number="1242" hits="1" branch="true" condition-coverage="50% (1/2)" missing-branches="1247"/>
						<line number="1243" hits="1"/>
						<line number="1246" hits="1"/>
						<line number="1247" hits="1"/>
						<line number="1250" hits="1"/>
						<line number="1251" hits="1"/>
						<line number="1253" hits="1"/>
						<line number="1254" hits="1"/>
						<line number="1255" hits="1"/>
						<line number="1256" hits="1"/>
						<line number="1258" hits="1"/>
						<line number="1259" hits="1"/>
						<line number="1260" hits="1"/>
						<line number="1261" hits="1"/>
						<line number="1262" hits="1"/>
						<line number="1264" hits="1"/>
						<line number="1265" hits="1" branch="true" condition-coverage="50% (1/2)" missing-branches="1267"/>
						<line number="1266" hits="1"/>
						<line number="1267" hits="0"/>
						<line number="1269" hits="1"/>
						<line number="1270" hits="0"/>
						<line number="1272" hits="1"/>
						<line number="1273" hits="0"/>
						<line number="1275" hits="1"/>
						<line number="1276" hits="1"/>
						<line number="1277" hits="1"/>
						<line number="1279" hits="1"/>
						<line number="1280" hits="1"/>
						<line number="1281" hits="0"/>
						<line number="1283" hits="1"/>
						<line number="1284" hits="1"/>
						<line number="1285" hits="0"/>
						<line number="1287" hits="1"/>
						<line number="1288" hits="1"/>
						<line number="1290" hits="1" branch="true" condition-coverage="50% (1/2)" missing-branches="1302"/>
						<line number="1295" hits="1"/>
						<line number="1296" hits="1"/>
						<line number="1297" hits="1" branch="true" condition-coverage="50% (1/2)" missing-branches="1300"/>
						<line number="1298" hits="1"/>
						<line number="1300" hits="0"/>
						<line number="1301" hits="0"/>
						<line number="1302" hits="0"/>
						<line number="1304" hits="1"/>
						<line number="1305" hits="1"/>
						<line number="1306" hits="1"/>
						<line number="1309" hits="1"/>
						<line number="1312" hits="1"/>
						<line number="1313" hits="1"/>
						<line number="1314" hits="1"/>
						<line number="1315" hits="1"/>
						<line number="1316" hits="1"/>
						<line number="1317" hits="1"/>
						<line number="1319" hits="1"/>
						<line number="1320" hits="1"/>
						<line number="1321" hits="1"/>
						<line number="1322" hits="1"/>
						<line number="1326" hits="1" branch="true" condition-coverage="50% (1/2)" missing-branches="1332"/>
						<line number="1328" hits="1"/>
						<line number="1332" hits="1"/>
						<line number="1341" hits="1" branch="true" condition-coverage="50% (1/2)" missing-branches="1346"/>
						<line number="1343" hits="1"/>
						<line number="1346" hits="1"/>
						<line number="1350" hits="1"/>
						<line number="1351" hits="1"/>
						<line number="1352" hits="1"/>
						<line number="1354" hits="1"/>
						<line number="1355" hits="1"/>
						<line number="1356" hits="1"/>
						<line number="1357" hits="0"/>
						<line number="1358" hits="0"/>
						<line number="1361" hits="1"/>
						<line number="1362" hits="1"/>
						<line number="1364" hits="1"/>
						<line number="1365" hits="1"/>
						<line number="1366" hits="1"/>
						<line number="1367" hits="1"/>
						<line number="1368" hits="1"/>
						<line number="1370" hits="1"/>
						<line number="1371" hits="0"/>
						<line number="1373" hits="1"/>
						<line number="1374" hits="1"/>
						<line number="1376" hits="1"/>
						<line number="1377" hits="1"/>
						<line number="1378" hits="1"/>
						<line number="1380" hits="1"/>
						<line number="1381" hits="1"/>
						<line number="1383" hits="1"/>
						<line number="1384" hits="1" branch="true" condition-coverage="100% (2/2)"/>
						<line number="1385" hits="1"/>
						<line number="1387" hits="1"/>
						<line number="1388" hits="1"/>
						<line number="1389" hits="1"/>
						<line number="1391" hits="1"/>
						<line number="1392" hits="1"/>
						<line number="1394" hits="1"/>
						<line number="1395" hits="1"/>
						<line number="1398" hits="1"/>
						<line number="1400" hits="1"/>
						<line number="1401" hits="0"/>
						<line number="1403" hits="1"/>
						<line number="1404" hits="1"/>
						<line number="1405" hits="1"/>
						<line number="1407" hits="1"/>
						<line number="1408" hits="1"/>
						<line number="1409" hits="1"/>
						<line number="1411" hits="1"/>
						<line number="1412" hits="1"/>
						<line number="1413" hits="1"/>
						<line number="1415" hits="1"/>
						<line number="1416" hits="1"/>
						<line number="1417" hits="1"/>
						<line number="1419" hits="1"/>
						<line number="1420" hits="1"/>
						<line number="1421" hits="1"/>
						<line number="1423" hits="1"/>
						<line number="1424" hits="1"/>
						<line number="1425" hits="1"/>
						<line number="1427" hits="1"/>
						<line number="1428" hits="1"/>
						<line number="1429" hits="1"/>
						<line number="1431" hits="1"/>
						<line number="1432" hits="1"/>
						<line number="1433" hits="0"/>
						<line number="1435" hits="1"/>
						<line number="1436" hits="1"/>
						<line number="1437" hits="1"/>
						<line number="1439" hits="1"/>
						<line number="1440" hits="1"/>
						<line number="1441" hits="0"/>
						<line number="1443" hits="1"/>
						<line number="1444" hits="1"/>
						<line number="1445" hits="0"/>
						<line number="1447" hits="1"/>
						<line number="1448" hits="1"/>
						<line number="1449" hits="1"/>
						<line number="1451" hits="1"/>
						<line number="1452" hits="1"/>
						<line number="1453" hits="1"/>
						<line number="1455" hits="1"/>
						<line number="1457" hits="1"/>
						<line number="1458" hits="1" branch="true" condition-coverage="100% (2/2)"/>
						<line number="1459" hits="1"/>
						<line number="1460" hits="1"/>
						<line number="1462" hits="1"/>
						<line number="1463" hits="1"/>
						<line number="1464" hits="1"/>
						<line number="1465" hits="1"/>
						<line number="1466" hits="1"/>
						<line number="1468" hits="1"/>
						<line number="1469" hits="0"/>
						<line number="1470" hits="0"/>
						<line number="1471" hits="0"/>
						<line number="1473" hits="1"/>
						<line number="1474" hits="1"/>
						<line number="1476" hits="1"/>
						<line number="1477" hits="1" branch="true" condition-coverage="100% (2/2)"/>
						<line number="1478" hits="1"/>
						<line number="1479" hits="1" branch="true" condition-coverage="50% (1/2)" missing-branches="1480"/>
						<line number="1480" hits="0"/>
						<line number="1481" hits="1"/>
						<line number="1482" hits="1"/>
						<line number="1483" hits="1" branch="true" condition-coverage="50% (1/2)" missing-branches="1484"/>
						<line number="1484" hits="0"/>
						<line number="1485" hits="1"/>
						<line number="1487" hits="1"/>
						<line number="1488" hits="1" branch="true" condition-coverage="50% (1/2)" missing-branches="1489"/>
						<line number="1489" hits="0"/>
						<line number="1490" hits="1"/>
						<line number="1491" hits="1"/>
						<line number="1492" hits="1" branch="true" condition-coverage="50% (1/2)" missing-branches="1493"/>
						<line number="1493" hits="0"/>
						<line number="1494" hits="0"/>
						<line number="1495" hits="0"/>
						<line number="1496" hits="1"/>
						<line number="1498" hits="1"/>
						<line number="1499" hits="1"/>
						<line number="1502" hits="1" branch="true" condition-coverage="50% (1/2)" missing-branches="1503"/>
						<line number="1503" hits="0"/>
						<line number="1505" hits="1"/>
						<line number="1506" hits="1"/>
						<line number="1507" hits="1"/>
						<line number="1508" hits="1"/>
						<line number="1509" hits="1"/>
						<line number="1511" hits="1"/>
						<line number="1512" hits="1"/>
						<line number="1514" hits="0"/>
						<line number="1515" hits="0"/>
						<line number="1516" hits="0"/>
						<line number="1517" hits="0" branch="true" condition-coverage="0% (0/2)" missing-branches="1518,1524"/>
						<line number="1518" hits="0" branch="true" condition-coverage="0% (0/2)" missing-branches="1519,1520"/>
						<line number="1519" hits="0"/>
						<line number="1520" hits="0"/>
						<line number="1521" hits="0"/>
						<line number="1522" hits="0"/>
						<line number="1523" hits="0"/>
						<line number="1524" hits="0"/>
						<line number="1527" hits="1"/>
						<line number="1532" hits="1"/>
						<line number="1533" hits="1"/>
						<line number="1534" hits="1"/>
						<line number="1535" hits="1"/>
						<line number="1537" hits="1"/>
						<line number="1538" hits="1"/>
						<line number="1544" hits="1"/>
						<line number="1545" hits="1"/>
						<line number="1546" hits="1"/>
						<line number="1547" hits="1"/>
						<line number="1548" hits="1"/>
						<line number="1550" hits="1"/>
						<line number="1558" hits="1"/>
						<line number="1560" hits="1"/>
						<line number="1561" hits="1"/>
						<line number="1562" hits="1"/>
						<line number="1563" hits="1"/>
						<line number="1564" hits="1" branch="true" condition-coverage="100% (2/2)"/>
						<line number="1565" hits="1"/>
						<line number="1566" hits="1"/>
						<line number="1567" hits="1"/>
						<line number="1568" hits="1"/>
						<line number="1569" hits="1"/>
						<line number="1571" hits="1"/>
						<line number="1572" hits="1"/>
						<line number="1573" hits="1"/>
						<line number="1575" hits="1"/>
						<line number="1576" hits="1"/>
						<line number="1578" hits="1"/>
						<line number="1579" hits="1"/>
						<line number="1580" hits="0"/>
						<line number="1582" hits="1"/>
						<line number="1583" hits="1"/>
						<line number="1584" hits="1"/>
						<line number="1586" hits="1"/>
						<line number="1587" hits="1"/>
						<line number="1588" hits="1"/>
						<line number="1590" hits="1"/>
						<line number="1591" hits="1"/>
						<line number="1592" hits="1"/>
						<line number="1594" hits="1"/>
						<line number="1595" hits="1"/>
						<line number="1596" hits="0"/>
						<line number="1598" hits="1"/>
						<line number="1599" hits="1"/>
						<line number="1600" hits="0"/>
						<line number="1602" hits="1"/>
						<line number="1603" hits="1"/>
						<line number="1604" hits="0"/>
						<line number="1606" hits="1"/>
						<line number="1608" hits="1"/>
						<line number="1609" hits="1"/>
						<line number="1610" hits="1" branch="true" condition-coverage="50% (1/2)" missing-branches="exit"/>
						<line number="1611" hits="1" branch="true" condition-coverage="50% (1/2)" missing-branches="exit"/>
						<line number="1612" hits="1"/>
						<line number="1614" hits="1"/>
						<line number="1615" hits="1"/>
						<line number="1616" hits="1"/>
						<line number="1618" hits="1"/>
						<line number="1619" hits="1"/>
						<line number="1621" hits="1"/>
						<line number="1622" hits="1"/>
						<line number="1623" hits="1"/>
						<line number="1624" hits="1"/>
						<line number="1626" hits="1"/>
						<line number="1627" hits="1"/>
						<line number="1629" hits="1" branch="true" condition-coverage="100% (2/2)"/>
						<line number="1630" hits="1"/>
						<line number="1632" hits="1" branch="true" condition-coverage="50% (1/2)" missing-branches="1633"/>
						<line number="1633" hits="0"/>
						<line number="1635" hits="1"/>
						<line number="1637" hits="1" branch="true" condition-coverage="50% (1/2)" missing-branches="1638"/>
						<line number="1638" hits="0"/>
						<line number="1640" hits="1"/>
						<line number="1641" hits="1" branch="true" condition-coverage="50% (1/2)" missing-branches="1642"/>
						<line number="1642" hits="0"/>
						<line number="1644" hits="1"/>
						<line number="1645" hits="1"/>
						<line number="1647" hits="1"/>
						<line number="1648" hits="1"/>
						<line number="1649" hits="1"/>
						<line number="1651" hits="1"/>
						<line number="1652" hits="1"/>
						<line number="1654" hits="1"/>
						<line number="1655" hits="1"/>
						<line number="1657" hits="1"/>
						<line number="1658" hits="1"/>
						<line number="1660" hits="1"/>
						<line number="1661" hits="1"/>
						<line number="1663" hits="1"/>
						<line number="1667" hits="1" branch="true" condition-coverage="50% (1/2)" missing-branches="1668"/>
						<line number="1668" hits="0"/>
						<line number="1670" hits="1"/>
						<line number="1671" hits="1"/>
						<line number="1673" hits="1"/>
						<line number="1674" hits="1"/>
						<line number="1675" hits="1"/>
						<line number="1677" hits="1"/>
						<line number="1678" hits="1"/>
						<line number="1679" hits="1"/>
						<line number="1680" hits="1"/>
						<line number="1681" hits="0"/>
						<line number="1682" hits="0"/>
						<line number="1684" hits="1"/>
						<line number="1685" hits="1"/>
						<line number="1686" hits="1"/>
						<line number="1687" hits="1"/>
						<line number="1688" hits="0"/>
						<line number="1689" hits="0"/>
						<line number="1691" hits="1" branch="true" condition-coverage="50% (1/2)" missing-branches="1694"/>
						<line number="1692" hits="1"/>
						<line number="1694" hits="1"/>
						<line number="1696" hits="1"/>
						<line number="1697" hits="0"/>
						<line number="1698" hits="0"/>
						<line number="1700" hits="0"/>
						<line number="1701" hits="0"/>
						<line number="1702" hits="0"/>
						<line number="1703" hits="0"/>
						<line number="1704" hits="0"/>
						<line number="1706" hits="0"/>
						<line number="1707" hits="0"/>
						<line number="1708" hits="0"/>
						<line number="1709" hits="0"/>
						<line number="1711" hits="0"/>
						<line number="1713" hits="1"/>
						<line number="1714" hits="1"/>
						<line number="1717" hits="1"/>
						<line number="1718" hits="1"/>
						<line number="1722" hits="1" branch="true" condition-coverage="50% (1/2)" missing-branches="1723"/>
						<line number="1723" hits="0"/>
						<line number="1724" hits="1"/>
						<line number="1726" hits="1"/>
						<line number="1727" hits="1"/>
						<line number="1728" hits="1" branch="true" condition-coverage="100% (2/2)"/>
						<line number="1729" hits="1"/>
						<line number="1730" hits="1" branch="true" condition-coverage="100% (2/2)"/>
						<line number="1731" hits="1"/>
						<line number="1733" hits="1"/>
						<line number="1736" hits="1"/>
						<line number="1738" hits="1"/>
						<line number="1739" hits="1"/>
						<line number="1740" hits="1"/>
						<line number="1741" hits="1" branch="true" condition-coverage="50% (1/2)" missing-branches="1742"/>
						<line number="1742" hits="0"/>
						<line number="1743" hits="1"/>
						<line number="1745" hits="1"/>
						<line number="1747" hits="0"/>
						<line number="1748" hits="0" branch="true" condition-coverage="0% (0/2)" missing-branches="1749,1750"/>
						<line number="1749" hits="0"/>
						<line number="1750" hits="0"/>
						<line number="1752" hits="1"/>
						<line number="1754" hits="1"/>
						<line number="1755" hits="1" branch="true" condition-coverage="50% (1/2)" missing-branches="1756"/>
						<line number="1756" hits="0"/>
						<line number="1757" hits="1"/>
						<line number="1759" hits="1"/>
						<line number="1760" hits="1"/>
						<line number="1762" hits="1"/>
						<line number="1763" hits="1"/>
						<line number="1764" hits="0"/>
						<line number="1766" hits="1"/>
						<line number="1768" hits="1"/>
						<line number="1769" hits="1"/>
						<line number="1770" hits="1"/>
						<line number="1771" hits="1"/>
						<line number="1773" hits="1"/>
						<line number="1776" hits="1"/>
						<line number="1779" hits="1"/>
						<line number="1780" hits="1" branch="true" condition-coverage="50% (1/2)" missing-branches="1782"/>
						<line number="1781" hits="1"/>
						<line number="1782" hits="1"/>
						<line number="1785" hits="1"/>
						<line number="1786" hits="1"/>
						<line number="1787" hits="1"/>
						<line number="1790" hits="1"/>
						<line number="1791" hits="1"/>
						<line number="1792" hits="1"/>
						<line number="1795" hits="1"/>
						<line number="1796" hits="1"/>
						<line number="1797" hits="1"/>
						<line number="1800" hits="1"/>
						<line number="1801" hits="1"/>
						<line number="1802" hits="1"/>
						<line number="1805" hits="1"/>
						<line number="1807" hits="1" branch="true" condition-coverage="50% (1/2)" missing-branches="1808"/>
						<line number="1808" hits="0"/>
						<line number="1809" hits="0"/>
						<line number="1810" hits="1"/>
						<line number="1811" hits="1"/>
						<line number="1814" hits="1"/>
						<line number="1817" hits="1"/>
						<line number="1818" hits="0"/>
						<line number="1819" hits="0" branch="true" condition-coverage="0% (0/2)" missing-branches="1820,1821"/>
						<line number="1820" hits="0"/>
						<line number="1821" hits="0"/>
						<line number="1823" hits="1"/>
						<line number="1824" hits="1"/>
						<line number="1826" hits="1"/>
						<line number="1827" hits="1"/>
						<line number="1828" hits="1"/>
						<line number="1830" hits="1" branch="true" condition-coverage="100% (2/2)"/>
						<line number="1831" hits="1"/>
						<line number="1833" hits="1" branch="true" condition-coverage="50% (1/2)" missing-branches="1834"/>
						<line number="1834" hits="0"/>
						<line number="1836" hits="1"/>
						<line number="1837" hits="1"/>
						<line number="1839" hits="1"/>
						<line number="1840" hits="1"/>
						<line number="1841" hits="1"/>
						<line number="1842" hits="1"/>
						<line number="1843" hits="1"/>
						<line number="1844" hits="1"/>
						<line number="1845" hits="1"/>
						<line number="1846" hits="1"/>
						<line number="1848" hits="1"/>
						<line number="1849" hits="1"/>
						<line number="1850" hits="1"/>
						<line number="1851" hits="0"/>
						<line number="1852" hits="0"/>
						<line number="1854" hits="1"/>
						<line number="1855" hits="1"/>
						<line number="1856" hits="1"/>
						<line number="1859" hits="1"/>
						<line number="1861" hits="1"/>
						<line number="1862" hits="1"/>
						<line number="1863" hits="1"/>
						<line number="1864" hits="1"/>
						<line number="1867" hits="1"/>
						<line number="1869" hits="1"/>
						<line number="1872" hits="1"/>
						<line number="1873" hits="1"/>
						<line number="1875" hits="1" branch="true" condition-coverage="100% (2/2)"/>
						<line number="1876" hits="1"/>
						<line number="1877" hits="1"/>
						<line number="1878" hits="1" branch="true" condition-coverage="100% (2/2)"/>
						<line number="1879" hits="1"/>
						<line number="1881" hits="1"/>
						<line number="1884" hits="1"/>
						<line number="1885" hits="1"/>
						<line number="1892" hits="1"/>
						<line number="1893" hits="1" branch="true" condition-coverage="100% (2/2)"/>
						<line number="1894" hits="1"/>
						<line number="1896" hits="1" branch="true" condition-coverage="100% (2/2)"/>
						<line number="1897" hits="1"/>
						<line number="1898" hits="1" branch="true" condition-coverage="100% (2/2)"/>
						<line number="1899" hits="1"/>
						<line number="1901" hits="1"/>
						<line number="1902" hits="1" branch="true" condition-coverage="50% (1/2)" missing-branches="1904"/>
						<line number="1903" hits="1"/>
						<line number="1904" hits="1"/>
						<line number="1907" hits="1"/>
						<line number="1915" hits="1"/>
						<line number="1916" hits="1"/>
						<line number="1918" hits="1" branch="true" condition-coverage="100% (2/2)"/>
						<line number="1919" hits="1"/>
						<line number="1920" hits="1" branch="true" condition-coverage="100% (2/2)"/>
						<line number="1922" hits="1" branch="true" condition-coverage="100% (2/2)"/>
						<line number="1923" hits="1"/>
						<line number="1924" hits="1"/>
						<line number="1926" hits="1" branch="true" condition-coverage="100% (2/2)"/>
						<line number="1927" hits="1" branch="true" condition-coverage="50% (1/2)" missing-branches="1931"/>
						<line number="1928" hits="1"/>
						<line number="1929" hits="1"/>
						<line number="1931" hits="0"/>
						<line number="1933" hits="1"/>
						<line number="1934" hits="1"/>
						<line number="1937" hits="1"/>
						<line number="1939" hits="1"/>
						<line number="1942" hits="1"/>
						<line number="1944" hits="1"/>
						<line number="1947" hits="1"/>
						<line number="1949" hits="1"/>
						<line number="1950" hits="1"/>
						<line number="1953" hits="1"/>
						<line number="1955" hits="1"/>
						<line number="1956" hits="1"/>
						<line number="1959" hits="1"/>
						<line number="1960" hits="1"/>
						<line number="1961" hits="1"/>
						<line number="1962" hits="1"/>
						<line number="1964" hits="1"/>
						<line number="1965" hits="1"/>
						<line number="1966" hits="1"/>
						<line number="1969" hits="1"/>
						<line number="1970" hits="1"/>
						<line number="1971" hits="1" branch="true" condition-coverage="50% (1/2)" missing-branches="exit"/>
						<line number="1972" hits="1"/>
						<line number="1973" hits="1"/>
						<line number="1975" hits="1"/>
						<line number="1977" hits="1"/>
						<line number="1978" hits="1"/>
						<line number="1979" hits="1"/>
						<line number="1980" hits="1"/>
						<line number="1981" hits="1"/>
						<line number="1983" hits="1"/>
						<line number="1985" hits="1"/>
						<line number="1986" hits="1"/>
						<line number="1987" hits="1"/>
						<line number="1990" hits="1"/>
						<line number="1992" hits="0" branch="true" condition-coverage="0% (0/2)" missing-branches="exit,1993"/>
						<line number="1993" hits="0"/>
						<line number="1994" hits="0"/>
						<line number="1995" hits="0"/>
						<line number="1996" hits="0"/>
						<line number="1997" hits="0"/>
						<line number="2000" hits="1"/>
						<line number="2002" hits="0"/>
						<line number="2003" hits="0"/>
						<line number="2004" hits="0"/>
						<line number="2006" hits="1"/>
						<line number="2007" hits="1"/>
						<line number="2009" hits="0"/>
						<line number="2010" hits="0" branch="true" condition-coverage="0% (0/2)" missing-branches="2011,2012"/>
						<line number="2011" hits="0"/>
						<line number="2012" hits="0"/>
						<line number="2015" hits="1"/>
						<line number="2016" hits="1"/>
						<line number="2018" hits="0"/>
						<line number="2019" hits="0"/>
						<line number="2020" hits="0"/>
						<line number="2021" hits="0"/>
						<line number="2022" hits="0"/>
						<line number="2024" hits="1"/>
						<line number="2025" hits="1"/>
						<line number="2030" hits="1"/>
						<line number="2031" hits="1" branch="true" condition-coverage="100% (2/2)"/>
						<line number="2032" hits="1"/>
						<line number="2036" hits="1"/>
						<line number="2037" hits="1"/>
						<line number="2038" hits="1"/>
						<line number="2039" hits="1" branch="true" condition-coverage="100% (2/2)"/>
						<line number="2040" hits="1"/>
						<line number="2041" hits="1"/>
						<line number="2044" hits="1"/>
						<line number="2053" hits="1"/>
						<line number="2054" hits="1"/>
						<line number="2056" hits="1" branch="true" condition-coverage="100% (2/2)"/>
						<line number="2057" hits="1"/>
						<line number="2058" hits="1"/>
						<line number="2059" hits="1"/>
						<line number="2060" hits="1"/>
						<line number="2061" hits="1"/>
						<line number="2062" hits="1" branch="true" condition-coverage="100% (2/2)"/>
						<line number="2063" hits="1"/>
						<line number="2064" hits="1"/>
						<line number="2066" hits="1"/>
						<line number="2068" hits="1"/>
						<line number="2069" hits="1"/>
						<line number="2071" hits="1"/>
						<line number="2073" hits="1"/>
						<line number="2076" hits="1"/>
						<line number="2079" hits="1" branch="true" condition-coverage="50% (1/2)" missing-branches="2080"/>
						<line number="2080" hits="0"/>
						<line number="2083" hits="1"/>
						<line number="2087" hits="1" branch="true" condition-coverage="100% (2/2)"/>
						<line number="2088" hits="1"/>
						<line number="2089" hits="1"/>
						<line number="2090" hits="1"/>
						<line number="2092" hits="1"/>
						<line number="2095" hits="1" branch="true" condition-coverage="100% (2/2)"/>
						<line number="2096" hits="1"/>
						<line number="2100" hits="1"/>
						<line number="2103" hits="1" branch="true" condition-coverage="100% (2/2)"/>
						<line number="2104" hits="1"/>
						<line number="2107" hits="1" branch="true" condition-coverage="66% (2/3)" missing-branches="2087"/>
						<line number="2108" hits="1"/>
						<line number="2110" hits="1"/>
						<line number="2113" hits="1"/>
						<line number="2114" hits="1"/>
						<line number="2116" hits="0"/>
						<line number="2119" hits="1"/>
						<line number="2122" hits="1"/>
						<line number="2125" hits="1"/>
						<line number="2127" hits="1"/>
						<line number="2128" hits="1"/>
						<line number="2131" hits="1"/>
						<line number="2133" hits="1"/>
						<line number="2136" hits="1"/>
						<line number="2138" hits="1"/>
						<line number="2141" hits="1"/>
						<line number="2144" hits="1"/>
						<line number="2146" hits="1" branch="true" condition-coverage="100% (2/2)"/>
						<line number="2147" hits="1"/>
						<line number="2148" hits="1"/>
						<line number="2149" hits="1" branch="true" condition-coverage="100% (2/2)"/>
						<line number="2150" hits="1" branch="true" condition-coverage="100% (2/2)"/>
						<line number="2151" hits="1" branch="true" condition-coverage="50% (1/2)" missing-branches="2157"/>
						<line number="2152" hits="1"/>
						<line number="2153" hits="0"/>
						<line number="2155" hits="0"/>
						<line number="2157" hits="1" branch="true" condition-coverage="100% (2/2)"/>
						<line number="2158" hits="1"/>
						<line number="2161" hits="1"/>
						<line number="2163" hits="1"/>
						<line number="2164" hits="1" branch="true" condition-coverage="100% (2/2)"/>
						<line number="2167" hits="1"/>
						<line number="2170" hits="0"/>
						<line number="2171" hits="0" branch="true" condition-coverage="0% (0/2)" missing-branches="2172,2175"/>
						<line number="2172" hits="0"/>
						<line number="2173" hits="0"/>
						<line number="2175" hits="0"/>
						<line number="2176" hits="0" branch="true" condition-coverage="0% (0/2)" missing-branches="2177,2179"/>
						<line number="2177" hits="0"/>
						<line number="2178" hits="0"/>
						<line number="2179" hits="0"/>
						<line number="2182" hits="1"/>
						<line number="2183" hits="1"/>
						<line number="2184" hits="0"/>
						<line number="2187" hits="1"/>
						<line number="2188" hits="1"/>
						<line number="2190" hits="0" branch="true" condition-coverage="0% (0/2)" missing-branches="2191,2194"/>
						<line number="2191" hits="0"/>
						<line number="2192" hits="0"/>
						<line number="2194" hits="0"/>
						<line number="2195" hits="0"/>
						<line number="2196" hits="0" branch="true" condition-coverage="0% (0/2)" missing-branches="2197,2200"/>
						<line number="2197" hits="0"/>
						<line number="2198" hits="0"/>
						<line number="2200" hits="0"/>
						<line number="2201" hits="0" branch="true" condition-coverage="0% (0/2)" missing-branches="2202,2204"/>
						<line number="2202" hits="0"/>
						<line number="2204" hits="0"/>
						<line number="2205" hits="0" branch="true" condition-coverage="0% (0/2)" missing-branches="2207,2212"/>
						<line number="2207" hits="0" branch="true" condition-coverage="0% (0/2)" missing-branches="2208,2209"/>
						<line number="2208" hits="0"/>
						<line number="2209" hits="0"/>
						<line number="2212" hits="0"/>
						<line number="2215" hits="1"/>
						<line number="2216" hits="1"/>
						<line number="2218" hits="0"/>
						<line number="2221" hits="1"/>
						<line number="2222" hits="1"/>
						<line number="2225" hits="1"/>
						<line number="2226" hits="1"/>
						<line number="2227" hits="0"/>
						<line number="2230" hits="1"/>
						<line number="2231" hits="1"/>
						<line number="2232" hits="0"/>
						<line number="2235" hits="1"/>
						<line number="2237" hits="1"/>
						<line number="2238" hits="1" branch="true" condition-coverage="100% (2/2)"/>
						<line number="2239" hits="1"/>
						<line number="2240" hits="1"/>
						<line number="2243" hits="1"/>
						<line number="2244" hits="1"/>
						<line number="2245" hits="1"/>
						<line number="2246" hits="1"/>
						<line number="2249" hits="1"/>
						<line number="2250" hits="1"/>
						<line number="2251" hits="1"/>
						<line number="2252" hits="1"/>
						<line number="2258" hits="1"/>
						<line number="2259" hits="1"/>
						<line number="2260" hits="0"/>
						<line number="2262" hits="1"/>
						<line number="2264" hits="1"/>
						<line number="2266" hits="1"/>
						<line number="2268" hits="1"/>
						<line number="2269" hits="1" branch="true" condition-coverage="100% (2/2)"/>
						<line number="2270" hits="1" branch="true" condition-coverage="50% (1/2)" missing-branches="2269"/>
						<line number="2271" hits="1"/>
						<line number="2272" hits="1"/>
						<line number="2275" hits="1"/>
						<line number="2279" hits="1"/>
						<line number="2280" hits="1"/>
						<line number="2281" hits="1"/>
						<line number="2282" hits="1"/>
						<line number="2283" hits="1"/>
						<line number="2284" hits="1"/>
						<line number="2285" hits="1"/>
						<line number="2286" hits="1"/>
						<line number="2287" hits="1"/>
						<line number="2288" hits="1"/>
						<line number="2289" hits="1"/>
						<line number="2292" hits="1"/>
						<line number="2293" hits="1"/>
						<line number="2294" hits="1"/>
						<line number="2295" hits="1"/>
						<line number="2297" hits="1"/>
						<line number="2298" hits="1"/>
						<line number="2299" hits="1"/>
						<line number="2302" hits="1" branch="true" condition-coverage="66% (2/3)" missing-branches="2303"/>
						<line number="2303" hits="0"/>
						<line number="2305" hits="1"/>
						<line number="2306" hits="0"/>
						<line number="2308" hits="1"/>
						<line number="2309" hits="0"/>
						<line number="2311" hits="1"/>
						<line number="2312" hits="1"/>
						<line number="2316" hits="1"/>
						<line number="2318" hits="1"/>
						<line number="2319" hits="0"/>
						<line number="2321" hits="1"/>
						<line number="2322" hits="0"/>
						<line number="2324" hits="1"/>
						<line number="2325" hits="0"/>
						<line number="2327" hits="1"/>
						<line number="2328" hits="0"/>
						<line number="2330" hits="1"/>
						<line number="2331" hits="0"/>
						<line number="2333" hits="1"/>
						<line number="2334" hits="0"/>
						<line number="2336" hits="1"/>
						<line number="2337" hits="1"/>
						<line number="2339" hits="1"/>
						<line number="2340" hits="1"/>
						<line number="2341" hits="0"/>
						<line number="2343" hits="1"/>
						<line number="2344" hits="1"/>
						<line number="2345" hits="1"/>
						<line number="2347" hits="1"/>
						<line number="2349" hits="1"/>
						<line number="2350" hits="1"/>
						<line number="2351" hits="1"/>
						<line number="2353" hits="1"/>
						<line number="2354" hits="1"/>
						<line number="2356" hits="1"/>
						<line number="2357" hits="1"/>
						<line number="2358" hits="1"/>
						<line number="2359" hits="1"/>
						<line number="2362" hits="1"/>
						<line number="2363" hits="1"/>
						<line number="2364" hits="1"/>
						<line number="2366" hits="1"/>
						<line number="2367" hits="1" branch="true" condition-coverage="100% (2/2)"/>
						<line number="2368" hits="1"/>
						<line number="2369" hits="1"/>
						<line number="2371" hits="1"/>
						<line number="2372" hits="1"/>
						<line number="2373" hits="0"/>
						<line number="2375" hits="1"/>
						<line number="2376" hits="1"/>
						<line number="2377" hits="1"/>
						<line number="2379" hits="1"/>
						<line number="2380" hits="1"/>
						<line number="2381" hits="1"/>
						<line number="2383" hits="1"/>
						<line number="2384" hits="1"/>
						<line number="2385" hits="0"/>
						<line number="2387" hits="1"/>
						<line number="2388" hits="1"/>
						<line number="2389" hits="1" branch="true" condition-coverage="50% (1/2)" missing-branches="2390"/>
						<line number="2390" hits="0"/>
						<line number="2391" hits="0" branch="true" condition-coverage="0% (0/2)" missing-branches="2392,2394"/>
						<line number="2392" hits="0"/>
						<line number="2394" hits="0"/>
						<line number="2395" hits="1"/>
						<line number="2397" hits="1"/>
						<line number="2398" hits="1"/>
						<line number="2399" hits="1" branch="true" condition-coverage="100% (2/2)"/>
						<line number="2400" hits="1"/>
						<line number="2401" hits="1" branch="true" condition-coverage="50% (1/2)" missing-branches="2403"/>
						<line number="2402" hits="1"/>
						<line number="2403" hits="0" branch="true" condition-coverage="0% (0/2)" missing-branches="2404,2406"/>
						<line number="2404" hits="0"/>
						<line number="2406" hits="0"/>
						<line number="2407" hits="1"/>
						<line number="2409" hits="1"/>
						<line number="2411" hits="1"/>
						<line number="2412" hits="1"/>
						<line number="2413" hits="1"/>
						<line number="2414" hits="1"/>
						<line number="2417" hits="1"/>
						<line number="2418" hits="1"/>
						<line number="2419" hits="1"/>
						<line number="2420" hits="1"/>
						<line number="2421" hits="1"/>
						<line number="2422" hits="1"/>
						<line number="2423" hits="1"/>
						<line number="2424" hits="1"/>
						<line number="2425" hits="1"/>
						<line number="2426" hits="1"/>
						<line number="2427" hits="1"/>
						<line number="2428" hits="1"/>
						<line number="2429" hits="1"/>
						<line number="2432" hits="1"/>
						<line number="2433" hits="1"/>
						<line number="2434" hits="1"/>
						<line number="2435" hits="1"/>
						<line number="2436" hits="1"/>
						<line number="2441" hits="1"/>
						<line number="2442" hits="1"/>
						<line number="2443" hits="1"/>
						<line number="2444" hits="1"/>
						<line number="2445" hits="1"/>
						<line number="2447" hits="1"/>
						<line number="2448" hits="1"/>
						<line number="2450" hits="1"/>
						<line number="2451" hits="1"/>
						<line number="2452" hits="0"/>
						<line number="2454" hits="1"/>
						<line number="2455" hits="0"/>
						<line number="2457" hits="1"/>
						<line number="2458" hits="0"/>
						<line number="2459" hits="0" branch="true" condition-coverage="0% (0/2)" missing-branches="2460,2461"/>
						<line number="2460" hits="0"/>
						<line number="2461" hits="0" branch="true" condition-coverage="0% (0/2)" missing-branches="2463,2464"/>
						<line number="2463" hits="0"/>
						<line number="2464" hits="0" branch="true" condition-coverage="0% (0/2)" missing-branches="2465,2466"/>
						<line number="2465" hits="0"/>
						<line number="2466" hits="0"/>
						<line number="2468" hits="1"/>
						<line number="2469" hits="1"/>
						<line number="2470" hits="0"/>
						<line number="2472" hits="1"/>
						<line number="2473" hits="1"/>
						<line number="2474" hits="0" branch="true" condition-coverage="0% (0/2)" missing-branches="2475,2476"/>
						<line number="2475" hits="0"/>
						<line number="2476" hits="0" branch="true" condition-coverage="0% (0/2)" missing-branches="2477,2479"/>
						<line number="2477" hits="0"/>
						<line number="2478" hits="0"/>
						<line number="2479" hits="0"/>
						<line number="2481" hits="1"/>
						<line number="2482" hits="0"/>
						<line number="2484" hits="1"/>
						<line number="2485" hits="0"/>
						<line number="2487" hits="0" branch="true" condition-coverage="0% (0/2)" missing-branches="2488,2490"/>
						<line number="2488" hits="0" branch="true" condition-coverage="0% (0/2)" missing-branches="2489,2495"/>
						<line number="2489" hits="0"/>
						<line number="2490" hits="0" branch="true" condition-coverage="0% (0/2)" missing-branches="2491,2494"/>
						<line number="2491" hits="0" branch="true" condition-coverage="0% (0/2)" missing-branches="2492,2495"/>
						<line number="2492" hits="0"/>
						<line number="2494" hits="0"/>
						<line number="2495" hits="0"/>
						<line number="2497" hits="0"/>
						<line number="2498" hits="0"/>
						<line number="2500" hits="0" branch="true" condition-coverage="0% (0/2)" missing-branches="2502,2505"/>
						<line number="2502" hits="0"/>
						<line number="2503" hits="0"/>
						<line number="2504" hits="0"/>
						<line number="2505" hits="0" branch="true" condition-coverage="0% (0/2)" missing-branches="2507,2510"/>
						<line number="2507" hits="0"/>
						<line number="2508" hits="0"/>
						<line number="2510" hits="0"/>
						<line number="2514" hits="0" branch="true" condition-coverage="0% (0/2)" missing-branches="2515,2518"/>
						<line number="2515" hits="0"/>
						<line number="2516" hits="0"/>
						<line number="2518" hits="0"/>
						<line number="2520" hits="0" branch="true" condition-coverage="0% (0/2)" missing-branches="2521,2523"/>
						<line number="2521" hits="0" branch="true" condition-coverage="0% (0/2)" missing-branches="2522,2538"/>
						<line number="2522" hits="0"/>
						<line number="2523" hits="0" branch="true" condition-coverage="0% (0/2)" missing-branches="2524,2526"/>
						<line number="2524" hits="0" branch="true" condition-coverage="0% (0/2)" missing-branches="2525,2538"/>
						<line number="2525" hits="0"/>
						<line number="2526" hits="0" branch="true" condition-coverage="0% (0/2)" missing-branches="2527,2529"/>
						<line number="2527" hits="0" branch="true" condition-coverage="0% (0/2)" missing-branches="2528,2538"/>
						<line number="2528" hits="0"/>
						<line number="2529" hits="0" branch="true" condition-coverage="0% (0/2)" missing-branches="2530,2532"/>
						<line number="2530" hits="0" branch="true" condition-coverage="0% (0/2)" missing-branches="2531,2538"/>
						<line number="2531" hits="0"/>
						<line number="2532" hits="0" branch="true" condition-coverage="0% (0/2)" missing-branches="2533,2536"/>
						<line number="2533" hits="0" branch="true" condition-coverage="0% (0/2)" missing-branches="2534,2538"/>
						<line number="2534" hits="0"/>
						<line number="2536" hits="0"/>
						<line number="2538" hits="0"/>
						<line number="2540" hits="1"/>
						<line number="2541" hits="0"/>
						<line number="2542" hits="0" branch="true" condition-coverage="0% (0/2)" missing-branches="2543,2545"/>
						<line number="2543" hits="0"/>
						<line number="2545" hits="0"/>
						<line number="2546" hits="0" branch="true" condition-coverage="0% (0/2)" missing-branches="2547,2548"/>
						<line number="2547" hits="0"/>
						<line number="2548" hits="0"/>
						<line number="2550" hits="1"/>
						<line number="2553" hits="0"/>
						<line number="2555" hits="1"/>
						<line number="2556" hits="1"/>
						<line number="2557" hits="1"/>
						<line number="2558" hits="1"/>
						<line number="2562" hits="1"/>
						<line number="2563" hits="1"/>
						<line number="2564" hits="1"/>
						<line number="2565" hits="1"/>
						<line number="2574" hits="1"/>
						<line number="2575" hits="1"/>
						<line number="2576" hits="1"/>
						<line number="2577" hits="1"/>
						<line number="2579" hits="1"/>
						<line number="2581" hits="0"/>
						<line number="2583" hits="1"/>
						<line number="2584" hits="1"/>
						<line number="2585" hits="0"/>
						<line number="2586" hits="0" branch="true" condition-coverage="0% (0/2)" missing-branches="2587,2588"/>
						<line number="2587" hits="0"/>
						<line number="2588" hits="0"/>
						<line number="2590" hits="1"/>
						<line number="2591" hits="1"/>
						<line number="2592" hits="0" branch="true" condition-coverage="0% (0/2)" missing-branches="2593,2594"/>
						<line number="2593" hits="0"/>
						<line number="2594" hits="0"/>
						<line number="2596" hits="1"/>
						<line number="2597" hits="1"/>
						<line number="2598" hits="0"/>
						<line number="2600" hits="1"/>
						<line number="2601" hits="1"/>
						<line number="2603" hits="0"/>
						<line number="2605" hits="1"/>
						<line number="2606" hits="1"/>
						<line number="2607" hits="0"/>
						<line number="2609" hits="1"/>
						<line number="2610" hits="0"/>
						<line number="2611" hits="0"/>
						<line number="2612" hits="0"/>
						<line number="2614" hits="1"/>
						<line number="2615" hits="0"/>
						<line number="2616" hits="0"/>
						<line number="2617" hits="0"/>
						<line number="2618" hits="0" branch="true" condition-coverage="0% (0/2)" missing-branches="2619,2620"/>
						<line number="2619" hits="0"/>
						<line number="2620" hits="0" branch="true" condition-coverage="0% (0/2)" missing-branches="2621,2622"/>
						<line number="2621" hits="0"/>
						<line number="2622" hits="0" branch="true" condition-coverage="0% (0/2)" missing-branches="2623,2624"/>
						<line number="2623" hits="0"/>
						<line number="2624" hits="0"/>
						<line number="2626" hits="1"/>
						<line number="2628" hits="0" branch="true" condition-coverage="0% (0/2)" missing-branches="2629,2631"/>
						<line number="2629" hits="0"/>
						<line number="2630" hits="0"/>
						<line number="2631" hits="0"/>
						<line number="2633" hits="1"/>
						<line number="2634" hits="0"/>
						<line number="2635" hits="0"/>
						<line number="2637" hits="1"/>
						<line number="2638" hits="0"/>
						<line number="2640" hits="0" branch="true" condition-coverage="0% (0/2)" missing-branches="exit,2641"/>
						<line number="2641" hits="0"/>
						<line number="2642" hits="0"/>
						<line number="2644" hits="0" branch="true" condition-coverage="0% (0/2)" missing-branches="2645,2668"/>
						<line number="2645" hits="0" branch="true" condition-coverage="0% (0/2)" missing-branches="2646,2668"/>
						<line number="2646" hits="0" branch="true" condition-coverage="0% (0/2)" missing-branches="2647,2648"/>
						<line number="2647" hits="0"/>
						<line number="2648" hits="0" branch="true" condition-coverage="0% (0/2)" missing-branches="2649,2651"/>
						<line number="2649" hits="0"/>
						<line number="2651" hits="0" branch="true" condition-coverage="0% (0/2)" missing-branches="2652,2654"/>
						<line number="2652" hits="0"/>
						<line number="2654" hits="0" branch="true" condition-coverage="0% (0/2)" missing-branches="2655,2656"/>
						<line number="2655" hits="0"/>
						<line number="2656" hits="0" branch="true" condition-coverage="0% (0/2)" missing-branches="2657,2668"/>
						<line number="2657" hits="0" branch="true" condition-coverage="0% (0/2)" missing-branches="2658,2668"/>
						<line number="2658" hits="0" branch="true" condition-coverage="0% (0/2)" missing-branches="2659,2660"/>
						<line number="2659" hits="0"/>
						<line number="2660" hits="0" branch="true" condition-coverage="0% (0/2)" missing-branches="2661,2662"/>
						<line number="2661" hits="0"/>
						<line number="2662" hits="0" branch="true" condition-coverage="0% (0/2)" missing-branches="2663,2664"/>
						<line number="2663" hits="0"/>
						<line number="2664" hits="0" branch="true" condition-coverage="0% (0/2)" missing-branches="2665,2666"/>
						<line number="2665" hits="0"/>
						<line number="2666" hits="0" branch="true" condition-coverage="0% (0/2)" missing-branches="2667,2668"/>
						<line number="2667" hits="0"/>
						<line number="2668" hits="0"/>
						<line number="2670" hits="1"/>
						<line number="2671" hits="0" branch="true" condition-coverage="0% (0/2)" missing-branches="2672,2678"/>
						<line number="2672" hits="0"/>
						<line number="2673" hits="0" branch="true" condition-coverage="0% (0/2)" missing-branches="2674,2675"/>
						<line number="2674" hits="0"/>
						<line number="2675" hits="0"/>
						<line number="2678" hits="0" branch="true" condition-coverage="0% (0/2)" missing-branches="2679,2686"/>
						<line number="2679" hits="0"/>
						<line number="2680" hits="0" branch="true" condition-coverage="0% (0/2)" missing-branches="2681,2682"/>
						<line number="2681" hits="0"/>
						<line number="2682" hits="0"/>
						<line number="2683" hits="0" branch="true" condition-coverage="0% (0/2)" missing-branches="2684,2685"/>
						<line number="2684" hits="0"/>
						<line number="2685" hits="0"/>
[...]
						<line number="10988" hits="1"/>
						<line number="10990" hits="1"/>
						<line number="10991" hits="1"/>
						<line number="10992" hits="1"/>
						<line number="10993" hits="1"/>
						<line number="10994" hits="1"/>
						<line number="10995" hits="1"/>
						<line number="10996" hits="1"/>
						<line number="10997" hits="1"/>
						<line number="10998" hits="1"/>
						<line number="10999" hits="1"/>
						<line number="11001" hits="1"/>
						<line number="11002" hits="0"/>
						<line number="11003" hits="0"/>
						<line number="11005" hits="1"/>
						<line number="11006" hits="0"/>
						<line number="11008" hits="1"/>
						<line number="11009" hits="1"/>
						<line number="11010" hits="1" branch="true" condition-coverage="100% (2/2)"/>
						<line number="11011" hits="1"/>
						<line number="11012" hits="1" branch="true" condition-coverage="50% (1/2)" missing-branches="11013"/>
						<line number="11013" hits="0"/>
						<line number="11014" hits="1" branch="true" condition-coverage="100% (2/2)"/>
						<line number="11015" hits="1"/>
						<line number="11016" hits="1"/>
						<line number="11017" hits="1" branch="true" condition-coverage="50% (1/2)" missing-branches="11018"/>
						<line number="11018" hits="0"/>
						<line number="11019" hits="0"/>
						<line number="11020" hits="1" branch="true" condition-coverage="100% (2/2)"/>
						<line number="11021" hits="1"/>
						<line number="11022" hits="1"/>
						<line number="11023" hits="1" branch="true" condition-coverage="100% (2/2)"/>
						<line number="11024" hits="1"/>
						<line number="11025" hits="1"/>
						<line number="11026" hits="1"/>
						<line number="11027" hits="1"/>
						<line number="11028" hits="1"/>
						<line number="11029" hits="1"/>
						<line number="11031" hits="1"/>
						<line number="11032" hits="1"/>
						<line number="11034" hits="1" branch="true" condition-coverage="100% (2/2)"/>
						<line number="11035" hits="1"/>
						<line number="11036" hits="1"/>
						<line number="11038" hits="1"/>
						<line number="11039" hits="1"/>
						<line number="11041" hits="1" branch="true" condition-coverage="100% (2/2)"/>
						<line number="11042" hits="1"/>
						<line number="11043" hits="1" branch="true" condition-coverage="100% (2/2)"/>
						<line number="11044" hits="1"/>
						<line number="11045" hits="1"/>
						<line number="11046" hits="1"/>
						<line number="11048" hits="1"/>
						<line number="11049" hits="1"/>
						<line number="11051" hits="1" branch="true" condition-coverage="100% (2/2)"/>
						<line number="11052" hits="1"/>
						<line number="11053" hits="1"/>
						<line number="11054" hits="1"/>
						<line number="11055" hits="1"/>
						<line number="11056" hits="1" branch="true" condition-coverage="100% (2/2)"/>
						<line number="11057" hits="1"/>
						<line number="11058" hits="1"/>
						<line number="11060" hits="1"/>
						<line number="11061" hits="1"/>
						<line number="11062" hits="1" branch="true" condition-coverage="100% (2/2)"/>
						<line number="11063" hits="1"/>
						<line number="11064" hits="1"/>
						<line number="11066" hits="1"/>
						<line number="11067" hits="1"/>
						<line number="11069" hits="1"/>
						<line number="11070" hits="1" branch="true" condition-coverage="100% (2/2)"/>
						<line number="11071" hits="1"/>
						<line number="11072" hits="1"/>
						<line number="11073" hits="1"/>
						<line number="11075" hits="1"/>
						<line number="11076" hits="1"/>
						<line number="11080" hits="1"/>
						<line number="11081" hits="1"/>
						<line number="11082" hits="1"/>
						<line number="11083" hits="1"/>
						<line number="11086" hits="1"/>
						<line number="11087" hits="1"/>
						<line number="11089" hits="1"/>
						<line number="11090" hits="1"/>
						<line number="11093" hits="1"/>
						<line number="11094" hits="1" branch="true" condition-coverage="100% (2/2)"/>
						<line number="11095" hits="1"/>
						<line number="11096" hits="1"/>
						<line number="11097" hits="1"/>
						<line number="11098" hits="1"/>
						<line number="11099" hits="1"/>
						<line number="11101" hits="1"/>
						<line number="11102" hits="1"/>
						<line number="11104" hits="1" branch="true" condition-coverage="100% (2/2)"/>
						<line number="11105" hits="1"/>
						<line number="11106" hits="1" branch="true" condition-coverage="100% (2/2)"/>
						<line number="11107" hits="1" branch="true" condition-coverage="100% (2/2)"/>
						<line number="11108" hits="1"/>
						<line number="11110" hits="1"/>
						<line number="11111" hits="1"/>
						<line number="11113" hits="1"/>
						<line number="11114" hits="1"/>
						<line number="11116" hits="1" branch="true" condition-coverage="100% (2/2)"/>
						<line number="11117" hits="1"/>
						<line number="11118" hits="1" branch="true" condition-coverage="100% (2/2)"/>
						<line number="11119" hits="1"/>
						<line number="11120" hits="1"/>
						<line number="11123" hits="1"/>
						<line number="11127" hits="1"/>
						<line number="11128" hits="1"/>
						<line number="11129" hits="1"/>
						<line number="11130" hits="1"/>
						<line number="11132" hits="1"/>
						<line number="11133" hits="1"/>
						<line number="11135" hits="1"/>
						<line number="11136" hits="0"/>
						<line number="11138" hits="1"/>
						<line number="11139" hits="0" branch="true" condition-coverage="0% (0/2)" missing-branches="11140,11141"/>
						<line number="11140" hits="0"/>
						<line number="11141" hits="0" branch="true" condition-coverage="0% (0/2)" missing-branches="11142,11143"/>
						<line number="11142" hits="0"/>
						<line number="11143" hits="0" branch="true" condition-coverage="0% (0/2)" missing-branches="11144,11145"/>
						<line number="11144" hits="0"/>
						<line number="11145" hits="0"/>
						<line number="11147" hits="1"/>
						<line number="11148" hits="1"/>
						<line number="11149" hits="1"/>
						<line number="11150" hits="1"/>
						<line number="11151" hits="1"/>
						<line number="11152" hits="1"/>
						<line number="11153" hits="1"/>
						<line number="11155" hits="1" branch="true" condition-coverage="100% (2/2)"/>
						<line number="11156" hits="1"/>
						<line number="11157" hits="1" branch="true" condition-coverage="50% (1/2)" missing-branches="11158"/>
						<line number="11158" hits="0"/>
						<line number="11160" hits="1"/>
						<line number="11162" hits="1"/>
						<line number="11163" hits="1"/>
						<line number="11164" hits="1"/>
						<line number="11165" hits="1"/>
						<line number="11166" hits="1"/>
						<line number="11167" hits="0"/>
						<line number="11168" hits="0"/>
						<line number="11169" hits="1"/>
						<line number="11171" hits="1"/>
						<line number="11172" hits="1"/>
						<line number="11174" hits="1"/>
						<line number="11175" hits="0"/>
						<line number="11177" hits="1"/>
						<line number="11178" hits="1"/>
						<line number="11179" hits="1"/>
						<line number="11181" hits="1"/>
						<line number="11182" hits="1"/>
						<line number="11183" hits="1"/>
						<line number="11185" hits="1"/>
						<line number="11186" hits="1"/>
						<line number="11188" hits="1" branch="true" condition-coverage="100% (2/2)"/>
						<line number="11189" hits="1"/>
						<line number="11190" hits="1" branch="true" condition-coverage="50% (1/2)" missing-branches="11191"/>
						<line number="11191" hits="0"/>
						<line number="11192" hits="1"/>
						<line number="11193" hits="1" branch="true" condition-coverage="50% (1/2)" missing-branches="11194"/>
						<line number="11194" hits="0"/>
						<line number="11195" hits="1"/>
						<line number="11196" hits="1"/>
						<line number="11197" hits="1"/>
						<line number="11199" hits="1"/>
						<line number="11200" hits="1"/>
						<line number="11202" hits="1"/>
						<line number="11204" hits="1"/>
						<line number="11205" hits="1"/>
						<line number="11206" hits="1" branch="true" condition-coverage="100% (2/2)"/>
						<line number="11207" hits="1"/>
						<line number="11208" hits="1"/>
						<line number="11210" hits="1"/>
						<line number="11211" hits="1"/>
						<line number="11212" hits="1"/>
						<line number="11214" hits="1"/>
						<line number="11217" hits="1" branch="true" condition-coverage="100% (2/2)"/>
						<line number="11218" hits="1"/>
						<line number="11219" hits="1"/>
						<line number="11220" hits="1" branch="true" condition-coverage="50% (1/2)" missing-branches="11221"/>
						<line number="11221" hits="0"/>
						<line number="11222" hits="1"/>
						<line number="11223" hits="1"/>
						<line number="11224" hits="1"/>
						<line number="11225" hits="1"/>
						<line number="11227" hits="1"/>
						<line number="11230" hits="1"/>
						<line number="11231" hits="1"/>
						<line number="11232" hits="1"/>
						<line number="11233" hits="1"/>
						<line number="11235" hits="1"/>
						<line number="11237" hits="1"/>
						<line number="11240" hits="1"/>
						<line number="11241" hits="1"/>
						<line number="11242" hits="1"/>
						<line number="11243" hits="1" branch="true" condition-coverage="100% (2/2)"/>
						<line number="11244" hits="1"/>
						<line number="11245" hits="1"/>
						<line number="11246" hits="1"/>
						<line number="11247" hits="1" branch="true" condition-coverage="50% (1/2)" missing-branches="11248"/>
						<line number="11248" hits="0"/>
						<line number="11249" hits="1"/>
						<line number="11250" hits="1"/>
						<line number="11251" hits="1"/>
						<line number="11254" hits="1"/>
						<line number="11256" hits="1"/>
						<line number="11258" hits="1" branch="true" condition-coverage="100% (2/2)"/>
						<line number="11259" hits="1"/>
						<line number="11260" hits="1"/>
						<line number="11261" hits="1" branch="true" condition-coverage="50% (1/2)" missing-branches="11262"/>
						<line number="11262" hits="0"/>
						<line number="11263" hits="0"/>
						<line number="11264" hits="1" branch="true" condition-coverage="50% (1/2)" missing-branches="11268"/>
						<line number="11265" hits="1"/>
						<line number="11266" hits="1"/>
						<line number="11268" hits="0"/>
						<line number="11270" hits="1"/>
						<line number="11271" hits="1"/>
						<line number="11272" hits="1"/>
						<line number="11273" hits="1"/>
						<line number="11275" hits="1"/>
						<line number="11277" hits="1"/>
						<line number="11278" hits="1"/>
						<line number="11279" hits="1"/>
						<line number="11280" hits="1"/>
						<line number="11281" hits="1"/>
						<line number="11282" hits="1"/>
						<line number="11285" hits="1"/>
						<line number="11286" hits="1"/>
						<line number="11289" hits="1"/>
						<line number="11290" hits="1" branch="true" condition-coverage="50% (1/2)" missing-branches="11295"/>
						<line number="11291" hits="1" branch="true" condition-coverage="100% (2/2)"/>
						<line number="11292" hits="1"/>
						<line number="11295" hits="1"/>
						<line number="11296" hits="1" branch="true" condition-coverage="50% (1/2)" missing-branches="11301"/>
						<line number="11297" hits="1" branch="true" condition-coverage="100% (2/2)"/>
						<line number="11298" hits="1"/>
						<line number="11301" hits="1"/>
						<line number="11302" hits="1" branch="true" condition-coverage="50% (1/2)" missing-branches="11307"/>
						<line number="11303" hits="1" branch="true" condition-coverage="100% (2/2)"/>
						<line number="11304" hits="1"/>
						<line number="11305" hits="1"/>
						<line number="11306" hits="1"/>
						<line number="11307" hits="1"/>
						<line number="11309" hits="1"/>
						<line number="11311" hits="1"/>
						<line number="11312" hits="1" branch="true" condition-coverage="50% (1/2)" missing-branches="11313"/>
						<line number="11313" hits="0"/>
						<line number="11314" hits="0"/>
						<line number="11317" hits="1" branch="true" condition-coverage="100% (2/2)"/>
						<line number="11318" hits="1"/>
						<line number="11319" hits="1" branch="true" condition-coverage="50% (1/2)" missing-branches="11320"/>
						<line number="11320" hits="0"/>
						<line number="11321" hits="0"/>
						<line number="11323" hits="1"/>
						<line number="11325" hits="1"/>
						<line number="11330" hits="0"/>
						<line number="11331" hits="0"/>
						<line number="11333" hits="1"/>
						<line number="11334" hits="1"/>
						<line number="11335" hits="1" branch="true" condition-coverage="50% (1/2)" missing-branches="11336"/>
						<line number="11336" hits="0"/>
						<line number="11337" hits="1" branch="true" condition-coverage="100% (2/2)"/>
						<line number="11338" hits="1"/>
						<line number="11339" hits="1"/>
						<line number="11340" hits="1" branch="true" condition-coverage="100% (2/2)"/>
						<line number="11341" hits="1"/>
						<line number="11342" hits="1" branch="true" condition-coverage="50% (1/2)" missing-branches="11343"/>
						<line number="11343" hits="0"/>
						<line number="11344" hits="1"/>
						<line number="11347" hits="1"/>
						<line number="11349" hits="1"/>
						<line number="11350" hits="1"/>
						<line number="11351" hits="1"/>
						<line number="11352" hits="1"/>
						<line number="11353" hits="1"/>
						<line number="11354" hits="1"/>
						<line number="11355" hits="1"/>
						<line number="11356" hits="1"/>
						<line number="11359" hits="1"/>
						<line number="11361" hits="1"/>
						<line number="11362" hits="1"/>
						<line number="11364" hits="1"/>
						<line number="11365" hits="1"/>
						<line number="11366" hits="1"/>
						<line number="11367" hits="1"/>
						<line number="11368" hits="1"/>
						<line number="11370" hits="1"/>
						<line number="11371" hits="0"/>
						<line number="11373" hits="1"/>
						<line number="11374" hits="1"/>
						<line number="11375" hits="1" branch="true" condition-coverage="50% (1/2)" missing-branches="11376"/>
						<line number="11376" hits="0"/>
						<line number="11378" hits="1" branch="true" condition-coverage="100% (2/2)"/>
						<line number="11379" hits="1"/>
						<line number="11382" hits="1" branch="true" condition-coverage="50% (1/2)" missing-branches="11383"/>
						<line number="11383" hits="0" branch="true" condition-coverage="0% (0/2)" missing-branches="11384,11388"/>
						<line number="11384" hits="0" branch="true" condition-coverage="0% (0/2)" missing-branches="exit,11385"/>
						<line number="11385" hits="0"/>
						<line number="11386" hits="0"/>
						<line number="11388" hits="1"/>
						<line number="11390" hits="1"/>
						<line number="11391" hits="1"/>
						<line number="11392" hits="1"/>
						<line number="11394" hits="1" branch="true" condition-coverage="50% (1/2)" missing-branches="exit"/>
						<line number="11395" hits="1" branch="true" condition-coverage="50% (1/2)" missing-branches="11410"/>
						<line number="11397" hits="1"/>
						<line number="11398" hits="1" branch="true" condition-coverage="50% (1/2)" missing-branches="11399"/>
						<line number="11399" hits="0"/>
						<line number="11402" hits="1"/>
						<line number="11403" hits="1"/>
						<line number="11404" hits="1"/>
						<line number="11405" hits="1" branch="true" condition-coverage="100% (2/2)"/>
						<line number="11406" hits="1"/>
						<line number="11407" hits="0"/>
						<line number="11408" hits="0"/>
						<line number="11410" hits="0"/>
						<line number="11415" hits="1"/>
						<line number="11418" hits="1"/>
						<line number="11419" hits="1"/>
						<line number="11420" hits="1"/>
						<line number="11421" hits="1"/>
						<line number="11422" hits="1"/>
						<line number="11423" hits="1"/>
						<line number="11424" hits="1"/>
						<line number="11425" hits="1"/>
						<line number="11426" hits="1"/>
						<line number="11428" hits="1"/>
						<line number="11429" hits="1"/>
						<line number="11430" hits="1"/>
						<line number="11431" hits="1"/>
						<line number="11432" hits="1"/>
						<line number="11433" hits="1"/>
						<line number="11434" hits="1"/>
						<line number="11436" hits="1"/>
						<line number="11437" hits="0"/>
						<line number="11439" hits="1"/>
						<line number="11441" hits="1"/>
						<line number="11442" hits="1"/>
						<line number="11443" hits="1"/>
						<line number="11444" hits="1"/>
						<line number="11446" hits="1"/>
						<line number="11448" hits="1"/>
						<line number="11449" hits="1"/>
						<line number="11450" hits="1"/>
						<line number="11451" hits="1"/>
						<line number="11452" hits="1"/>
						<line number="11454" hits="1"/>
						<line number="11457" hits="1" branch="true" condition-coverage="100% (2/2)"/>
						<line number="11458" hits="1"/>
						<line number="11459" hits="1"/>
						<line number="11462" hits="1"/>
						<line number="11463" hits="1" branch="true" condition-coverage="100% (2/2)"/>
						<line number="11464" hits="1"/>
						<line number="11466" hits="1"/>
						<line number="11467" hits="1" branch="true" condition-coverage="50% (1/2)" missing-branches="11468"/>
						<line number="11468" hits="0"/>
						<line number="11470" hits="1" branch="true" condition-coverage="50% (1/2)" missing-branches="exit"/>
						<line number="11471" hits="1" branch="true" condition-coverage="50% (1/2)" missing-branches="11472"/>
						<line number="11472" hits="0"/>
						<line number="11473" hits="0"/>
						<line number="11474" hits="0"/>
						<line number="11476" hits="1" branch="true" condition-coverage="50% (1/2)" missing-branches="11477"/>
						<line number="11477" hits="0"/>
						<line number="11480" hits="0"/>
						<line number="11482" hits="1"/>
						<line number="11483" hits="1"/>
						<line number="11484" hits="0"/>
						<line number="11485" hits="0"/>
						<line number="11486" hits="0"/>
						<line number="11487" hits="0"/>
						<line number="11488" hits="0"/>
						<line number="11489" hits="1"/>
						<line number="11490" hits="1"/>
						<line number="11496" hits="1"/>
						<line number="11497" hits="1"/>
						<line number="11498" hits="1" branch="true" condition-coverage="50% (1/2)" missing-branches="11499"/>
						<line number="11499" hits="0"/>
						<line number="11501" hits="0"/>
						<line number="11504" hits="1"/>
						<line number="11516" hits="1" branch="true" condition-coverage="100% (2/2)"/>
						<line number="11517" hits="1"/>
						<line number="11518" hits="1"/>
						<line number="11519" hits="0"/>
						<line number="11520" hits="0"/>
						<line number="11523" hits="1"/>
						<line number="11524" hits="1"/>
						<line number="11525" hits="1"/>
						<line number="11526" hits="1"/>
						<line number="11527" hits="1"/>
						<line number="11530" hits="1"/>
						<line number="11533" hits="1"/>
						<line number="11536" hits="1"/>
						<line number="11537" hits="1"/>
						<line number="11538" hits="1"/>
						<line number="11539" hits="1"/>
						<line number="11540" hits="1"/>
						<line number="11541" hits="1"/>
						<line number="11543" hits="1"/>
						<line number="11544" hits="1" branch="true" condition-coverage="50% (1/2)" missing-branches="11548"/>
						<line number="11546" hits="1"/>
						<line number="11548" hits="1"/>
						<line number="11550" hits="1" branch="true" condition-coverage="50% (1/2)" missing-branches="11578"/>
						<line number="11551" hits="1"/>
						<line number="11553" hits="1" branch="true" condition-coverage="50% (1/2)" missing-branches="11570"/>
						<line number="11554" hits="1"/>
						<line number="11558" hits="1"/>
						<line number="11567" hits="1"/>
						<line number="11568" hits="1"/>
						<line number="11570" hits="0"/>
						<line number="11573" hits="0"/>
						<line number="11574" hits="0"/>
						<line number="11575" hits="0"/>
						<line number="11578" hits="1"/>
						<line number="11579" hits="1" branch="true" condition-coverage="50% (1/2)" missing-branches="11580"/>
						<line number="11580" hits="0"/>
						<line number="11584" hits="1"/>
					</lines>
				</class>
			</classes>
		</package>
	</packages>
</coverage>
